Using pre-set license
Built from '2022.3/staging' branch; Version is '2022.3.10f1 (ff3792e53c62) revision 16725906'; Using compiler version '192829333'; Build Type 'Release'
OS: 'Windows 11  (10.0.22631) 64bit Core' Language: 'pt' Physical Memory: 32560 MB
BatchMode: 1, IsHumanControllingUs: 0, StartBugReporterOnCrash: 0, Is64bit: 1, IsPro: 1

COMMAND LINE ARGUMENTS:
C:\Program Files\2022.3.10f1\Editor\Unity.exe
-adb2
-batchMode
-noUpm
-name
AssetImportWorker10
-projectPath
C:/Users/Eric/Documents/GitHub/InkweaverV2
-logFile
Logs/AssetImportWorker10.log
-srvPort
65302
Successfully changed project path to: C:/Users/Eric/Documents/GitHub/InkweaverV2
C:/Users/Eric/Documents/GitHub/InkweaverV2
[UnityMemory] Configuration Parameters - Can be set up in boot.config
    "memorysetup-bucket-allocator-granularity=16"
    "memorysetup-bucket-allocator-bucket-count=8"
    "memorysetup-bucket-allocator-block-size=33554432"
    "memorysetup-bucket-allocator-block-count=8"
    "memorysetup-main-allocator-block-size=16777216"
    "memorysetup-thread-allocator-block-size=16777216"
    "memorysetup-gfx-main-allocator-block-size=16777216"
    "memorysetup-gfx-thread-allocator-block-size=16777216"
    "memorysetup-cache-allocator-block-size=4194304"
    "memorysetup-typetree-allocator-block-size=2097152"
    "memorysetup-profiler-bucket-allocator-granularity=16"
    "memorysetup-profiler-bucket-allocator-bucket-count=8"
    "memorysetup-profiler-bucket-allocator-block-size=33554432"
    "memorysetup-profiler-bucket-allocator-block-count=8"
    "memorysetup-profiler-allocator-block-size=16777216"
    "memorysetup-profiler-editor-allocator-block-size=1048576"
    "memorysetup-temp-allocator-size-main=16777216"
    "memorysetup-job-temp-allocator-block-size=2097152"
    "memorysetup-job-temp-allocator-block-size-background=1048576"
    "memorysetup-job-temp-allocator-reduction-small-platforms=262144"
    "memorysetup-allocator-temp-initial-block-size-main=262144"
    "memorysetup-allocator-temp-initial-block-size-worker=262144"
    "memorysetup-temp-allocator-size-background-worker=32768"
    "memorysetup-temp-allocator-size-job-worker=262144"
    "memorysetup-temp-allocator-size-preload-manager=33554432"
    "memorysetup-temp-allocator-size-nav-mesh-worker=65536"
    "memorysetup-temp-allocator-size-audio-worker=65536"
    "memorysetup-temp-allocator-size-cloud-worker=32768"
    "memorysetup-temp-allocator-size-gi-baking-worker=262144"
    "memorysetup-temp-allocator-size-gfx=262144"
Player connection [23540] Host "[IP] 192.168.0.106 [Port] 0 [Flags] 2 [Guid] 2541360393 [EditorId] 2541360393 [Version] 1048832 [Id] WindowsEditor(7,Kito) [Debug] 1 [PackageName] WindowsEditor [ProjectName] Editor" joined multi-casting on [225.0.0.222:54997]...

Player connection [23540] Host "[IP] 192.168.0.106 [Port] 0 [Flags] 2 [Guid] 2541360393 [EditorId] 2541360393 [Version] 1048832 [Id] WindowsEditor(7,Kito) [Debug] 1 [PackageName] WindowsEditor [ProjectName] Editor" joined alternative multi-casting on [225.0.0.222:34997]...

[Physics::Module] Initialized MultithreadedJobDispatcher with 15 workers.
Refreshing native plugins compatible for Editor in 15.76 ms, found 4 plugins.
Preloading 0 native plugins for Editor in 0.00 ms.
Initialize engine version: 2022.3.10f1 (ff3792e53c62)
[Subsystems] Discovering subsystems at path C:/Program Files/2022.3.10f1/Editor/Data/Resources/UnitySubsystems
[Subsystems] Discovering subsystems at path C:/Users/Eric/Documents/GitHub/InkweaverV2/Assets
GfxDevice: creating device client; threaded=0; jobified=0
Direct3D:
    Version:  Direct3D 11.0 [level 11.1]
    Renderer: AMD Radeon RX 6600 (ID=0x73ff)
    Vendor:   ATI
    VRAM:     8147 MB
    Driver:   31.0.24031.5001
Initialize mono
Mono path[0] = 'C:/Program Files/2022.3.10f1/Editor/Data/Managed'
Mono path[1] = 'C:/Program Files/2022.3.10f1/Editor/Data/MonoBleedingEdge/lib/mono/unityjit-win32'
Mono config path = 'C:/Program Files/2022.3.10f1/Editor/Data/MonoBleedingEdge/etc'
Using monoOptions --debugger-agent=transport=dt_socket,embedding=1,server=y,suspend=n,address=127.0.0.1:56832
Begin MonoManager ReloadAssembly
Registering precompiled unity dll's ...
Register platform support module: C:/Program Files/2022.3.10f1/Editor/Data/PlaybackEngines/WindowsStandaloneSupport/UnityEditor.WindowsStandalone.Extensions.dll
Registered in 0.007281 seconds.
- Loaded All Assemblies, in  0.503 seconds
Native extension for WindowsStandalone target not found
Mono: successfully reloaded assembly
- Finished resetting the current domain, in  0.381 seconds
Domain Reload Profiling: 881ms
	BeginReloadAssembly (157ms)
		ExecutionOrderSort (0ms)
		DisableScriptedObjects (0ms)
		BackupInstance (0ms)
		ReleaseScriptingObjects (0ms)
		CreateAndSetChildDomain (2ms)
	RebuildCommonClasses (51ms)
	RebuildNativeTypeToScriptingClass (16ms)
	initialDomainReloadingComplete (79ms)
	LoadAllAssembliesAndSetupDomain (197ms)
		LoadAssemblies (152ms)
		RebuildTransferFunctionScriptingTraits (0ms)
		AnalyzeDomain (195ms)
			TypeCache.Refresh (192ms)
				TypeCache.ScanAssembly (174ms)
			ScanForSourceGeneratedMonoScriptInfo (1ms)
			ResolveRequiredComponents (1ms)
	FinalizeReload (381ms)
		ReleaseScriptCaches (0ms)
		RebuildScriptCaches (0ms)
		SetupLoadedEditorAssemblies (293ms)
			LogAssemblyErrors (0ms)
			InitializePlatformSupportModulesInManaged (13ms)
			SetLoadedEditorAssemblies (12ms)
			RefreshPlugins (0ms)
			BeforeProcessingInitializeOnLoad (3ms)
			ProcessInitializeOnLoadAttributes (195ms)
			ProcessInitializeOnLoadMethodAttributes (70ms)
			AfterProcessingInitializeOnLoad (0ms)
			EditorAssembliesLoaded (0ms)
		ExecutionOrderSort2 (0ms)
		AwakeInstancesAfterBackupRestoration (0ms)
========================================================================
Worker process is ready to serve import requests
Begin MonoManager ReloadAssembly
- Loaded All Assemblies, in  1.569 seconds
Refreshing native plugins compatible for Editor in 7.73 ms, found 4 plugins.
Native extension for WindowsStandalone target not found
Package Manager log level set to [2]
[Package Manager] Server::EnsureServerProcessIsRunning -- launch failed, reason: Unity was launched with the -noUpm command-line argument
[Package Manager] UpmClient::Send -- Unable to send message (not connected to UPM process).
[Package Manager] Cannot connect to Unity Package Manager local server
Mono: successfully reloaded assembly
- Finished resetting the current domain, in  1.214 seconds
Domain Reload Profiling: 2773ms
	BeginReloadAssembly (266ms)
		ExecutionOrderSort (0ms)
		DisableScriptedObjects (9ms)
		BackupInstance (0ms)
		ReleaseScriptingObjects (0ms)
		CreateAndSetChildDomain (46ms)
	RebuildCommonClasses (63ms)
	RebuildNativeTypeToScriptingClass (20ms)
	initialDomainReloadingComplete (98ms)
	LoadAllAssembliesAndSetupDomain (1113ms)
		LoadAssemblies (737ms)
		RebuildTransferFunctionScriptingTraits (0ms)
		AnalyzeDomain (526ms)
			TypeCache.Refresh (456ms)
				TypeCache.ScanAssembly (428ms)
			ScanForSourceGeneratedMonoScriptInfo (50ms)
			ResolveRequiredComponents (18ms)
	FinalizeReload (1214ms)
		ReleaseScriptCaches (0ms)
		RebuildScriptCaches (0ms)
		SetupLoadedEditorAssemblies (898ms)
			LogAssemblyErrors (0ms)
			InitializePlatformSupportModulesInManaged (8ms)
			SetLoadedEditorAssemblies (5ms)
			RefreshPlugins (0ms)
			BeforeProcessingInitializeOnLoad (146ms)
			ProcessInitializeOnLoadAttributes (590ms)
			ProcessInitializeOnLoadMethodAttributes (141ms)
			AfterProcessingInitializeOnLoad (8ms)
			EditorAssembliesLoaded (0ms)
		ExecutionOrderSort2 (0ms)
		AwakeInstancesAfterBackupRestoration (9ms)
Launched and connected shader compiler UnityShaderCompiler.exe after 0.09 seconds
Refreshing native plugins compatible for Editor in 7.19 ms, found 4 plugins.
Preloading 0 native plugins for Editor in 0.00 ms.
Unloading 5905 Unused Serialized files (Serialized files now loaded: 0)
Unloading 85 unused Assets / (352.4 KB). Loaded Objects now: 6379.
Memory consumption went from 223.1 MB to 222.7 MB.
Total: 9.138600 ms (FindLiveObjects: 1.008600 ms CreateObjectMapping: 0.727800 ms MarkObjects: 6.784200 ms  DeleteObjects: 0.616500 ms)

AssetImportParameters requested are different than current active one (requested -> active):
  custom:container-demuxer-ogg: 62fdf1f143b41e24485cea50d1cbac27 -> 
  custom:video-decoder-ogg-theora: a1e56fd34408186e4bbccfd4996cb3dc -> 
  custom:framework-win-MediaFoundation: 216162199b28c13a410421893ffa2e32 -> 
  custom:CustomObjectIndexerAttribute: a3ef5dd2817f97addfee359851a9dba5 -> 
  custom:container-demuxer-webm: 4f35f7cbe854078d1ac9338744f61a02 -> 
  custom:container-muxer-webm: aa71ff27fc2769a1b78a27578f13a17b -> 
  custom:video-decoder-webm-vp8: 9c59270c3fd7afecdb556c50c9e8de78 -> 
  custom:SearchIndexIgnoredProperties: e643bd26f0fe6173181afceb89e7c659 -> 
  custom:AudioImporter_EditorPlatform: d09bf68614088b80899f8185d706f6e7 -> 
  custom:video-encoder-webm-vp8: eb34c28f22e8b96e1ab97ce403110664 -> 
  custom:audio-decoder-ogg-vorbis: bf7c407c2cedff20999df2af8eb42d56 -> 
  custom:audio-encoder-webm-vorbis: bf7c407c2cedff20999df2af8eb42d56 -> 
========================================================================
Received Import Request.
  Time since last request: 1771092.473234 seconds.
  path: Assets/Animations/Brush TIp/BrushTipDeathAnim.anim
  artifactKey: Guid(11e21a9cc71aea74499f08d40933de76) Importer(2089858483,0ecaa5967403d082aa24f35e1b516d23)
Start importing Assets/Animations/Brush TIp/BrushTipDeathAnim.anim using Guid(11e21a9cc71aea74499f08d40933de76) Importer(2089858483,0ecaa5967403d082aa24f35e1b516d23) Generated GUIDs only implemented for interfaces!
 -> (artifact id: 'f5fb1f7385b9ca73f06e98479782391d') in 0.388997 seconds
Number of updated asset objects reloaded before import = 0
Number of asset objects unloaded after import = 1
========================================================================
Received Import Request.
  Time since last request: 0.000066 seconds.
  path: Assets/Materials/textures/EKeySketch.png
  artifactKey: Guid(22b044068d4a1914499a2f12d6cd6cd5) Importer(2089858483,0ecaa5967403d082aa24f35e1b516d23)
Start importing Assets/Materials/textures/EKeySketch.png using Guid(22b044068d4a1914499a2f12d6cd6cd5) Importer(2089858483,0ecaa5967403d082aa24f35e1b516d23) Generated GUIDs only implemented for interfaces!
 -> (artifact id: 'f40dd2d193220b950e0686c549a499af') in 0.111606 seconds
Number of updated asset objects reloaded before import = 0
Number of asset objects unloaded after import = 1
========================================================================
Received Import Request.
  Time since last request: 0.000025 seconds.
  path: Assets/Materials/Tutorial/SpikesSketch.mat
  artifactKey: Guid(f87e3081267870d48999141220b6397a) Importer(2089858483,0ecaa5967403d082aa24f35e1b516d23)
Start importing Assets/Materials/Tutorial/SpikesSketch.mat using Guid(f87e3081267870d48999141220b6397a) Importer(2089858483,0ecaa5967403d082aa24f35e1b516d23) Generated GUIDs only implemented for interfaces!
 -> (artifact id: '187109a5682b0787df5776dc50008e8c') in 0.046554 seconds
Number of updated asset objects reloaded before import = 0
Number of asset objects unloaded after import = 2
========================================================================
Received Import Request.
  Time since last request: 0.000026 seconds.
  path: Assets/prefabs/Bullet_Prefab.prefab
  artifactKey: Guid(88673e14e53acd8498005ffc475e9e30) Importer(2089858483,3d70f49cd1c2eb9ae422958d1c652c6b)
Start importing Assets/prefabs/Bullet_Prefab.prefab using Guid(88673e14e53acd8498005ffc475e9e30) Importer(2089858483,3d70f49cd1c2eb9ae422958d1c652c6b) Generated GUIDs only implemented for interfaces!
 -> (artifact id: '57e3bfb40bcac46aeca002e1b6b84468') in 0.045263 seconds
Number of updated asset objects reloaded before import = 0
Number of asset objects unloaded after import = 13
========================================================================
Received Import Request.
  Time since last request: 0.000039 seconds.
  path: Assets/Animations/Brush TIp/BrushTipColorBurstAnim.anim
  artifactKey: Guid(2a24cc0654c3611428fe5338287d27c6) Importer(2089858483,0ecaa5967403d082aa24f35e1b516d23)
Start importing Assets/Animations/Brush TIp/BrushTipColorBurstAnim.anim using Guid(2a24cc0654c3611428fe5338287d27c6) Importer(2089858483,0ecaa5967403d082aa24f35e1b516d23) Generated GUIDs only implemented for interfaces!
 -> (artifact id: '970613882ad8142467f57adf971d9806') in 0.028126 seconds
Number of updated asset objects reloaded before import = 0
Number of asset objects unloaded after import = 1
========================================================================
Received Import Request.
  Time since last request: 0.000038 seconds.
  path: Assets/Materials/Tutorial/LKeySketch.mat
  artifactKey: Guid(809342c10ad99bd41b1d59e278fa2aa7) Importer(2089858483,0ecaa5967403d082aa24f35e1b516d23)
Start importing Assets/Materials/Tutorial/LKeySketch.mat using Guid(809342c10ad99bd41b1d59e278fa2aa7) Importer(2089858483,0ecaa5967403d082aa24f35e1b516d23) Generated GUIDs only implemented for interfaces!
 -> (artifact id: 'da3a7ad84b32155402d6408253185a8b') in 0.024161 seconds
Number of updated asset objects reloaded before import = 0
Number of asset objects unloaded after import = 2
========================================================================
Received Import Request.
  Time since last request: 0.000039 seconds.
  path: Assets/prefabs/Minion_Prefab.prefab
  artifactKey: Guid(3cc4b71348e7aac45b8546f527b3b17e) Importer(2089858483,0ecaa5967403d082aa24f35e1b516d23)
Start importing Assets/prefabs/Minion_Prefab.prefab using Guid(3cc4b71348e7aac45b8546f527b3b17e) Importer(2089858483,0ecaa5967403d082aa24f35e1b516d23) Generated GUIDs only implemented for interfaces!
 -> (artifact id: 'be162544b1c22cd7c6f8ee86cd9b105d') in 0.053477 seconds
Number of updated asset objects reloaded before import = 0
Number of asset objects unloaded after import = 19
========================================================================
Received Import Request.
  Time since last request: 0.000368 seconds.
  path: Assets/Animations/Player/LightAttack2.anim
  artifactKey: Guid(e15252597a1a40643b9f448d9256e7bf) Importer(2089858483,0ecaa5967403d082aa24f35e1b516d23)
Start importing Assets/Animations/Player/LightAttack2.anim using Guid(e15252597a1a40643b9f448d9256e7bf) Importer(2089858483,0ecaa5967403d082aa24f35e1b516d23) Generated GUIDs only implemented for interfaces!
 -> (artifact id: '6db1a4c1ed51d6f25b409f693de3b8ef') in 0.024691 seconds
Number of updated asset objects reloaded before import = 0
Number of asset objects unloaded after import = 1
========================================================================
Received Import Request.
  Time since last request: 0.000029 seconds.
  path: Assets/Materials/textures/InkPassiveTutorialSketch.png
  artifactKey: Guid(d22da553ada18ec4ab132e912ae80145) Importer(2089858483,0ecaa5967403d082aa24f35e1b516d23)
Start importing Assets/Materials/textures/InkPassiveTutorialSketch.png using Guid(d22da553ada18ec4ab132e912ae80145) Importer(2089858483,0ecaa5967403d082aa24f35e1b516d23) Generated GUIDs only implemented for interfaces!
 -> (artifact id: '2cb6a5e37e256ead5fdf9d38efd509ae') in 0.040473 seconds
Number of updated asset objects reloaded before import = 0
Number of asset objects unloaded after import = 1
========================================================================
Received Import Request.
  Time since last request: 0.000027 seconds.
  path: Assets/Animations/Placeholder/Player/ChargingHeavyAttackPlaceholder.anim
  artifactKey: Guid(65f1834ffbb59494fae617e859b46881) Importer(2089858483,0ecaa5967403d082aa24f35e1b516d23)
Start importing Assets/Animations/Placeholder/Player/ChargingHeavyAttackPlaceholder.anim using Guid(65f1834ffbb59494fae617e859b46881) Importer(2089858483,0ecaa5967403d082aa24f35e1b516d23) Generated GUIDs only implemented for interfaces!
 -> (artifact id: '7e0b9b2fd242c91e7d03217cc6b82d18') in 0.021045 seconds
Number of updated asset objects reloaded before import = 0
Number of asset objects unloaded after import = 1
========================================================================
Received Import Request.
  Time since last request: 0.000032 seconds.
  path: Assets/Animations/Enemy/Bull/BullRush.anim
  artifactKey: Guid(3dde51f32aa71a94d9c11450b88a0222) Importer(2089858483,0ecaa5967403d082aa24f35e1b516d23)
Start importing Assets/Animations/Enemy/Bull/BullRush.anim using Guid(3dde51f32aa71a94d9c11450b88a0222) Importer(2089858483,0ecaa5967403d082aa24f35e1b516d23) Generated GUIDs only implemented for interfaces!
 -> (artifact id: 'd14b29de597525582810cdc99d8b859d') in 0.027887 seconds
Number of updated asset objects reloaded before import = 0
Number of asset objects unloaded after import = 1
========================================================================
Received Import Request.
  Time since last request: 0.000040 seconds.
  path: Assets/Stages/Stage1/Stage1_Segment7.unity
  artifactKey: Guid(d5ef13b01ff421e468853b93848f1817) Importer(2089858483,0ecaa5967403d082aa24f35e1b516d23)
Start importing Assets/Stages/Stage1/Stage1_Segment7.unity using Guid(d5ef13b01ff421e468853b93848f1817) Importer(2089858483,0ecaa5967403d082aa24f35e1b516d23) Generated GUIDs only implemented for interfaces!
 -> (artifact id: 'c7affaa5d0b4764a07a464810fcba1ca') in 0.019676 seconds
Number of updated asset objects reloaded before import = 0
Number of asset objects unloaded after import = 1
========================================================================
Received Import Request.
  Time since last request: 0.000027 seconds.
  path: Assets/TextMesh Pro/Shaders/TMPro_Properties.cginc
  artifactKey: Guid(3997e2241185407d80309a82f9148466) Importer(2089858483,0ecaa5967403d082aa24f35e1b516d23)
Start importing Assets/TextMesh Pro/Shaders/TMPro_Properties.cginc using Guid(3997e2241185407d80309a82f9148466) Importer(2089858483,0ecaa5967403d082aa24f35e1b516d23) Generated GUIDs only implemented for interfaces!
 -> (artifact id: 'f3d964d87e791e20610f3f44a829e07a') in 0.026188 seconds
Number of updated asset objects reloaded before import = 0
Number of asset objects unloaded after import = 1
========================================================================
Received Import Request.
  Time since last request: 0.000515 seconds.
  path: Assets/TextMesh Pro/Shaders/TMPro.cginc
  artifactKey: Guid(407bc68d299748449bbf7f48ee690f8d) Importer(2089858483,0ecaa5967403d082aa24f35e1b516d23)
Start importing Assets/TextMesh Pro/Shaders/TMPro.cginc using Guid(407bc68d299748449bbf7f48ee690f8d) Importer(2089858483,0ecaa5967403d082aa24f35e1b516d23) Generated GUIDs only implemented for interfaces!
 -> (artifact id: '3d65c2a73e88e65086bdad13e8d23bcf') in 0.025547 seconds
Number of updated asset objects reloaded before import = 0
Number of asset objects unloaded after import = 1
========================================================================
Received Import Request.
  Time since last request: 0.000025 seconds.
  path: Assets/Animations/Placeholder/Player/HeavyAttackReleasePlaceholder.anim
  artifactKey: Guid(e33da1ec6e329c040b279ade969fbdd0) Importer(2089858483,0ecaa5967403d082aa24f35e1b516d23)
Start importing Assets/Animations/Placeholder/Player/HeavyAttackReleasePlaceholder.anim using Guid(e33da1ec6e329c040b279ade969fbdd0) Importer(2089858483,0ecaa5967403d082aa24f35e1b516d23) Generated GUIDs only implemented for interfaces!
 -> (artifact id: '23f253db3b6f8b3341379d65c8100dbb') in 0.021024 seconds
Number of updated asset objects reloaded before import = 0
Number of asset objects unloaded after import = 1
========================================================================
Received Import Request.
  Time since last request: 0.000029 seconds.
  path: Assets/Animations/Placeholder/Player/LightAttack3Placeholder.anim
  artifactKey: Guid(cf75620528b70dd4b8fcc3c1c0e46286) Importer(2089858483,0ecaa5967403d082aa24f35e1b516d23)
Start importing Assets/Animations/Placeholder/Player/LightAttack3Placeholder.anim using Guid(cf75620528b70dd4b8fcc3c1c0e46286) Importer(2089858483,0ecaa5967403d082aa24f35e1b516d23) Generated GUIDs only implemented for interfaces!
 -> (artifact id: 'b4b011256e93275b04f867f037b690ad') in 0.019548 seconds
Number of updated asset objects reloaded before import = 0
Number of asset objects unloaded after import = 1
========================================================================
Received Import Request.
  Time since last request: 0.000026 seconds.
  path: Assets/Animations/Enemy/Minion/MinionIdle.anim
  artifactKey: Guid(12f84e17b80583c41aa16f77f5c84a85) Importer(2089858483,0ecaa5967403d082aa24f35e1b516d23)
Start importing Assets/Animations/Enemy/Minion/MinionIdle.anim using Guid(12f84e17b80583c41aa16f77f5c84a85) Importer(2089858483,0ecaa5967403d082aa24f35e1b516d23) Generated GUIDs only implemented for interfaces!
 -> (artifact id: 'bc771cb6abdc7fae54999111899c7d6b') in 0.022708 seconds
Number of updated asset objects reloaded before import = 0
Number of asset objects unloaded after import = 1
========================================================================
Received Import Request.
  Time since last request: 0.000033 seconds.
  path: Assets/Eric/Prefabs/CamManager.prefab
  artifactKey: Guid(32c0195f649a24b49a6a1927f50e71f2) Importer(2089858483,0ecaa5967403d082aa24f35e1b516d23)
Start importing Assets/Eric/Prefabs/CamManager.prefab using Guid(32c0195f649a24b49a6a1927f50e71f2) Importer(2089858483,0ecaa5967403d082aa24f35e1b516d23) Generated GUIDs only implemented for interfaces!
 -> (artifact id: 'aa44ab8ad3f64271098901c7764541c3') in 0.024188 seconds
Number of updated asset objects reloaded before import = 0
Number of asset objects unloaded after import = 10
========================================================================
Received Import Request.
  Time since last request: 0.000044 seconds.
  path: Assets/TextMesh Pro/Resources/TMP Settings.asset
  artifactKey: Guid(3f5b5dff67a942289a9defa416b206f3) Importer(2089858483,3d70f49cd1c2eb9ae422958d1c652c6b)
Start importing Assets/TextMesh Pro/Resources/TMP Settings.asset using Guid(3f5b5dff67a942289a9defa416b206f3) Importer(2089858483,3d70f49cd1c2eb9ae422958d1c652c6b) Generated GUIDs only implemented for interfaces!
 -> (artifact id: '99c9a150168caf2e6364a2855a8eec8b') in 0.078241 seconds
Number of updated asset objects reloaded before import = 0
Number of asset objects unloaded after import = 14
========================================================================
Received Import Request.
  Time since last request: 0.141260 seconds.
  path: Assets/Animations/VFXAnimationThing/PlayerPaintballProjectile/Flying.anim
  artifactKey: Guid(93285c8dfce777f41812d8d9ac7e095d) Importer(2089858483,0ecaa5967403d082aa24f35e1b516d23)
Start importing Assets/Animations/VFXAnimationThing/PlayerPaintballProjectile/Flying.anim using Guid(93285c8dfce777f41812d8d9ac7e095d) Importer(2089858483,0ecaa5967403d082aa24f35e1b516d23) Generated GUIDs only implemented for interfaces!
 -> (artifact id: '62b5b087577a259c586c6b1eba63889f') in 0.035301 seconds
Number of updated asset objects reloaded before import = 0
Number of asset objects unloaded after import = 1
========================================================================
Received Import Request.
  Time since last request: 0.000257 seconds.
  path: Assets/Eric/Scripts/EnemyScripts/EnemyAttackHitboxScript.cs
  artifactKey: Guid(b84e154653f482a4287700355b79bda8) Importer(2089858483,0ecaa5967403d082aa24f35e1b516d23)
Start importing Assets/Eric/Scripts/EnemyScripts/EnemyAttackHitboxScript.cs using Guid(b84e154653f482a4287700355b79bda8) Importer(2089858483,0ecaa5967403d082aa24f35e1b516d23) Generated GUIDs only implemented for interfaces!
 -> (artifact id: '278639015ffd600e2e980b901652b0fc') in 0.022251 seconds
Number of updated asset objects reloaded before import = 0
Number of asset objects unloaded after import = 1
========================================================================
Received Import Request.
  Time since last request: 0.000056 seconds.
  path: Assets/Eric/Prefabs/UIPrefabs/Canvases.prefab
  artifactKey: Guid(b3fdcbbfe230ed149bfd5c09b9b37ff5) Importer(2089858483,0ecaa5967403d082aa24f35e1b516d23)
Start importing Assets/Eric/Prefabs/UIPrefabs/Canvases.prefab using Guid(b3fdcbbfe230ed149bfd5c09b9b37ff5) Importer(2089858483,0ecaa5967403d082aa24f35e1b516d23) Generated GUIDs only implemented for interfaces!
 -> (artifact id: 'd3dbb322f374d64992e398af59cae6bb') in 0.060384 seconds
Number of updated asset objects reloaded before import = 0
Number of asset objects unloaded after import = 213
========================================================================
Received Import Request.
  Time since last request: 0.000026 seconds.
  path: Assets/Sprites/Placeholder/Enemy/EnemyAttackWindupPlaceholder1.png
  artifactKey: Guid(c749d1ea5268d1848a7b8ef4b0e991e8) Importer(2089858483,0ecaa5967403d082aa24f35e1b516d23)
Start importing Assets/Sprites/Placeholder/Enemy/EnemyAttackWindupPlaceholder1.png using Guid(c749d1ea5268d1848a7b8ef4b0e991e8) Importer(2089858483,0ecaa5967403d082aa24f35e1b516d23) Generated GUIDs only implemented for interfaces!
 -> (artifact id: '23278d1dd28e0b577513e6ab1d590e24') in 0.043894 seconds
Number of updated asset objects reloaded before import = 0
Number of asset objects unloaded after import = 3
========================================================================
Received Import Request.
  Time since last request: 0.000028 seconds.
  path: Assets/Eric/Scripts/Miscellaneous/LineRendererDebugThing.cs
  artifactKey: Guid(45c78861f119118498067b5d8b5a8328) Importer(2089858483,0ecaa5967403d082aa24f35e1b516d23)
Start importing Assets/Eric/Scripts/Miscellaneous/LineRendererDebugThing.cs using Guid(45c78861f119118498067b5d8b5a8328) Importer(2089858483,0ecaa5967403d082aa24f35e1b516d23) Generated GUIDs only implemented for interfaces!
 -> (artifact id: '39885230f365c5604cd6e266946b921d') in 0.021479 seconds
Number of updated asset objects reloaded before import = 0
Number of asset objects unloaded after import = 1
========================================================================
Received Import Request.
  Time since last request: 0.000035 seconds.
  path: Assets/Sprites/Placeholder/Enemy/EnemyAttackPlaceholder1.png
  artifactKey: Guid(977263409a47003438f7b370e8ecd2d7) Importer(2089858483,0ecaa5967403d082aa24f35e1b516d23)
Start importing Assets/Sprites/Placeholder/Enemy/EnemyAttackPlaceholder1.png using Guid(977263409a47003438f7b370e8ecd2d7) Importer(2089858483,0ecaa5967403d082aa24f35e1b516d23) Generated GUIDs only implemented for interfaces!
 -> (artifact id: '7b17b8b9804c6337a6556fbbbcf06e4d') in 0.043646 seconds
Number of updated asset objects reloaded before import = 0
Number of asset objects unloaded after import = 3
========================================================================
Received Import Request.
  Time since last request: 0.000084 seconds.
  path: Assets/Sprites/Placeholder/Enemy/EnemyAttackPlaceholder1AndAHalf.png
  artifactKey: Guid(377ffc8118b21ee4b892dc61d9b2dbb8) Importer(2089858483,0ecaa5967403d082aa24f35e1b516d23)
Start importing Assets/Sprites/Placeholder/Enemy/EnemyAttackPlaceholder1AndAHalf.png using Guid(377ffc8118b21ee4b892dc61d9b2dbb8) Importer(2089858483,0ecaa5967403d082aa24f35e1b516d23) Generated GUIDs only implemented for interfaces!
 -> (artifact id: 'ed6577017341286dc3500da7c54522ae') in 0.043375 seconds
Number of updated asset objects reloaded before import = 0
Number of asset objects unloaded after import = 3
========================================================================
Received Import Request.
  Time since last request: 0.000025 seconds.
  path: Assets/Eric/Scripts/ColorSystem/CyanAOEScript.cs
  artifactKey: Guid(054a66b049d565141aaebde4f6d824bb) Importer(2089858483,0ecaa5967403d082aa24f35e1b516d23)
Start importing Assets/Eric/Scripts/ColorSystem/CyanAOEScript.cs using Guid(054a66b049d565141aaebde4f6d824bb) Importer(2089858483,0ecaa5967403d082aa24f35e1b516d23) Generated GUIDs only implemented for interfaces!
 -> (artifact id: '9487755b2c849ab4a186bada3a0f2dbb') in 0.019154 seconds
Number of updated asset objects reloaded before import = 0
Number of asset objects unloaded after import = 1
========================================================================
Received Import Request.
  Time since last request: 0.123387 seconds.
  path: Assets/Sprites/PlayerSprites/ChargedAttackFramesV2/BrushTip_ChargedAttackFrame14V2.png
  artifactKey: Guid(766a46fd62297404d96864b26d848f75) Importer(2089858483,0ecaa5967403d082aa24f35e1b516d23)
Start importing Assets/Sprites/PlayerSprites/ChargedAttackFramesV2/BrushTip_ChargedAttackFrame14V2.png using Guid(766a46fd62297404d96864b26d848f75) Importer(2089858483,0ecaa5967403d082aa24f35e1b516d23) Generated GUIDs only implemented for interfaces!
 -> (artifact id: '7d29d066ea9798b30979253c8f7d363f') in 0.040261 seconds
Number of updated asset objects reloaded before import = 0
Number of asset objects unloaded after import = 3
========================================================================
Received Import Request.
  Time since last request: 0.001389 seconds.
  path: Assets/Sprites/PlayerSprites/PlayerDeathSprites/BrushTip_DeathFrame5.png
  artifactKey: Guid(bad40c0f86b03fc48a100fff30087809) Importer(2089858483,0ecaa5967403d082aa24f35e1b516d23)
Start importing Assets/Sprites/PlayerSprites/PlayerDeathSprites/BrushTip_DeathFrame5.png using Guid(bad40c0f86b03fc48a100fff30087809) Importer(2089858483,0ecaa5967403d082aa24f35e1b516d23) Generated GUIDs only implemented for interfaces!
 -> (artifact id: '6450d4c5c47e036b7b60cc3e2c2c88ef') in 0.049833 seconds
Number of updated asset objects reloaded before import = 0
Number of asset objects unloaded after import = 3
========================================================================
Received Import Request.
  Time since last request: 0.000451 seconds.
  path: Assets/Sprites/PlayerSprites/RunFramesV2/Player_RunFrame4V2.png
  artifactKey: Guid(0b79f67829a986140aad1e0cb5107c1e) Importer(2089858483,0ecaa5967403d082aa24f35e1b516d23)
Start importing Assets/Sprites/PlayerSprites/RunFramesV2/Player_RunFrame4V2.png using Guid(0b79f67829a986140aad1e0cb5107c1e) Importer(2089858483,0ecaa5967403d082aa24f35e1b516d23) Generated GUIDs only implemented for interfaces!
 -> (artifact id: '6febf067df575c030622d1a491dbc73c') in 0.052083 seconds
Number of updated asset objects reloaded before import = 0
Number of asset objects unloaded after import = 3
========================================================================
Received Import Request.
  Time since last request: 0.000040 seconds.
  path: Assets/Sprites/PlayerSprites/PlayerDeathSprites/Player_DeathFrame13.png
  artifactKey: Guid(021d445c43ddd23488999df5dc6ac09e) Importer(2089858483,0ecaa5967403d082aa24f35e1b516d23)
Start importing Assets/Sprites/PlayerSprites/PlayerDeathSprites/Player_DeathFrame13.png using Guid(021d445c43ddd23488999df5dc6ac09e) Importer(2089858483,0ecaa5967403d082aa24f35e1b516d23) Generated GUIDs only implemented for interfaces!
 -> (artifact id: 'c0b399138af61103f2f78433d82f3833') in 0.048238 seconds
Number of updated asset objects reloaded before import = 0
Number of asset objects unloaded after import = 3
========================================================================
Received Import Request.
  Time since last request: 0.000634 seconds.
  path: Assets/Sprites/PlayerSprites/ChargedAttackFramesV2/Player_ChargedAttackFrame11V2.png
  artifactKey: Guid(210ee0d9d9e091a469359b7a54480e4a) Importer(2089858483,0ecaa5967403d082aa24f35e1b516d23)
Start importing Assets/Sprites/PlayerSprites/ChargedAttackFramesV2/Player_ChargedAttackFrame11V2.png using Guid(210ee0d9d9e091a469359b7a54480e4a) Importer(2089858483,0ecaa5967403d082aa24f35e1b516d23) Generated GUIDs only implemented for interfaces!
 -> (artifact id: 'a04bb9cb337c1c52125319c5a1ab16c1') in 0.047935 seconds
Number of updated asset objects reloaded before import = 0
Number of asset objects unloaded after import = 3
========================================================================
Received Import Request.
  Time since last request: 0.000028 seconds.
  path: Assets/Sprites/PlayerSprites/PlayerChargedAttackSprites/BrushTip_ChargedAttackFrame15.png
  artifactKey: Guid(33d8baaf931060d4cbdebaf603841cc3) Importer(2089858483,0ecaa5967403d082aa24f35e1b516d23)
Start importing Assets/Sprites/PlayerSprites/PlayerChargedAttackSprites/BrushTip_ChargedAttackFrame15.png using Guid(33d8baaf931060d4cbdebaf603841cc3) Importer(2089858483,0ecaa5967403d082aa24f35e1b516d23) Generated GUIDs only implemented for interfaces!
 -> (artifact id: '2d1a45d8bc278da48217d3ba28c94de4') in 0.049716 seconds
Number of updated asset objects reloaded before import = 0
Number of asset objects unloaded after import = 3
========================================================================
Received Import Request.
  Time since last request: 0.000027 seconds.
  path: Assets/Sprites/PlayerSprites/PlayerChargedAttackSprites/BrushTip_ChargedAttackFrame11.png
  artifactKey: Guid(1ad3504b1c9ac094f820ef7b5cf41e07) Importer(2089858483,0ecaa5967403d082aa24f35e1b516d23)
Start importing Assets/Sprites/PlayerSprites/PlayerChargedAttackSprites/BrushTip_ChargedAttackFrame11.png using Guid(1ad3504b1c9ac094f820ef7b5cf41e07) Importer(2089858483,0ecaa5967403d082aa24f35e1b516d23) Generated GUIDs only implemented for interfaces!
 -> (artifact id: '1501380cf908aefe1ff6c3a9bb64d2dd') in 0.042276 seconds
Number of updated asset objects reloaded before import = 0
Number of asset objects unloaded after import = 3
========================================================================
Received Import Request.
  Time since last request: 0.000031 seconds.
  path: Assets/Sprites/PlayerSprites/PlayerChargedAttackSprites/BrushTip_ChargedAttackFrame3.png
  artifactKey: Guid(443f3992d3524ed48a10a0ffc3b5c08a) Importer(2089858483,0ecaa5967403d082aa24f35e1b516d23)
Start importing Assets/Sprites/PlayerSprites/PlayerChargedAttackSprites/BrushTip_ChargedAttackFrame3.png using Guid(443f3992d3524ed48a10a0ffc3b5c08a) Importer(2089858483,0ecaa5967403d082aa24f35e1b516d23) Generated GUIDs only implemented for interfaces!
 -> (artifact id: '689342206411248f09a90d2c9d7083ea') in 0.042752 seconds
Number of updated asset objects reloaded before import = 0
Number of asset objects unloaded after import = 3
========================================================================
Received Import Request.
  Time since last request: 0.000032 seconds.
  path: Assets/Sprites/PlayerSprites/PlayerDeathSprites/Player_DeathFrame3.png
  artifactKey: Guid(5d294bc2ed24517478e20e255ae760d9) Importer(2089858483,0ecaa5967403d082aa24f35e1b516d23)
Start importing Assets/Sprites/PlayerSprites/PlayerDeathSprites/Player_DeathFrame3.png using Guid(5d294bc2ed24517478e20e255ae760d9) Importer(2089858483,0ecaa5967403d082aa24f35e1b516d23) Generated GUIDs only implemented for interfaces!
 -> (artifact id: '2d86f81695366dae0c1d8edd30c4764d') in 0.038310 seconds
Number of updated asset objects reloaded before import = 0
Number of asset objects unloaded after import = 3
========================================================================
Received Import Request.
  Time since last request: 0.000042 seconds.
  path: Assets/Sprites/PlayerSprites/RunFramesV7/Player_RunFrame8V7.png
  artifactKey: Guid(41e691bf8c7f30847a1ee2e8f61d214a) Importer(2089858483,0ecaa5967403d082aa24f35e1b516d23)
Start importing Assets/Sprites/PlayerSprites/RunFramesV7/Player_RunFrame8V7.png using Guid(41e691bf8c7f30847a1ee2e8f61d214a) Importer(2089858483,0ecaa5967403d082aa24f35e1b516d23) Generated GUIDs only implemented for interfaces!
 -> (artifact id: '49b8c78083533cfe354f342a0b7d908a') in 0.073809 seconds
Number of updated asset objects reloaded before import = 0
Number of asset objects unloaded after import = 3
========================================================================
Received Import Request.
  Time since last request: 0.000024 seconds.
  path: Assets/Sprites/PlayerSprites/RunFramesV4/Player_RunFrame7V4.png
  artifactKey: Guid(31faba5552827e7488e06d65cf478f4c) Importer(2089858483,0ecaa5967403d082aa24f35e1b516d23)
Start importing Assets/Sprites/PlayerSprites/RunFramesV4/Player_RunFrame7V4.png using Guid(31faba5552827e7488e06d65cf478f4c) Importer(2089858483,0ecaa5967403d082aa24f35e1b516d23) Generated GUIDs only implemented for interfaces!
 -> (artifact id: 'ece23a1c1663e85c8376c22481bd0860') in 0.041652 seconds
Number of updated asset objects reloaded before import = 0
Number of asset objects unloaded after import = 3
========================================================================
Received Import Request.
  Time since last request: 0.000025 seconds.
  path: Assets/Sprites/PlayerSprites/RunFramesV6/BrushTip_RunFrame1V6.png
  artifactKey: Guid(9d7b57766dd413d4980964160355bb86) Importer(2089858483,0ecaa5967403d082aa24f35e1b516d23)
Start importing Assets/Sprites/PlayerSprites/RunFramesV6/BrushTip_RunFrame1V6.png using Guid(9d7b57766dd413d4980964160355bb86) Importer(2089858483,0ecaa5967403d082aa24f35e1b516d23) Generated GUIDs only implemented for interfaces!
 -> (artifact id: '27be768a29b7d55b48e939f4904340a2') in 0.045216 seconds
Number of updated asset objects reloaded before import = 0
Number of asset objects unloaded after import = 3
========================================================================
Received Import Request.
  Time since last request: 0.000021 seconds.
  path: Assets/Sprites/PlayerSprites/RunFramesV5/BrushTip_RunFrame6V5.png
  artifactKey: Guid(8f291060e3cf68b4690f70098107bc49) Importer(2089858483,0ecaa5967403d082aa24f35e1b516d23)
Start importing Assets/Sprites/PlayerSprites/RunFramesV5/BrushTip_RunFrame6V5.png using Guid(8f291060e3cf68b4690f70098107bc49) Importer(2089858483,0ecaa5967403d082aa24f35e1b516d23) Generated GUIDs only implemented for interfaces!
 -> (artifact id: '5da24fe4d99f2396c752382d367b3d47') in 0.042634 seconds
Number of updated asset objects reloaded before import = 0
Number of asset objects unloaded after import = 3
========================================================================
Received Import Request.
  Time since last request: 0.000183 seconds.
  path: Assets/Sprites/PlayerSprites/RunFramesV4/Player_RunFrame8V4.png
  artifactKey: Guid(2e9b849d55a9e23428b33b580baa3fd2) Importer(2089858483,0ecaa5967403d082aa24f35e1b516d23)
Start importing Assets/Sprites/PlayerSprites/RunFramesV4/Player_RunFrame8V4.png using Guid(2e9b849d55a9e23428b33b580baa3fd2) Importer(2089858483,0ecaa5967403d082aa24f35e1b516d23) Generated GUIDs only implemented for interfaces!
 -> (artifact id: '1c7ce71e16c04ed61961fdde14f75a97') in 0.041924 seconds
Number of updated asset objects reloaded before import = 0
Number of asset objects unloaded after import = 3
========================================================================
Received Import Request.
  Time since last request: 0.000022 seconds.
  path: Assets/TextMesh Pro/Resources/Style Sheets/Default Style Sheet.asset
  artifactKey: Guid(f952c082cb03451daed3ee968ac6c63e) Importer(2089858483,0ecaa5967403d082aa24f35e1b516d23)
Start importing Assets/TextMesh Pro/Resources/Style Sheets/Default Style Sheet.asset using Guid(f952c082cb03451daed3ee968ac6c63e) Importer(2089858483,0ecaa5967403d082aa24f35e1b516d23) Generated GUIDs only implemented for interfaces!
 -> (artifact id: '396816f51cf76e4be5387a681dd173cc') in 0.020034 seconds
Number of updated asset objects reloaded before import = 0
Number of asset objects unloaded after import = 1
========================================================================
Received Import Request.
  Time since last request: 0.000025 seconds.
  path: Assets/Eric/Prefabs/EnemyPrefabs/Enemies/BullEnemy.prefab
  artifactKey: Guid(6b3a4103c0b090d41afb1e9469a1885e) Importer(2089858483,0ecaa5967403d082aa24f35e1b516d23)
Start importing Assets/Eric/Prefabs/EnemyPrefabs/Enemies/BullEnemy.prefab using Guid(6b3a4103c0b090d41afb1e9469a1885e) Importer(2089858483,0ecaa5967403d082aa24f35e1b516d23) Generated GUIDs only implemented for interfaces!
 -> (artifact id: 'da257920be23427aab904691b749aadb') in 0.072193 seconds
Number of updated asset objects reloaded before import = 0
Number of asset objects unloaded after import = 145
========================================================================
Received Import Request.
  Time since last request: 0.000035 seconds.
  path: Assets/Sprites/PlayerSprites/RunFramesV6/Player_RunFrame3V6.png
  artifactKey: Guid(d7ecb922a3311464b8f97f2966ea6f9e) Importer(2089858483,0ecaa5967403d082aa24f35e1b516d23)
Start importing Assets/Sprites/PlayerSprites/RunFramesV6/Player_RunFrame3V6.png using Guid(d7ecb922a3311464b8f97f2966ea6f9e) Importer(2089858483,0ecaa5967403d082aa24f35e1b516d23) Generated GUIDs only implemented for interfaces!
 -> (artifact id: '9d583f8b68e675fbf45ff5620bddcf93') in 0.049407 seconds
Number of updated asset objects reloaded before import = 0
Number of asset objects unloaded after import = 3
========================================================================
Received Import Request.
  Time since last request: 0.000246 seconds.
  path: Assets/Sprites/PlayerSprites/RunFramesV5/Player_RunFrame7V5.png
  artifactKey: Guid(fff784366d86845419f477fdca201688) Importer(2089858483,0ecaa5967403d082aa24f35e1b516d23)
Start importing Assets/Sprites/PlayerSprites/RunFramesV5/Player_RunFrame7V5.png using Guid(fff784366d86845419f477fdca201688) Importer(2089858483,0ecaa5967403d082aa24f35e1b516d23) Generated GUIDs only implemented for interfaces!
 -> (artifact id: '93d2872c4cd6ceebfb665bd1a03a92ac') in 0.046096 seconds
Number of updated asset objects reloaded before import = 0
Number of asset objects unloaded after import = 3
========================================================================
Received Import Request.
  Time since last request: 0.000021 seconds.
  path: Assets/Sprites/EnemySprites/Bush/BushAttackFrames/Bush_AttackFrame5.png
  artifactKey: Guid(b931d250d9973264795947436581afb3) Importer(2089858483,0ecaa5967403d082aa24f35e1b516d23)
Start importing Assets/Sprites/EnemySprites/Bush/BushAttackFrames/Bush_AttackFrame5.png using Guid(b931d250d9973264795947436581afb3) Importer(2089858483,0ecaa5967403d082aa24f35e1b516d23) Generated GUIDs only implemented for interfaces!
 -> (artifact id: '2522772f6f4ae12c68c904a8054ce84e') in 0.046157 seconds
Number of updated asset objects reloaded before import = 0
Number of asset objects unloaded after import = 3
========================================================================
Received Import Request.
  Time since last request: 0.000024 seconds.
  path: Assets/Sprites/Placeholder/Player/Attacks/attackplaceholder1.png
  artifactKey: Guid(0dd558efbab4e5748847196d8afd2753) Importer(2089858483,0ecaa5967403d082aa24f35e1b516d23)
Start importing Assets/Sprites/Placeholder/Player/Attacks/attackplaceholder1.png using Guid(0dd558efbab4e5748847196d8afd2753) Importer(2089858483,0ecaa5967403d082aa24f35e1b516d23) Generated GUIDs only implemented for interfaces!
 -> (artifact id: '82b0a3dfb171946d61744d10ad898bea') in 0.056245 seconds
Number of updated asset objects reloaded before import = 0
Number of asset objects unloaded after import = 3
========================================================================
Received Import Request.
  Time since last request: 0.000029 seconds.
  path: Assets/Sprites/Placeholder/Player/Attacks/HeavyAttack1.png
  artifactKey: Guid(6957926f15242994b82acc0d66d8e58d) Importer(2089858483,0ecaa5967403d082aa24f35e1b516d23)
Start importing Assets/Sprites/Placeholder/Player/Attacks/HeavyAttack1.png using Guid(6957926f15242994b82acc0d66d8e58d) Importer(2089858483,0ecaa5967403d082aa24f35e1b516d23) Generated GUIDs only implemented for interfaces!
 -> (artifact id: '204f80fb6439083a6a6fc6434273bc89') in 0.049471 seconds
Number of updated asset objects reloaded before import = 0
Number of asset objects unloaded after import = 3
========================================================================
Received Import Request.
  Time since last request: 0.000028 seconds.
  path: Assets/Sprites/Placeholder/Player/Attacks/ThirdAttackPlaceholder2.png
  artifactKey: Guid(5cf7fea9be7c83d4484309eba18b04ec) Importer(2089858483,0ecaa5967403d082aa24f35e1b516d23)
Start importing Assets/Sprites/Placeholder/Player/Attacks/ThirdAttackPlaceholder2.png using Guid(5cf7fea9be7c83d4484309eba18b04ec) Importer(2089858483,0ecaa5967403d082aa24f35e1b516d23) Generated GUIDs only implemented for interfaces!
 -> (artifact id: '54c9693d6b0e85448a284d4af041f6a8') in 0.048363 seconds
Number of updated asset objects reloaded before import = 0
Number of asset objects unloaded after import = 3
========================================================================
Received Import Request.
  Time since last request: 0.000040 seconds.
  path: Assets/Sprites/PlayerSprites/PlayerAttackSprites/LightAttack1/LightAttackOneFrame3PainterVariant.png
  artifactKey: Guid(7f08d896ad4645243b0dcf6925ca2309) Importer(2089858483,0ecaa5967403d082aa24f35e1b516d23)
Start importing Assets/Sprites/PlayerSprites/PlayerAttackSprites/LightAttack1/LightAttackOneFrame3PainterVariant.png using Guid(7f08d896ad4645243b0dcf6925ca2309) Importer(2089858483,0ecaa5967403d082aa24f35e1b516d23) Generated GUIDs only implemented for interfaces!
 -> (artifact id: 'ce23243587191eecd1d6a483bbc0958c') in 0.044960 seconds
Number of updated asset objects reloaded before import = 0
Number of asset objects unloaded after import = 3
Editor requested this worker to shutdown with reason: balancing worker count downwards
TcpMessagingSession - receive error: operation aborted. errorcode: 995, details: A operação de E/S foi anulada devido a uma saída de thread ou a uma requisição de aplicativo.
AssetImportWorker is now disconnected from the server
Process exiting
Exiting without the bug reporter. Application will terminate with return code 0