Using pre-set license
Built from '2022.3/staging' branch; Version is '2022.3.10f1 (ff3792e53c62) revision 16725906'; Using compiler version '192829333'; Build Type 'Release'
OS: 'Windows 11  (10.0.22631) 64bit Core' Language: 'pt' Physical Memory: 32560 MB
BatchMode: 1, IsHumanControllingUs: 0, StartBugReporterOnCrash: 0, Is64bit: 1, IsPro: 1

COMMAND LINE ARGUMENTS:
C:\Program Files\2022.3.10f1\Editor\Unity.exe
-adb2
-batchMode
-noUpm
-name
AssetImportWorker4
-projectPath
C:/Users/Eric/Documents/GitHub/InkweaverV2
-logFile
Logs/AssetImportWorker4.log
-srvPort
65302
Successfully changed project path to: C:/Users/Eric/Documents/GitHub/InkweaverV2
C:/Users/Eric/Documents/GitHub/InkweaverV2
[UnityMemory] Configuration Parameters - Can be set up in boot.config
    "memorysetup-bucket-allocator-granularity=16"
    "memorysetup-bucket-allocator-bucket-count=8"
    "memorysetup-bucket-allocator-block-size=33554432"
    "memorysetup-bucket-allocator-block-count=8"
    "memorysetup-main-allocator-block-size=16777216"
    "memorysetup-thread-allocator-block-size=16777216"
    "memorysetup-gfx-main-allocator-block-size=16777216"
    "memorysetup-gfx-thread-allocator-block-size=16777216"
    "memorysetup-cache-allocator-block-size=4194304"
    "memorysetup-typetree-allocator-block-size=2097152"
    "memorysetup-profiler-bucket-allocator-granularity=16"
    "memorysetup-profiler-bucket-allocator-bucket-count=8"
    "memorysetup-profiler-bucket-allocator-block-size=33554432"
    "memorysetup-profiler-bucket-allocator-block-count=8"
    "memorysetup-profiler-allocator-block-size=16777216"
    "memorysetup-profiler-editor-allocator-block-size=1048576"
    "memorysetup-temp-allocator-size-main=16777216"
    "memorysetup-job-temp-allocator-block-size=2097152"
    "memorysetup-job-temp-allocator-block-size-background=1048576"
    "memorysetup-job-temp-allocator-reduction-small-platforms=262144"
    "memorysetup-allocator-temp-initial-block-size-main=262144"
    "memorysetup-allocator-temp-initial-block-size-worker=262144"
    "memorysetup-temp-allocator-size-background-worker=32768"
    "memorysetup-temp-allocator-size-job-worker=262144"
    "memorysetup-temp-allocator-size-preload-manager=33554432"
    "memorysetup-temp-allocator-size-nav-mesh-worker=65536"
    "memorysetup-temp-allocator-size-audio-worker=65536"
    "memorysetup-temp-allocator-size-cloud-worker=32768"
    "memorysetup-temp-allocator-size-gi-baking-worker=262144"
    "memorysetup-temp-allocator-size-gfx=262144"
Player connection [14400] Host "[IP] 192.168.0.106 [Port] 0 [Flags] 2 [Guid] 835405587 [EditorId] 835405587 [Version] 1048832 [Id] WindowsEditor(7,Kito) [Debug] 1 [PackageName] WindowsEditor [ProjectName] Editor" joined multi-casting on [225.0.0.222:54997]...

Player connection [14400] Host "[IP] 192.168.0.106 [Port] 0 [Flags] 2 [Guid] 835405587 [EditorId] 835405587 [Version] 1048832 [Id] WindowsEditor(7,Kito) [Debug] 1 [PackageName] WindowsEditor [ProjectName] Editor" joined alternative multi-casting on [225.0.0.222:34997]...

[Physics::Module] Initialized MultithreadedJobDispatcher with 15 workers.
Refreshing native plugins compatible for Editor in 18.08 ms, found 4 plugins.
Preloading 0 native plugins for Editor in 0.00 ms.
Initialize engine version: 2022.3.10f1 (ff3792e53c62)
[Subsystems] Discovering subsystems at path C:/Program Files/2022.3.10f1/Editor/Data/Resources/UnitySubsystems
[Subsystems] Discovering subsystems at path C:/Users/Eric/Documents/GitHub/InkweaverV2/Assets
GfxDevice: creating device client; threaded=0; jobified=0
Direct3D:
    Version:  Direct3D 11.0 [level 11.1]
    Renderer: AMD Radeon RX 6600 (ID=0x73ff)
    Vendor:   ATI
    VRAM:     8147 MB
    Driver:   31.0.24031.5001
Initialize mono
Mono path[0] = 'C:/Program Files/2022.3.10f1/Editor/Data/Managed'
Mono path[1] = 'C:/Program Files/2022.3.10f1/Editor/Data/MonoBleedingEdge/lib/mono/unityjit-win32'
Mono config path = 'C:/Program Files/2022.3.10f1/Editor/Data/MonoBleedingEdge/etc'
Using monoOptions --debugger-agent=transport=dt_socket,embedding=1,server=y,suspend=n,address=127.0.0.1:56200
Begin MonoManager ReloadAssembly
Registering precompiled unity dll's ...
Register platform support module: C:/Program Files/2022.3.10f1/Editor/Data/PlaybackEngines/WindowsStandaloneSupport/UnityEditor.WindowsStandalone.Extensions.dll
Registered in 0.008136 seconds.
- Loaded All Assemblies, in  0.517 seconds
Native extension for WindowsStandalone target not found
Mono: successfully reloaded assembly
- Finished resetting the current domain, in  0.382 seconds
Domain Reload Profiling: 896ms
	BeginReloadAssembly (165ms)
		ExecutionOrderSort (0ms)
		DisableScriptedObjects (0ms)
		BackupInstance (0ms)
		ReleaseScriptingObjects (0ms)
		CreateAndSetChildDomain (1ms)
	RebuildCommonClasses (51ms)
	RebuildNativeTypeToScriptingClass (20ms)
	initialDomainReloadingComplete (81ms)
	LoadAllAssembliesAndSetupDomain (197ms)
		LoadAssemblies (160ms)
		RebuildTransferFunctionScriptingTraits (0ms)
		AnalyzeDomain (194ms)
			TypeCache.Refresh (192ms)
				TypeCache.ScanAssembly (174ms)
			ScanForSourceGeneratedMonoScriptInfo (1ms)
			ResolveRequiredComponents (1ms)
	FinalizeReload (382ms)
		ReleaseScriptCaches (0ms)
		RebuildScriptCaches (0ms)
		SetupLoadedEditorAssemblies (295ms)
			LogAssemblyErrors (0ms)
			InitializePlatformSupportModulesInManaged (13ms)
			SetLoadedEditorAssemblies (11ms)
			RefreshPlugins (0ms)
			BeforeProcessingInitializeOnLoad (3ms)
			ProcessInitializeOnLoadAttributes (199ms)
			ProcessInitializeOnLoadMethodAttributes (70ms)
			AfterProcessingInitializeOnLoad (0ms)
			EditorAssembliesLoaded (0ms)
		ExecutionOrderSort2 (0ms)
		AwakeInstancesAfterBackupRestoration (0ms)
========================================================================
Worker process is ready to serve import requests
Begin MonoManager ReloadAssembly
- Loaded All Assemblies, in  1.533 seconds
Refreshing native plugins compatible for Editor in 7.73 ms, found 4 plugins.
Native extension for WindowsStandalone target not found
Package Manager log level set to [2]
[Package Manager] Server::EnsureServerProcessIsRunning -- launch failed, reason: Unity was launched with the -noUpm command-line argument
[Package Manager] UpmClient::Send -- Unable to send message (not connected to UPM process).
[Package Manager] Cannot connect to Unity Package Manager local server
Mono: successfully reloaded assembly
- Finished resetting the current domain, in  1.178 seconds
Domain Reload Profiling: 2707ms
	BeginReloadAssembly (230ms)
		ExecutionOrderSort (0ms)
		DisableScriptedObjects (9ms)
		BackupInstance (0ms)
		ReleaseScriptingObjects (1ms)
		CreateAndSetChildDomain (42ms)
	RebuildCommonClasses (60ms)
	RebuildNativeTypeToScriptingClass (18ms)
	initialDomainReloadingComplete (70ms)
	LoadAllAssembliesAndSetupDomain (1150ms)
		LoadAssemblies (601ms)
		RebuildTransferFunctionScriptingTraits (0ms)
		AnalyzeDomain (662ms)
			TypeCache.Refresh (586ms)
				TypeCache.ScanAssembly (546ms)
			ScanForSourceGeneratedMonoScriptInfo (57ms)
			ResolveRequiredComponents (16ms)
	FinalizeReload (1179ms)
		ReleaseScriptCaches (0ms)
		RebuildScriptCaches (0ms)
		SetupLoadedEditorAssemblies (901ms)
			LogAssemblyErrors (0ms)
			InitializePlatformSupportModulesInManaged (9ms)
			SetLoadedEditorAssemblies (5ms)
			RefreshPlugins (0ms)
			BeforeProcessingInitializeOnLoad (156ms)
			ProcessInitializeOnLoadAttributes (582ms)
			ProcessInitializeOnLoadMethodAttributes (139ms)
			AfterProcessingInitializeOnLoad (10ms)
			EditorAssembliesLoaded (0ms)
		ExecutionOrderSort2 (0ms)
		AwakeInstancesAfterBackupRestoration (10ms)
Launched and connected shader compiler UnityShaderCompiler.exe after 0.08 seconds
Refreshing native plugins compatible for Editor in 12.92 ms, found 4 plugins.
Preloading 0 native plugins for Editor in 0.00 ms.
Unloading 5905 Unused Serialized files (Serialized files now loaded: 0)
Unloading 85 unused Assets / (352.4 KB). Loaded Objects now: 6379.
Memory consumption went from 222.9 MB to 222.5 MB.
Total: 10.081800 ms (FindLiveObjects: 1.128100 ms CreateObjectMapping: 0.823600 ms MarkObjects: 7.574600 ms  DeleteObjects: 0.553700 ms)

AssetImportParameters requested are different than current active one (requested -> active):
  custom:container-demuxer-ogg: 62fdf1f143b41e24485cea50d1cbac27 -> 
  custom:video-decoder-ogg-theora: a1e56fd34408186e4bbccfd4996cb3dc -> 
  custom:framework-win-MediaFoundation: 216162199b28c13a410421893ffa2e32 -> 
  custom:CustomObjectIndexerAttribute: a3ef5dd2817f97addfee359851a9dba5 -> 
  custom:container-demuxer-webm: 4f35f7cbe854078d1ac9338744f61a02 -> 
  custom:container-muxer-webm: aa71ff27fc2769a1b78a27578f13a17b -> 
  custom:video-decoder-webm-vp8: 9c59270c3fd7afecdb556c50c9e8de78 -> 
  custom:SearchIndexIgnoredProperties: e643bd26f0fe6173181afceb89e7c659 -> 
  custom:AudioImporter_EditorPlatform: d09bf68614088b80899f8185d706f6e7 -> 
  custom:video-encoder-webm-vp8: eb34c28f22e8b96e1ab97ce403110664 -> 
  custom:audio-decoder-ogg-vorbis: bf7c407c2cedff20999df2af8eb42d56 -> 
  custom:audio-encoder-webm-vorbis: bf7c407c2cedff20999df2af8eb42d56 -> 
========================================================================
Received Import Request.
  Time since last request: 1771092.095183 seconds.
  path: Assets/Scenes/Test_Scene.unity
  artifactKey: Guid(8f8138ee0ea088e4d86bb4bb6543de64) Importer(2089858483,3d70f49cd1c2eb9ae422958d1c652c6b)
Start importing Assets/Scenes/Test_Scene.unity using Guid(8f8138ee0ea088e4d86bb4bb6543de64) Importer(2089858483,3d70f49cd1c2eb9ae422958d1c652c6b) Opening scene 'Assets/Scenes/Test_Scene.unity additively'
Loaded scene 'Assets/Scenes/Test_Scene.unity'
	Deserialize:            14.468 ms
	Integration:            7.712 ms
	Integration of assets:  0.006 ms
	Thread Wait Time:       0.010 ms
	Total Operation Time:   22.196 ms
Generated GUIDs only implemented for interfaces!
 -> (artifact id: 'd2f7b6ed66b2147b568d5773b405f8a5') in 0.451274 seconds
Number of updated asset objects reloaded before import = 0
Number of asset objects unloaded after import = 29
========================================================================
Received Import Request.
  Time since last request: 0.000773 seconds.
  path: Assets/Animations/Brush TIp/BrushTipLightAttack2Anim.anim
  artifactKey: Guid(d5515da21628a02439d57f9f2aa16409) Importer(2089858483,0ecaa5967403d082aa24f35e1b516d23)
Start importing Assets/Animations/Brush TIp/BrushTipLightAttack2Anim.anim using Guid(d5515da21628a02439d57f9f2aa16409) Importer(2089858483,0ecaa5967403d082aa24f35e1b516d23) Generated GUIDs only implemented for interfaces!
 -> (artifact id: 'c1f4ae895d1c9f57b1071ab4612ec878') in 0.071645 seconds
Number of updated asset objects reloaded before import = 0
Number of asset objects unloaded after import = 1
========================================================================
Received Import Request.
  Time since last request: 0.000079 seconds.
  path: Assets/Scripts/old shit/ScriptTofigureOutTheNameOfTheFaceButtons.cs
  artifactKey: Guid(bb7614bac2120f24e89ef0f7ec5b7155) Importer(2089858483,0ecaa5967403d082aa24f35e1b516d23)
Start importing Assets/Scripts/old shit/ScriptTofigureOutTheNameOfTheFaceButtons.cs using Guid(bb7614bac2120f24e89ef0f7ec5b7155) Importer(2089858483,0ecaa5967403d082aa24f35e1b516d23) Generated GUIDs only implemented for interfaces!
 -> (artifact id: '465de7e5161d5deeac1d7774c45c0e71') in 0.024805 seconds
Number of updated asset objects reloaded before import = 0
Number of asset objects unloaded after import = 1
========================================================================
Received Import Request.
  Time since last request: 0.000416 seconds.
  path: Assets/Scripts/old shit/PlayerDirectionalIndicator.cs
  artifactKey: Guid(5484c25d6a7e10244bbd6d8b54493b98) Importer(2089858483,0ecaa5967403d082aa24f35e1b516d23)
Start importing Assets/Scripts/old shit/PlayerDirectionalIndicator.cs using Guid(5484c25d6a7e10244bbd6d8b54493b98) Importer(2089858483,0ecaa5967403d082aa24f35e1b516d23) Generated GUIDs only implemented for interfaces!
 -> (artifact id: 'c15042aa71bf7f77aac5af97bcc129df') in 0.023965 seconds
Number of updated asset objects reloaded before import = 0
Number of asset objects unloaded after import = 1
========================================================================
Received Import Request.
  Time since last request: 0.000037 seconds.
  path: Assets/Eric/InkweaverURPAsset.asset
  artifactKey: Guid(a02c0bb987b58be41bf882349825cbba) Importer(2089858483,0ecaa5967403d082aa24f35e1b516d23)
Start importing Assets/Eric/InkweaverURPAsset.asset using Guid(a02c0bb987b58be41bf882349825cbba) Importer(2089858483,0ecaa5967403d082aa24f35e1b516d23) Generated GUIDs only implemented for interfaces!
 -> (artifact id: 'ee94774f92d0a032cd7da5e3ae484ec7') in 0.086870 seconds
Number of updated asset objects reloaded before import = 0
Number of asset objects unloaded after import = 1
========================================================================
Received Import Request.
  Time since last request: 0.000039 seconds.
  path: Assets/Stages/Stage1/Stage1_Segment2/NavMesh-NavMesh.asset
  artifactKey: Guid(22be11d68b4055247aed236611835b1f) Importer(2089858483,3d70f49cd1c2eb9ae422958d1c652c6b)
Start importing Assets/Stages/Stage1/Stage1_Segment2/NavMesh-NavMesh.asset using Guid(22be11d68b4055247aed236611835b1f) Importer(2089858483,3d70f49cd1c2eb9ae422958d1c652c6b) Generated GUIDs only implemented for interfaces!
 -> (artifact id: 'ff22d2cc771533bb88f11a11b29f661a') in 0.019142 seconds
Number of updated asset objects reloaded before import = 0
Number of asset objects unloaded after import = 0
========================================================================
Received Import Request.
  Time since last request: 0.000039 seconds.
  path: Assets/Materials/textures/SpikesSketch.png
  artifactKey: Guid(06a5b3a2ae8dccf40aa51e18b2346e20) Importer(2089858483,0ecaa5967403d082aa24f35e1b516d23)
Start importing Assets/Materials/textures/SpikesSketch.png using Guid(06a5b3a2ae8dccf40aa51e18b2346e20) Importer(2089858483,0ecaa5967403d082aa24f35e1b516d23) Generated GUIDs only implemented for interfaces!
 -> (artifact id: '21df0432f9b2731d5483aa4960ceee86') in 0.138079 seconds
Number of updated asset objects reloaded before import = 0
Number of asset objects unloaded after import = 1
========================================================================
Received Import Request.
  Time since last request: 0.000091 seconds.
  path: Assets/Stages/ThankYouScreen.unity
  artifactKey: Guid(6c1760fa4a86bd947bac0476218c25de) Importer(2089858483,0ecaa5967403d082aa24f35e1b516d23)
Start importing Assets/Stages/ThankYouScreen.unity using Guid(6c1760fa4a86bd947bac0476218c25de) Importer(2089858483,0ecaa5967403d082aa24f35e1b516d23) Generated GUIDs only implemented for interfaces!
 -> (artifact id: 'd9fa38384fbc8858e259577609c457af') in 0.025319 seconds
Number of updated asset objects reloaded before import = 0
Number of asset objects unloaded after import = 1
========================================================================
Received Import Request.
  Time since last request: 0.002427 seconds.
  path: Assets/Scenes/SampleScene.unity
  artifactKey: Guid(9fc0d4010bbf28b4594072e72b8655ab) Importer(2089858483,0ecaa5967403d082aa24f35e1b516d23)
Start importing Assets/Scenes/SampleScene.unity using Guid(9fc0d4010bbf28b4594072e72b8655ab) Importer(2089858483,0ecaa5967403d082aa24f35e1b516d23) Generated GUIDs only implemented for interfaces!
 -> (artifact id: '93013801edf14bfe97590f9d620bf671') in 0.025114 seconds
Number of updated asset objects reloaded before import = 0
Number of asset objects unloaded after import = 1
========================================================================
Received Import Request.
  Time since last request: 0.000034 seconds.
  path: Assets/Animations/CameraAnimations/Cam_Idle.anim
  artifactKey: Guid(cef1436fac844a44892b745f34fc3834) Importer(2089858483,0ecaa5967403d082aa24f35e1b516d23)
Start importing Assets/Animations/CameraAnimations/Cam_Idle.anim using Guid(cef1436fac844a44892b745f34fc3834) Importer(2089858483,0ecaa5967403d082aa24f35e1b516d23) Generated GUIDs only implemented for interfaces!
 -> (artifact id: '156e80831f45e3b39ad455666dad81c5') in 0.026311 seconds
Number of updated asset objects reloaded before import = 0
Number of asset objects unloaded after import = 1
========================================================================
Received Import Request.
  Time since last request: 0.000130 seconds.
  path: Assets/Scripts/enemy_scripts/enemy_hit_and_Damage.cs
  artifactKey: Guid(e2834b3058218364c90911388edf853f) Importer(2089858483,0ecaa5967403d082aa24f35e1b516d23)
Start importing Assets/Scripts/enemy_scripts/enemy_hit_and_Damage.cs using Guid(e2834b3058218364c90911388edf853f) Importer(2089858483,0ecaa5967403d082aa24f35e1b516d23) Generated GUIDs only implemented for interfaces!
 -> (artifact id: 'ac6d8f0467ff43d4a0fc8851a32406d1') in 0.022922 seconds
Number of updated asset objects reloaded before import = 0
Number of asset objects unloaded after import = 1
========================================================================
Received Import Request.
  Time since last request: 0.000053 seconds.
  path: Assets/Ui/Restart2_MenuNew.png
  artifactKey: Guid(2cebfc941bd38a6498a41a484f0dbf4c) Importer(2089858483,0ecaa5967403d082aa24f35e1b516d23)
Start importing Assets/Ui/Restart2_MenuNew.png using Guid(2cebfc941bd38a6498a41a484f0dbf4c) Importer(2089858483,0ecaa5967403d082aa24f35e1b516d23) Generated GUIDs only implemented for interfaces!
 -> (artifact id: '13f0feeb1924e14aac56302e2ee34fe2') in 0.046533 seconds
Number of updated asset objects reloaded before import = 0
Number of asset objects unloaded after import = 3
========================================================================
Received Import Request.
  Time since last request: 0.000027 seconds.
  path: Assets/Eric/Prefabs/DamageArea.prefab
  artifactKey: Guid(6e1f72deef5e387478f62300206534d2) Importer(2089858483,3d70f49cd1c2eb9ae422958d1c652c6b)
Start importing Assets/Eric/Prefabs/DamageArea.prefab using Guid(6e1f72deef5e387478f62300206534d2) Importer(2089858483,3d70f49cd1c2eb9ae422958d1c652c6b) Generated GUIDs only implemented for interfaces!
 -> (artifact id: '88f659e5bb49f8f9623babbde58e041b') in 0.018853 seconds
Number of updated asset objects reloaded before import = 0
Number of asset objects unloaded after import = 10
========================================================================
Received Import Request.
  Time since last request: 0.000025 seconds.
  path: Assets/Sprites/Scenario/arvore1.png
  artifactKey: Guid(811778997db48ed41a7c27b213107120) Importer(2089858483,0ecaa5967403d082aa24f35e1b516d23)
Start importing Assets/Sprites/Scenario/arvore1.png using Guid(811778997db48ed41a7c27b213107120) Importer(2089858483,0ecaa5967403d082aa24f35e1b516d23) Generated GUIDs only implemented for interfaces!
 -> (artifact id: 'c8f7b5e9eb049b5bdf067b6a22dcd57a') in 0.054407 seconds
Number of updated asset objects reloaded before import = 0
Number of asset objects unloaded after import = 3
========================================================================
Received Import Request.
  Time since last request: 0.000031 seconds.
  path: Assets/Animations/Enemy/Bull/BullIdle.anim
  artifactKey: Guid(eecaf0a90a3120843b08410480a8d424) Importer(2089858483,0ecaa5967403d082aa24f35e1b516d23)
Start importing Assets/Animations/Enemy/Bull/BullIdle.anim using Guid(eecaf0a90a3120843b08410480a8d424) Importer(2089858483,0ecaa5967403d082aa24f35e1b516d23) Generated GUIDs only implemented for interfaces!
 -> (artifact id: 'ae06bed2d0befd4451af2479c096a6c2') in 0.022779 seconds
Number of updated asset objects reloaded before import = 0
Number of asset objects unloaded after import = 1
========================================================================
Received Import Request.
  Time since last request: 0.000026 seconds.
  path: Assets/Animations/Placeholder/Player/DashPlaceholder.anim
  artifactKey: Guid(28641ba6d9048284cad9b0f479ac3c18) Importer(2089858483,0ecaa5967403d082aa24f35e1b516d23)
Start importing Assets/Animations/Placeholder/Player/DashPlaceholder.anim using Guid(28641ba6d9048284cad9b0f479ac3c18) Importer(2089858483,0ecaa5967403d082aa24f35e1b516d23) Generated GUIDs only implemented for interfaces!
 -> (artifact id: '01b2a1b68aac56df6d2c55efb25195e9') in 0.022824 seconds
Number of updated asset objects reloaded before import = 0
Number of asset objects unloaded after import = 1
========================================================================
Received Import Request.
  Time since last request: 0.000037 seconds.
  path: Assets/TextMesh Pro/Shaders/TMP_SDF-Mobile Masking.shader
  artifactKey: Guid(bc1ede39bf3643ee8e493720e4259791) Importer(2089858483,0ecaa5967403d082aa24f35e1b516d23)
Start importing Assets/TextMesh Pro/Shaders/TMP_SDF-Mobile Masking.shader using Guid(bc1ede39bf3643ee8e493720e4259791) Importer(2089858483,0ecaa5967403d082aa24f35e1b516d23) Generated GUIDs only implemented for interfaces!
 -> (artifact id: 'ba8b2bec8d70086f6f458df123acf09e') in 0.031478 seconds
Number of updated asset objects reloaded before import = 0
Number of asset objects unloaded after import = 1
========================================================================
Received Import Request.
  Time since last request: 0.000237 seconds.
  path: Assets/TextMesh Pro/Shaders/TMP_Bitmap-Mobile.shader
  artifactKey: Guid(1e3b057af24249748ff873be7fafee47) Importer(2089858483,0ecaa5967403d082aa24f35e1b516d23)
Start importing Assets/TextMesh Pro/Shaders/TMP_Bitmap-Mobile.shader using Guid(1e3b057af24249748ff873be7fafee47) Importer(2089858483,0ecaa5967403d082aa24f35e1b516d23) Generated GUIDs only implemented for interfaces!
 -> (artifact id: '44491c19667caa69b5d736939a49441b') in 0.022835 seconds
Number of updated asset objects reloaded before import = 0
Number of asset objects unloaded after import = 1
========================================================================
Received Import Request.
  Time since last request: 0.000032 seconds.
  path: Assets/TextMesh Pro/Shaders/TMP_SDF.shader
  artifactKey: Guid(68e6db2ebdc24f95958faec2be5558d6) Importer(2089858483,0ecaa5967403d082aa24f35e1b516d23)
Start importing Assets/TextMesh Pro/Shaders/TMP_SDF.shader using Guid(68e6db2ebdc24f95958faec2be5558d6) Importer(2089858483,0ecaa5967403d082aa24f35e1b516d23) Generated GUIDs only implemented for interfaces!
 -> (artifact id: '4c56b6f4c448591a9e9c09e667d6fe9f') in 0.026189 seconds
Number of updated asset objects reloaded before import = 0
Number of asset objects unloaded after import = 1
========================================================================
Received Import Request.
  Time since last request: 0.000026 seconds.
  path: Assets/Stages/Stage1/Stage1_Segment1.unity
  artifactKey: Guid(4c988e29ccfebf8488d621bb8cf2f65a) Importer(2089858483,0ecaa5967403d082aa24f35e1b516d23)
Start importing Assets/Stages/Stage1/Stage1_Segment1.unity using Guid(4c988e29ccfebf8488d621bb8cf2f65a) Importer(2089858483,0ecaa5967403d082aa24f35e1b516d23) Generated GUIDs only implemented for interfaces!
 -> (artifact id: '339100be75b20b032c66201c2369c198') in 0.022735 seconds
Number of updated asset objects reloaded before import = 0
Number of asset objects unloaded after import = 1
========================================================================
Received Import Request.
  Time since last request: 0.000027 seconds.
  path: Assets/Animations/Placeholder/Player/LightAttack2Placeholder.anim
  artifactKey: Guid(0296d7787a3d4d142b38571c0a5a5933) Importer(2089858483,0ecaa5967403d082aa24f35e1b516d23)
Start importing Assets/Animations/Placeholder/Player/LightAttack2Placeholder.anim using Guid(0296d7787a3d4d142b38571c0a5a5933) Importer(2089858483,0ecaa5967403d082aa24f35e1b516d23) Generated GUIDs only implemented for interfaces!
 -> (artifact id: '33d6a151c06cb1345313562e6c4f2f29') in 0.024084 seconds
Number of updated asset objects reloaded before import = 0
Number of asset objects unloaded after import = 1
========================================================================
Received Import Request.
  Time since last request: 0.000023 seconds.
  path: Assets/Materials/textures/WASDControlSketch.png
  artifactKey: Guid(0c3d8524ef650a140a49d516a67145d0) Importer(2089858483,0ecaa5967403d082aa24f35e1b516d23)
Start importing Assets/Materials/textures/WASDControlSketch.png using Guid(0c3d8524ef650a140a49d516a67145d0) Importer(2089858483,0ecaa5967403d082aa24f35e1b516d23) Generated GUIDs only implemented for interfaces!
 -> (artifact id: 'c5369d6690a0e9c951672f68255fc018') in 0.043756 seconds
Number of updated asset objects reloaded before import = 0
Number of asset objects unloaded after import = 1
========================================================================
Received Import Request.
  Time since last request: 0.000032 seconds.
  path: Assets/Animations/Placeholder/Player/PlayerAnimatorPlaceholder.controller
  artifactKey: Guid(dcc4d0c8e3e766b40a6480409481e69a) Importer(2089858483,0ecaa5967403d082aa24f35e1b516d23)
Start importing Assets/Animations/Placeholder/Player/PlayerAnimatorPlaceholder.controller using Guid(dcc4d0c8e3e766b40a6480409481e69a) Importer(2089858483,0ecaa5967403d082aa24f35e1b516d23) Generated GUIDs only implemented for interfaces!
 -> (artifact id: 'b0c01d9339ee83d2bfb0ca069f5bdf2e') in 0.028364 seconds
Number of updated asset objects reloaded before import = 0
Number of asset objects unloaded after import = 60
========================================================================
Received Import Request.
  Time since last request: 0.000055 seconds.
  path: Assets/prefabs/Sniper_prefab.prefab
  artifactKey: Guid(b3f4d646fdfa5ae4da12c1663fb040b8) Importer(2089858483,0ecaa5967403d082aa24f35e1b516d23)
Start importing Assets/prefabs/Sniper_prefab.prefab using Guid(b3f4d646fdfa5ae4da12c1663fb040b8) Importer(2089858483,0ecaa5967403d082aa24f35e1b516d23) Generated GUIDs only implemented for interfaces!
 -> (artifact id: '440b693eede44f32bf7b6f04413b866c') in 0.047460 seconds
Number of updated asset objects reloaded before import = 0
Number of asset objects unloaded after import = 26
========================================================================
Received Import Request.
  Time since last request: 0.000030 seconds.
  path: Assets/Animations/Enemy/Sniper/SniperWalk.anim
  artifactKey: Guid(e79256b4637fb00419f09235505bf31f) Importer(2089858483,0ecaa5967403d082aa24f35e1b516d23)
Start importing Assets/Animations/Enemy/Sniper/SniperWalk.anim using Guid(e79256b4637fb00419f09235505bf31f) Importer(2089858483,0ecaa5967403d082aa24f35e1b516d23) Generated GUIDs only implemented for interfaces!
 -> (artifact id: 'b4425ae18bdd6957c13300a98345c11f') in 0.023385 seconds
Number of updated asset objects reloaded before import = 0
Number of asset objects unloaded after import = 1
========================================================================
Received Import Request.
  Time since last request: 0.125334 seconds.
  path: Assets/Animations/VFXAnimationThing/PlayerHeavyAttack/BasicAttack.anim
  artifactKey: Guid(f28abe222bd9efa4d93c4df0d2e7d139) Importer(2089858483,0ecaa5967403d082aa24f35e1b516d23)
Start importing Assets/Animations/VFXAnimationThing/PlayerHeavyAttack/BasicAttack.anim using Guid(f28abe222bd9efa4d93c4df0d2e7d139) Importer(2089858483,0ecaa5967403d082aa24f35e1b516d23) Generated GUIDs only implemented for interfaces!
 -> (artifact id: 'a2c44cf8a0f6b77aeabc935affceb760') in 0.033194 seconds
Number of updated asset objects reloaded before import = 0
Number of asset objects unloaded after import = 1
========================================================================
Received Import Request.
  Time since last request: 0.000023 seconds.
  path: Assets/Sprites/Placeholder/Enemy/EnemyWalkPlaceholder2.png
  artifactKey: Guid(f4f0b617259762f4bae4b9e9b52e141e) Importer(2089858483,0ecaa5967403d082aa24f35e1b516d23)
Start importing Assets/Sprites/Placeholder/Enemy/EnemyWalkPlaceholder2.png using Guid(f4f0b617259762f4bae4b9e9b52e141e) Importer(2089858483,0ecaa5967403d082aa24f35e1b516d23) Generated GUIDs only implemented for interfaces!
 -> (artifact id: 'f7ca23fe70cd99c519ae75088afbde15') in 0.051253 seconds
Number of updated asset objects reloaded before import = 0
Number of asset objects unloaded after import = 3
========================================================================
Received Import Request.
  Time since last request: 0.000028 seconds.
  path: Assets/Eric/Prefabs/ScenarioPrefabs/Bush1.prefab
  artifactKey: Guid(20b62caf61c7225439d3f692be0c946b) Importer(2089858483,0ecaa5967403d082aa24f35e1b516d23)
Start importing Assets/Eric/Prefabs/ScenarioPrefabs/Bush1.prefab using Guid(20b62caf61c7225439d3f692be0c946b) Importer(2089858483,0ecaa5967403d082aa24f35e1b516d23) Generated GUIDs only implemented for interfaces!
 -> (artifact id: 'cd71ebdf8369c6fec405fa4afd9d638d') in 0.020822 seconds
Number of updated asset objects reloaded before import = 0
Number of asset objects unloaded after import = 9
========================================================================
Received Import Request.
  Time since last request: 0.000206 seconds.
  path: Assets/Sprites/Placeholder/Enemy/EnemyAttackPlaceholder2.png
  artifactKey: Guid(ba8ec62ff9d142c448ff0aaedf08cb15) Importer(2089858483,0ecaa5967403d082aa24f35e1b516d23)
Start importing Assets/Sprites/Placeholder/Enemy/EnemyAttackPlaceholder2.png using Guid(ba8ec62ff9d142c448ff0aaedf08cb15) Importer(2089858483,0ecaa5967403d082aa24f35e1b516d23) Generated GUIDs only implemented for interfaces!
 -> (artifact id: 'ba8893c76388ad34d63f7a3835fdfb1b') in 0.040230 seconds
Number of updated asset objects reloaded before import = 0
Number of asset objects unloaded after import = 3
========================================================================
Received Import Request.
  Time since last request: 0.000027 seconds.
  path: Assets/Sprites/Placeholder/ColorburstEffects/CyanAOESprite.png
  artifactKey: Guid(c96aa75535e7865478795ec9c2255aa2) Importer(2089858483,0ecaa5967403d082aa24f35e1b516d23)
Start importing Assets/Sprites/Placeholder/ColorburstEffects/CyanAOESprite.png using Guid(c96aa75535e7865478795ec9c2255aa2) Importer(2089858483,0ecaa5967403d082aa24f35e1b516d23) Generated GUIDs only implemented for interfaces!
 -> (artifact id: 'f0b03f282732381c79427c2d064facd8') in 0.041895 seconds
Number of updated asset objects reloaded before import = 0
Number of asset objects unloaded after import = 3
========================================================================
Received Import Request.
  Time since last request: 0.000041 seconds.
  path: Assets/Eric/Scripts/ColorSystem/EnemyColorSystem.cs
  artifactKey: Guid(12f1b760aa213e043a64a1419b457044) Importer(2089858483,0ecaa5967403d082aa24f35e1b516d23)
Start importing Assets/Eric/Scripts/ColorSystem/EnemyColorSystem.cs using Guid(12f1b760aa213e043a64a1419b457044) Importer(2089858483,0ecaa5967403d082aa24f35e1b516d23) Generated GUIDs only implemented for interfaces!
 -> (artifact id: '651f79adfa07f7396fc334342a8b290f') in 0.020280 seconds
Number of updated asset objects reloaded before import = 0
Number of asset objects unloaded after import = 1
========================================================================
Received Import Request.
  Time since last request: 0.000027 seconds.
  path: Assets/Eric/Scripts/Miscellaneous/SpriteScript.cs
  artifactKey: Guid(3de5726276e62aa42a74f87cc8c346be) Importer(2089858483,0ecaa5967403d082aa24f35e1b516d23)
Start importing Assets/Eric/Scripts/Miscellaneous/SpriteScript.cs using Guid(3de5726276e62aa42a74f87cc8c346be) Importer(2089858483,0ecaa5967403d082aa24f35e1b516d23) Generated GUIDs only implemented for interfaces!
 -> (artifact id: '4143eb91f8757591e98e1e80e7385bc6') in 0.020808 seconds
Number of updated asset objects reloaded before import = 0
Number of asset objects unloaded after import = 1
========================================================================
Received Import Request.
  Time since last request: 0.000026 seconds.
  path: Assets/Sprites/Placeholder/Enemy/enemyBullDash4Placeholder.png
  artifactKey: Guid(1a7cd619464c647498ebc9256ec0be6e) Importer(2089858483,0ecaa5967403d082aa24f35e1b516d23)
Start importing Assets/Sprites/Placeholder/Enemy/enemyBullDash4Placeholder.png using Guid(1a7cd619464c647498ebc9256ec0be6e) Importer(2089858483,0ecaa5967403d082aa24f35e1b516d23) Generated GUIDs only implemented for interfaces!
 -> (artifact id: '9c89da4ee0315bc6f9ed5d9cd721da8a') in 0.042982 seconds
Number of updated asset objects reloaded before import = 0
Number of asset objects unloaded after import = 3
========================================================================
Received Import Request.
  Time since last request: 0.137009 seconds.
  path: Assets/Sprites/Placeholder/Player/RunAnimPlaceholder.png
  artifactKey: Guid(fcd135d10c846c64880d9de0bc0b1db2) Importer(2089858483,0ecaa5967403d082aa24f35e1b516d23)
Start importing Assets/Sprites/Placeholder/Player/RunAnimPlaceholder.png using Guid(fcd135d10c846c64880d9de0bc0b1db2) Importer(2089858483,0ecaa5967403d082aa24f35e1b516d23) Generated GUIDs only implemented for interfaces!
 -> (artifact id: '34f5864b58be76d4868066f080e751ba') in 0.051434 seconds
Number of updated asset objects reloaded before import = 0
Number of asset objects unloaded after import = 6
========================================================================
Received Import Request.
  Time since last request: 0.000019 seconds.
  path: Assets/Sprites/PlayerSprites/PlayerDeathSprites/Player_DeathFrame5.png
  artifactKey: Guid(a525f41198626b64190fe6447fcef07c) Importer(2089858483,0ecaa5967403d082aa24f35e1b516d23)
Start importing Assets/Sprites/PlayerSprites/PlayerDeathSprites/Player_DeathFrame5.png using Guid(a525f41198626b64190fe6447fcef07c) Importer(2089858483,0ecaa5967403d082aa24f35e1b516d23) Generated GUIDs only implemented for interfaces!
 -> (artifact id: 'fe4eb25dfebeb45d80551821278db5dc') in 0.050394 seconds
Number of updated asset objects reloaded before import = 0
Number of asset objects unloaded after import = 3
========================================================================
Received Import Request.
  Time since last request: 0.000023 seconds.
  path: Assets/Sprites/PlayerSprites/ChargedAttackFramesV2/BrushTip_chargedAttackFrame7V2.png
  artifactKey: Guid(e8533bae2c3f39d4dbab0f6f0cc3a49b) Importer(2089858483,0ecaa5967403d082aa24f35e1b516d23)
Start importing Assets/Sprites/PlayerSprites/ChargedAttackFramesV2/BrushTip_chargedAttackFrame7V2.png using Guid(e8533bae2c3f39d4dbab0f6f0cc3a49b) Importer(2089858483,0ecaa5967403d082aa24f35e1b516d23) Generated GUIDs only implemented for interfaces!
 -> (artifact id: 'ba44357fc7488b2cd1733162e36d109a') in 0.062048 seconds
Number of updated asset objects reloaded before import = 0
Number of asset objects unloaded after import = 3
========================================================================
Received Import Request.
  Time since last request: 0.000033 seconds.
  path: Assets/Sprites/PlayerSprites/PlayerChargedAttackSprites/BrushTip_ChargedAttackFrame1.png
  artifactKey: Guid(490f02c9ec811b64d83fb1031b0c2113) Importer(2089858483,0ecaa5967403d082aa24f35e1b516d23)
Start importing Assets/Sprites/PlayerSprites/PlayerChargedAttackSprites/BrushTip_ChargedAttackFrame1.png using Guid(490f02c9ec811b64d83fb1031b0c2113) Importer(2089858483,0ecaa5967403d082aa24f35e1b516d23) Generated GUIDs only implemented for interfaces!
 -> (artifact id: '78c2e40e6ff408652e0607409bd029fb') in 0.046811 seconds
Number of updated asset objects reloaded before import = 0
Number of asset objects unloaded after import = 3
========================================================================
Received Import Request.
  Time since last request: 0.000362 seconds.
  path: Assets/Sprites/PlayerSprites/PlayerDeathSprites/Player_DeathFrame10.png
  artifactKey: Guid(26a9ddbff8a653d4c98286da5c0c5fa8) Importer(2089858483,0ecaa5967403d082aa24f35e1b516d23)
Start importing Assets/Sprites/PlayerSprites/PlayerDeathSprites/Player_DeathFrame10.png using Guid(26a9ddbff8a653d4c98286da5c0c5fa8) Importer(2089858483,0ecaa5967403d082aa24f35e1b516d23) Generated GUIDs only implemented for interfaces!
 -> (artifact id: '23cabda5f0a4b58b60ee254fece8b0c9') in 0.061955 seconds
Number of updated asset objects reloaded before import = 0
Number of asset objects unloaded after import = 3
========================================================================
Received Import Request.
  Time since last request: 0.000025 seconds.
  path: Assets/Sprites/PlayerSprites/PlayerDeathSprites/BrushTip_DeathFrame15.png
  artifactKey: Guid(16af6522e31cc6d47b54e705bf020994) Importer(2089858483,0ecaa5967403d082aa24f35e1b516d23)
Start importing Assets/Sprites/PlayerSprites/PlayerDeathSprites/BrushTip_DeathFrame15.png using Guid(16af6522e31cc6d47b54e705bf020994) Importer(2089858483,0ecaa5967403d082aa24f35e1b516d23) Generated GUIDs only implemented for interfaces!
 -> (artifact id: 'aaa98364128fecb323a272c88aa16113') in 0.044488 seconds
Number of updated asset objects reloaded before import = 0
Number of asset objects unloaded after import = 3
========================================================================
Received Import Request.
  Time since last request: 0.000027 seconds.
  path: Assets/Sprites/PlayerSprites/PlayerChargedAttackSprites/BrushTip_ChargedAttackFrame4.png
  artifactKey: Guid(3c5bbac0a40691346931c2506601f95b) Importer(2089858483,0ecaa5967403d082aa24f35e1b516d23)
Start importing Assets/Sprites/PlayerSprites/PlayerChargedAttackSprites/BrushTip_ChargedAttackFrame4.png using Guid(3c5bbac0a40691346931c2506601f95b) Importer(2089858483,0ecaa5967403d082aa24f35e1b516d23) Generated GUIDs only implemented for interfaces!
 -> (artifact id: 'ec76ad733338ac45a3bdbe25147c27fc') in 0.047345 seconds
Number of updated asset objects reloaded before import = 0
Number of asset objects unloaded after import = 3
========================================================================
Received Import Request.
  Time since last request: 0.000029 seconds.
  path: Assets/Sprites/PlayerSprites/PlayerChargedAttackSprites/Player_ChargedAttackFrame5.png
  artifactKey: Guid(9a2a2b60102ca3343bea9bc463539435) Importer(2089858483,0ecaa5967403d082aa24f35e1b516d23)
Start importing Assets/Sprites/PlayerSprites/PlayerChargedAttackSprites/Player_ChargedAttackFrame5.png using Guid(9a2a2b60102ca3343bea9bc463539435) Importer(2089858483,0ecaa5967403d082aa24f35e1b516d23) Generated GUIDs only implemented for interfaces!
 -> (artifact id: '9b5f75007c74e457301e43b289ee8f75') in 0.042571 seconds
Number of updated asset objects reloaded before import = 0
Number of asset objects unloaded after import = 3
========================================================================
Received Import Request.
  Time since last request: 0.000029 seconds.
  path: Assets/Sprites/PlayerSprites/RunFramesV2/Player_RunFrame6V2.png
  artifactKey: Guid(a6d774d8422a9af449f00bb1e44a32cd) Importer(2089858483,0ecaa5967403d082aa24f35e1b516d23)
Start importing Assets/Sprites/PlayerSprites/RunFramesV2/Player_RunFrame6V2.png using Guid(a6d774d8422a9af449f00bb1e44a32cd) Importer(2089858483,0ecaa5967403d082aa24f35e1b516d23) Generated GUIDs only implemented for interfaces!
 -> (artifact id: '0ab532493a9d50710b1ed046bdd39bc0') in 0.041452 seconds
Number of updated asset objects reloaded before import = 0
Number of asset objects unloaded after import = 3
========================================================================
Received Import Request.
  Time since last request: 0.000033 seconds.
  path: Assets/Sprites/PlayerSprites/RunFramesV6/Player_RunFrame8V6.png
  artifactKey: Guid(226a70380f6a13547ad532c757743545) Importer(2089858483,0ecaa5967403d082aa24f35e1b516d23)
Start importing Assets/Sprites/PlayerSprites/RunFramesV6/Player_RunFrame8V6.png using Guid(226a70380f6a13547ad532c757743545) Importer(2089858483,0ecaa5967403d082aa24f35e1b516d23) Generated GUIDs only implemented for interfaces!
 -> (artifact id: 'bfe29c335d66c288cfafb5f5365a1276') in 0.045773 seconds
Number of updated asset objects reloaded before import = 0
Number of asset objects unloaded after import = 3
========================================================================
Received Import Request.
  Time since last request: 0.000031 seconds.
  path: Assets/Sprites/PlayerSprites/RunFramesV3/Player_RunFrame1V3.png
  artifactKey: Guid(3e3efde5f1852604cab9dcdab7d87df9) Importer(2089858483,0ecaa5967403d082aa24f35e1b516d23)
Start importing Assets/Sprites/PlayerSprites/RunFramesV3/Player_RunFrame1V3.png using Guid(3e3efde5f1852604cab9dcdab7d87df9) Importer(2089858483,0ecaa5967403d082aa24f35e1b516d23) Generated GUIDs only implemented for interfaces!
 -> (artifact id: '26cf01ef3e1f0b613e88ef633bc5c1d7') in 0.044791 seconds
Number of updated asset objects reloaded before import = 0
Number of asset objects unloaded after import = 3
========================================================================
Received Import Request.
  Time since last request: 0.000024 seconds.
  path: Assets/Sprites/PlayerSprites/RunFramesV3/Player_RunFrame3V3.png
  artifactKey: Guid(78912017bca3bff4d8fa5ded8fa57e05) Importer(2089858483,0ecaa5967403d082aa24f35e1b516d23)
Start importing Assets/Sprites/PlayerSprites/RunFramesV3/Player_RunFrame3V3.png using Guid(78912017bca3bff4d8fa5ded8fa57e05) Importer(2089858483,0ecaa5967403d082aa24f35e1b516d23) Generated GUIDs only implemented for interfaces!
 -> (artifact id: '4fa772656af45f285a3d43c5e6aa07b3') in 0.053977 seconds
Number of updated asset objects reloaded before import = 0
Number of asset objects unloaded after import = 3
========================================================================
Received Import Request.
  Time since last request: 0.001070 seconds.
  path: Assets/TextMesh Pro/Resources/Fonts & Materials/LiberationSans SDF - Outline.mat
  artifactKey: Guid(79459efec17a4d00a321bdcc27bbc385) Importer(2089858483,0ecaa5967403d082aa24f35e1b516d23)
Start importing Assets/TextMesh Pro/Resources/Fonts & Materials/LiberationSans SDF - Outline.mat using Guid(79459efec17a4d00a321bdcc27bbc385) Importer(2089858483,0ecaa5967403d082aa24f35e1b516d23) Generated GUIDs only implemented for interfaces!
 -> (artifact id: 'a6ab58a2af658e570ce20d0ea7b864b6') in 0.060996 seconds
Number of updated asset objects reloaded before import = 0
Number of asset objects unloaded after import = 2
========================================================================
Received Import Request.
  Time since last request: 0.000024 seconds.
  path: Assets/Eric/Prefabs/EnemyPrefabs/EnemySpawnStuff/BullSpawnPosRef.prefab
  artifactKey: Guid(930a7161b4f490a4ba4106759e44ea0a) Importer(2089858483,0ecaa5967403d082aa24f35e1b516d23)
Start importing Assets/Eric/Prefabs/EnemyPrefabs/EnemySpawnStuff/BullSpawnPosRef.prefab using Guid(930a7161b4f490a4ba4106759e44ea0a) Importer(2089858483,0ecaa5967403d082aa24f35e1b516d23) Generated GUIDs only implemented for interfaces!
 -> (artifact id: '6870f04bb409cda9ab6827b526eb646d') in 0.025471 seconds
Number of updated asset objects reloaded before import = 0
Number of asset objects unloaded after import = 5
========================================================================
Received Import Request.
  Time since last request: 0.000036 seconds.
  path: Assets/Eric/Prefabs/EnemyPrefabs/Enemies/MinionEnemy.prefab
  artifactKey: Guid(f947eeee6e0c144419978c34cb842256) Importer(2089858483,0ecaa5967403d082aa24f35e1b516d23)
Start importing Assets/Eric/Prefabs/EnemyPrefabs/Enemies/MinionEnemy.prefab using Guid(f947eeee6e0c144419978c34cb842256) Importer(2089858483,0ecaa5967403d082aa24f35e1b516d23) Generated GUIDs only implemented for interfaces!
 -> (artifact id: '12caabbd5877216e58fdc7bf81bcc178') in 0.068029 seconds
Number of updated asset objects reloaded before import = 0
Number of asset objects unloaded after import = 149
========================================================================
Received Import Request.
  Time since last request: 0.000036 seconds.
  path: Assets/Sprites/PlayerSprites/RunFramesV5/Player_RunFrame1V5.png
  artifactKey: Guid(4e113092b279e4a4b889cfc17d118acd) Importer(2089858483,0ecaa5967403d082aa24f35e1b516d23)
Start importing Assets/Sprites/PlayerSprites/RunFramesV5/Player_RunFrame1V5.png using Guid(4e113092b279e4a4b889cfc17d118acd) Importer(2089858483,0ecaa5967403d082aa24f35e1b516d23) Generated GUIDs only implemented for interfaces!
 -> (artifact id: '2c91968df3a97555abe0081f6e5273de') in 0.044702 seconds
Number of updated asset objects reloaded before import = 0
Number of asset objects unloaded after import = 3
========================================================================
Received Import Request.
  Time since last request: 0.000019 seconds.
  path: Assets/Sprites/PlayerSprites/ChargedAttackFramesV2/Player_ChargedAttackFrame14V2.png
  artifactKey: Guid(e8b3c657164d63d40ae22d1f65e03072) Importer(2089858483,0ecaa5967403d082aa24f35e1b516d23)
Start importing Assets/Sprites/PlayerSprites/ChargedAttackFramesV2/Player_ChargedAttackFrame14V2.png using Guid(e8b3c657164d63d40ae22d1f65e03072) Importer(2089858483,0ecaa5967403d082aa24f35e1b516d23) Generated GUIDs only implemented for interfaces!
 -> (artifact id: '107f2f7af6622217164be756cb52d60b') in 0.043857 seconds
Number of updated asset objects reloaded before import = 0
Number of asset objects unloaded after import = 3
========================================================================
Received Import Request.
  Time since last request: 0.000029 seconds.
  path: Assets/Sprites/Placeholder/Player/Attacks/ThirdAttackPlaceholder1.png
  artifactKey: Guid(d4fdcc2606263814082755fed49b5dd6) Importer(2089858483,0ecaa5967403d082aa24f35e1b516d23)
Start importing Assets/Sprites/Placeholder/Player/Attacks/ThirdAttackPlaceholder1.png using Guid(d4fdcc2606263814082755fed49b5dd6) Importer(2089858483,0ecaa5967403d082aa24f35e1b516d23) Generated GUIDs only implemented for interfaces!
 -> (artifact id: '74bd2413a55adaa6c56b5ef82a33e713') in 0.047764 seconds
Number of updated asset objects reloaded before import = 0
Number of asset objects unloaded after import = 3
========================================================================
Received Import Request.
  Time since last request: 0.000030 seconds.
  path: Assets/Sprites/EnemySprites/Goose/GooseDeathFrames/Goose_DeathFrame1.png
  artifactKey: Guid(4c354edbc1c2de545933a0097bfad5eb) Importer(2089858483,0ecaa5967403d082aa24f35e1b516d23)
Start importing Assets/Sprites/EnemySprites/Goose/GooseDeathFrames/Goose_DeathFrame1.png using Guid(4c354edbc1c2de545933a0097bfad5eb) Importer(2089858483,0ecaa5967403d082aa24f35e1b516d23) Generated GUIDs only implemented for interfaces!
 -> (artifact id: '8c772e2012ef73040cc95dc0b9f9af18') in 0.041349 seconds
Number of updated asset objects reloaded before import = 0
Number of asset objects unloaded after import = 3
========================================================================
Received Import Request.
  Time since last request: 0.000046 seconds.
  path: Assets/Sprites/EnemySprites/Squirrel/SquirrelAttackFrames/Squirrel_AttackFrame9.png
  artifactKey: Guid(bf88f4d757bc75a4a8dc6d17d06189a4) Importer(2089858483,0ecaa5967403d082aa24f35e1b516d23)
Start importing Assets/Sprites/EnemySprites/Squirrel/SquirrelAttackFrames/Squirrel_AttackFrame9.png using Guid(bf88f4d757bc75a4a8dc6d17d06189a4) Importer(2089858483,0ecaa5967403d082aa24f35e1b516d23) Generated GUIDs only implemented for interfaces!
 -> (artifact id: 'cf53f681fcd2c9695d1909ec797e148d') in 0.051301 seconds
Number of updated asset objects reloaded before import = 0
Number of asset objects unloaded after import = 3
========================================================================
Received Import Request.
  Time since last request: 0.000133 seconds.
  path: Assets/Sprites/PlayerSprites/PlayerAttackSprites/LightAttack1/LightAttackOneFrame5Painter.png
  artifactKey: Guid(33435af556dc50247bba81409029c15f) Importer(2089858483,0ecaa5967403d082aa24f35e1b516d23)
Start importing Assets/Sprites/PlayerSprites/PlayerAttackSprites/LightAttack1/LightAttackOneFrame5Painter.png using Guid(33435af556dc50247bba81409029c15f) Importer(2089858483,0ecaa5967403d082aa24f35e1b516d23) Generated GUIDs only implemented for interfaces!
 -> (artifact id: '552e2dfc5e027403151813cfe4fb6a40') in 0.044156 seconds
Number of updated asset objects reloaded before import = 0
Number of asset objects unloaded after import = 3
========================================================================
Received Import Request.
  Time since last request: 0.000032 seconds.
  path: Assets/Sprites/EnemySprites/Squirrel/SquirrelAttackFrames/Squirrel_AttackFrame10.png
  artifactKey: Guid(a7520cac5a5a637448efbc9cb70fbd5f) Importer(2089858483,0ecaa5967403d082aa24f35e1b516d23)
Start importing Assets/Sprites/EnemySprites/Squirrel/SquirrelAttackFrames/Squirrel_AttackFrame10.png using Guid(a7520cac5a5a637448efbc9cb70fbd5f) Importer(2089858483,0ecaa5967403d082aa24f35e1b516d23) Generated GUIDs only implemented for interfaces!
 -> (artifact id: '462ff60c441fb0cac225073be266e9f8') in 0.054750 seconds
Number of updated asset objects reloaded before import = 0
Number of asset objects unloaded after import = 3
========================================================================
Received Import Request.
  Time since last request: 0.000025 seconds.
  path: Assets/Sprites/PlayerSprites/PlayerRunSprites/Player_RunFrame1.png
  artifactKey: Guid(debd4ad599d0ede4db0ea5a421dd24e9) Importer(2089858483,0ecaa5967403d082aa24f35e1b516d23)
Start importing Assets/Sprites/PlayerSprites/PlayerRunSprites/Player_RunFrame1.png using Guid(debd4ad599d0ede4db0ea5a421dd24e9) Importer(2089858483,0ecaa5967403d082aa24f35e1b516d23) Generated GUIDs only implemented for interfaces!
 -> (artifact id: '56f158dd1994157e337fa696bcf5ba19') in 0.029642 seconds
Number of updated asset objects reloaded before import = 0
Number of asset objects unloaded after import = 3
Editor requested this worker to shutdown with reason: balancing worker count downwards
TcpMessagingSession - receive error: operation aborted. errorcode: 995, details: A operao de E/S foi anulada devido a uma sada de thread ou a uma requisio de aplicativo.
AssetImportWorker is now disconnected from the server
Process exiting
Exiting without the bug reporter. Application will terminate with return code 0