Using pre-set license
Built from '2022.3/staging' branch; Version is '2022.3.10f1 (ff3792e53c62) revision 16725906'; Using compiler version '192829333'; Build Type 'Release'
OS: 'Windows 11  (10.0.22631) 64bit Core' Language: 'pt' Physical Memory: 32560 MB
BatchMode: 1, IsHumanControllingUs: 0, StartBugReporterOnCrash: 0, Is64bit: 1, IsPro: 1

COMMAND LINE ARGUMENTS:
C:\Program Files\2022.3.10f1\Editor\Unity.exe
-adb2
-batchMode
-noUpm
-name
AssetImportWorker7
-projectPath
C:/Users/Eric/Documents/GitHub/InkweaverV2
-logFile
Logs/AssetImportWorker7.log
-srvPort
65302
Successfully changed project path to: C:/Users/Eric/Documents/GitHub/InkweaverV2
C:/Users/Eric/Documents/GitHub/InkweaverV2
[UnityMemory] Configuration Parameters - Can be set up in boot.config
    "memorysetup-bucket-allocator-granularity=16"
    "memorysetup-bucket-allocator-bucket-count=8"
    "memorysetup-bucket-allocator-block-size=33554432"
    "memorysetup-bucket-allocator-block-count=8"
    "memorysetup-main-allocator-block-size=16777216"
    "memorysetup-thread-allocator-block-size=16777216"
    "memorysetup-gfx-main-allocator-block-size=16777216"
    "memorysetup-gfx-thread-allocator-block-size=16777216"
    "memorysetup-cache-allocator-block-size=4194304"
    "memorysetup-typetree-allocator-block-size=2097152"
    "memorysetup-profiler-bucket-allocator-granularity=16"
    "memorysetup-profiler-bucket-allocator-bucket-count=8"
    "memorysetup-profiler-bucket-allocator-block-size=33554432"
    "memorysetup-profiler-bucket-allocator-block-count=8"
    "memorysetup-profiler-allocator-block-size=16777216"
    "memorysetup-profiler-editor-allocator-block-size=1048576"
    "memorysetup-temp-allocator-size-main=16777216"
    "memorysetup-job-temp-allocator-block-size=2097152"
    "memorysetup-job-temp-allocator-block-size-background=1048576"
    "memorysetup-job-temp-allocator-reduction-small-platforms=262144"
    "memorysetup-allocator-temp-initial-block-size-main=262144"
    "memorysetup-allocator-temp-initial-block-size-worker=262144"
    "memorysetup-temp-allocator-size-background-worker=32768"
    "memorysetup-temp-allocator-size-job-worker=262144"
    "memorysetup-temp-allocator-size-preload-manager=33554432"
    "memorysetup-temp-allocator-size-nav-mesh-worker=65536"
    "memorysetup-temp-allocator-size-audio-worker=65536"
    "memorysetup-temp-allocator-size-cloud-worker=32768"
    "memorysetup-temp-allocator-size-gi-baking-worker=262144"
    "memorysetup-temp-allocator-size-gfx=262144"
Player connection [29892] Host "[IP] 192.168.0.106 [Port] 0 [Flags] 2 [Guid] 3769043355 [EditorId] 3769043355 [Version] 1048832 [Id] WindowsEditor(7,Kito) [Debug] 1 [PackageName] WindowsEditor [ProjectName] Editor" joined multi-casting on [225.0.0.222:54997]...

Player connection [29892] Host "[IP] 192.168.0.106 [Port] 0 [Flags] 2 [Guid] 3769043355 [EditorId] 3769043355 [Version] 1048832 [Id] WindowsEditor(7,Kito) [Debug] 1 [PackageName] WindowsEditor [ProjectName] Editor" joined alternative multi-casting on [225.0.0.222:34997]...

[Physics::Module] Initialized MultithreadedJobDispatcher with 15 workers.
Refreshing native plugins compatible for Editor in 16.38 ms, found 4 plugins.
Preloading 0 native plugins for Editor in 0.00 ms.
Initialize engine version: 2022.3.10f1 (ff3792e53c62)
[Subsystems] Discovering subsystems at path C:/Program Files/2022.3.10f1/Editor/Data/Resources/UnitySubsystems
[Subsystems] Discovering subsystems at path C:/Users/Eric/Documents/GitHub/InkweaverV2/Assets
GfxDevice: creating device client; threaded=0; jobified=0
Direct3D:
    Version:  Direct3D 11.0 [level 11.1]
    Renderer: AMD Radeon RX 6600 (ID=0x73ff)
    Vendor:   ATI
    VRAM:     8147 MB
    Driver:   31.0.24031.5001
Initialize mono
Mono path[0] = 'C:/Program Files/2022.3.10f1/Editor/Data/Managed'
Mono path[1] = 'C:/Program Files/2022.3.10f1/Editor/Data/MonoBleedingEdge/lib/mono/unityjit-win32'
Mono config path = 'C:/Program Files/2022.3.10f1/Editor/Data/MonoBleedingEdge/etc'
Using monoOptions --debugger-agent=transport=dt_socket,embedding=1,server=y,suspend=n,address=127.0.0.1:56068
Begin MonoManager ReloadAssembly
Registering precompiled unity dll's ...
Register platform support module: C:/Program Files/2022.3.10f1/Editor/Data/PlaybackEngines/WindowsStandaloneSupport/UnityEditor.WindowsStandalone.Extensions.dll
Registered in 0.007530 seconds.
- Loaded All Assemblies, in  0.497 seconds
Native extension for WindowsStandalone target not found
Mono: successfully reloaded assembly
- Finished resetting the current domain, in  0.381 seconds
Domain Reload Profiling: 875ms
	BeginReloadAssembly (148ms)
		ExecutionOrderSort (0ms)
		DisableScriptedObjects (0ms)
		BackupInstance (0ms)
		ReleaseScriptingObjects (0ms)
		CreateAndSetChildDomain (1ms)
	RebuildCommonClasses (53ms)
	RebuildNativeTypeToScriptingClass (15ms)
	initialDomainReloadingComplete (79ms)
	LoadAllAssembliesAndSetupDomain (198ms)
		LoadAssemblies (142ms)
		RebuildTransferFunctionScriptingTraits (0ms)
		AnalyzeDomain (196ms)
			TypeCache.Refresh (193ms)
				TypeCache.ScanAssembly (172ms)
			ScanForSourceGeneratedMonoScriptInfo (1ms)
			ResolveRequiredComponents (1ms)
	FinalizeReload (381ms)
		ReleaseScriptCaches (0ms)
		RebuildScriptCaches (0ms)
		SetupLoadedEditorAssemblies (291ms)
			LogAssemblyErrors (0ms)
			InitializePlatformSupportModulesInManaged (14ms)
			SetLoadedEditorAssemblies (12ms)
			RefreshPlugins (0ms)
			BeforeProcessingInitializeOnLoad (4ms)
			ProcessInitializeOnLoadAttributes (191ms)
			ProcessInitializeOnLoadMethodAttributes (69ms)
			AfterProcessingInitializeOnLoad (0ms)
			EditorAssembliesLoaded (0ms)
		ExecutionOrderSort2 (0ms)
		AwakeInstancesAfterBackupRestoration (0ms)
========================================================================
Worker process is ready to serve import requests
Begin MonoManager ReloadAssembly
- Loaded All Assemblies, in  1.522 seconds
Refreshing native plugins compatible for Editor in 6.58 ms, found 4 plugins.
Native extension for WindowsStandalone target not found
Package Manager log level set to [2]
[Package Manager] Server::EnsureServerProcessIsRunning -- launch failed, reason: Unity was launched with the -noUpm command-line argument
[Package Manager] UpmClient::Send -- Unable to send message (not connected to UPM process).
[Package Manager] Cannot connect to Unity Package Manager local server
Mono: successfully reloaded assembly
- Finished resetting the current domain, in  1.186 seconds
Domain Reload Profiling: 2701ms
	BeginReloadAssembly (258ms)
		ExecutionOrderSort (0ms)
		DisableScriptedObjects (11ms)
		BackupInstance (0ms)
		ReleaseScriptingObjects (0ms)
		CreateAndSetChildDomain (51ms)
	RebuildCommonClasses (67ms)
	RebuildNativeTypeToScriptingClass (16ms)
	initialDomainReloadingComplete (88ms)
	LoadAllAssembliesAndSetupDomain (1084ms)
		LoadAssemblies (726ms)
		RebuildTransferFunctionScriptingTraits (0ms)
		AnalyzeDomain (496ms)
			TypeCache.Refresh (438ms)
				TypeCache.ScanAssembly (401ms)
			ScanForSourceGeneratedMonoScriptInfo (43ms)
			ResolveRequiredComponents (13ms)
	FinalizeReload (1187ms)
		ReleaseScriptCaches (0ms)
		RebuildScriptCaches (0ms)
		SetupLoadedEditorAssemblies (885ms)
			LogAssemblyErrors (0ms)
			InitializePlatformSupportModulesInManaged (11ms)
			SetLoadedEditorAssemblies (5ms)
			RefreshPlugins (0ms)
			BeforeProcessingInitializeOnLoad (136ms)
			ProcessInitializeOnLoadAttributes (571ms)
			ProcessInitializeOnLoadMethodAttributes (150ms)
			AfterProcessingInitializeOnLoad (11ms)
			EditorAssembliesLoaded (0ms)
		ExecutionOrderSort2 (0ms)
		AwakeInstancesAfterBackupRestoration (11ms)
Launched and connected shader compiler UnityShaderCompiler.exe after 0.08 seconds
Refreshing native plugins compatible for Editor in 10.51 ms, found 4 plugins.
Preloading 0 native plugins for Editor in 0.00 ms.
Unloading 5905 Unused Serialized files (Serialized files now loaded: 0)
Unloading 85 unused Assets / (352.4 KB). Loaded Objects now: 6379.
Memory consumption went from 222.9 MB to 222.6 MB.
Total: 8.669300 ms (FindLiveObjects: 1.031500 ms CreateObjectMapping: 0.671500 ms MarkObjects: 6.556000 ms  DeleteObjects: 0.408200 ms)

AssetImportParameters requested are different than current active one (requested -> active):
  custom:container-demuxer-ogg: 62fdf1f143b41e24485cea50d1cbac27 -> 
  custom:video-decoder-ogg-theora: a1e56fd34408186e4bbccfd4996cb3dc -> 
  custom:framework-win-MediaFoundation: 216162199b28c13a410421893ffa2e32 -> 
  custom:CustomObjectIndexerAttribute: a3ef5dd2817f97addfee359851a9dba5 -> 
  custom:container-demuxer-webm: 4f35f7cbe854078d1ac9338744f61a02 -> 
  custom:container-muxer-webm: aa71ff27fc2769a1b78a27578f13a17b -> 
  custom:video-decoder-webm-vp8: 9c59270c3fd7afecdb556c50c9e8de78 -> 
  custom:SearchIndexIgnoredProperties: e643bd26f0fe6173181afceb89e7c659 -> 
  custom:AudioImporter_EditorPlatform: d09bf68614088b80899f8185d706f6e7 -> 
  custom:video-encoder-webm-vp8: eb34c28f22e8b96e1ab97ce403110664 -> 
  custom:audio-decoder-ogg-vorbis: bf7c407c2cedff20999df2af8eb42d56 -> 
  custom:audio-encoder-webm-vorbis: bf7c407c2cedff20999df2af8eb42d56 -> 
========================================================================
Received Import Request.
  Time since last request: 1771092.331874 seconds.
  path: Assets/Animations/DamageVignete/StandardAnim.anim
  artifactKey: Guid(49b0442393070ea48a8458afab68f0e9) Importer(2089858483,0ecaa5967403d082aa24f35e1b516d23)
Start importing Assets/Animations/DamageVignete/StandardAnim.anim using Guid(49b0442393070ea48a8458afab68f0e9) Importer(2089858483,0ecaa5967403d082aa24f35e1b516d23) Generated GUIDs only implemented for interfaces!
 -> (artifact id: '0ee14def497b13a14a53a9e69589151b') in 0.371726 seconds
Number of updated asset objects reloaded before import = 0
Number of asset objects unloaded after import = 1
========================================================================
Received Import Request.
  Time since last request: 0.000061 seconds.
  path: Assets/Sprites/Scenario/arbusto2.png
  artifactKey: Guid(58bac7d2692d89e44be87ebf917c5d4b) Importer(2089858483,0ecaa5967403d082aa24f35e1b516d23)
Start importing Assets/Sprites/Scenario/arbusto2.png using Guid(58bac7d2692d89e44be87ebf917c5d4b) Importer(2089858483,0ecaa5967403d082aa24f35e1b516d23) Generated GUIDs only implemented for interfaces!
 -> (artifact id: 'd837e0dc2397b351fa72d7ad6805d359') in 0.114659 seconds
Number of updated asset objects reloaded before import = 0
Number of asset objects unloaded after import = 3
========================================================================
Received Import Request.
  Time since last request: 0.000048 seconds.
  path: Assets/Scenes 2/SampleScene.unity
  artifactKey: Guid(cb9526960e6bbb74480cbdcdfb9958ef) Importer(2089858483,3d70f49cd1c2eb9ae422958d1c652c6b)
Start importing Assets/Scenes 2/SampleScene.unity using Guid(cb9526960e6bbb74480cbdcdfb9958ef) Importer(2089858483,3d70f49cd1c2eb9ae422958d1c652c6b) Opening scene 'Assets/Scenes 2/SampleScene.unity additively'
Loaded scene 'Assets/Scenes 2/SampleScene.unity'
	Deserialize:            24.196 ms
	Integration:            219.864 ms
	Integration of assets:  0.024 ms
	Thread Wait Time:       0.020 ms
	Total Operation Time:   244.104 ms
Generated GUIDs only implemented for interfaces!
 -> (artifact id: 'c94124de4995cde700c349d2a1359f4e') in 0.312463 seconds
Number of updated asset objects reloaded before import = 0
Number of asset objects unloaded after import = 112
========================================================================
Received Import Request.
  Time since last request: 0.000031 seconds.
  path: Assets/Ui/Resume_Menu.png
  artifactKey: Guid(92ac7baa136278e498a5fb3dbcaf94ee) Importer(2089858483,0ecaa5967403d082aa24f35e1b516d23)
Start importing Assets/Ui/Resume_Menu.png using Guid(92ac7baa136278e498a5fb3dbcaf94ee) Importer(2089858483,0ecaa5967403d082aa24f35e1b516d23) Generated GUIDs only implemented for interfaces!
 -> (artifact id: '5891a87a8c9c26d8a6391cbbb6dc0150') in 0.048475 seconds
Number of updated asset objects reloaded before import = 0
Number of asset objects unloaded after import = 3
========================================================================
Received Import Request.
  Time since last request: 0.000041 seconds.
  path: Assets/Eric/Prefabs/UIPrefabs/Canvases.prefab
  artifactKey: Guid(b3fdcbbfe230ed149bfd5c09b9b37ff5) Importer(2089858483,3d70f49cd1c2eb9ae422958d1c652c6b)
Start importing Assets/Eric/Prefabs/UIPrefabs/Canvases.prefab using Guid(b3fdcbbfe230ed149bfd5c09b9b37ff5) Importer(2089858483,3d70f49cd1c2eb9ae422958d1c652c6b) Generated GUIDs only implemented for interfaces!
 -> (artifact id: '546c9de7310da4555ce065a91dffb13d') in 0.094692 seconds
Number of updated asset objects reloaded before import = 0
Number of asset objects unloaded after import = 213
========================================================================
Received Import Request.
  Time since last request: 0.000032 seconds.
  path: Assets/TextMesh Pro/Sprites/EmojiOne.png
  artifactKey: Guid(dffef66376be4fa480fb02b19edbe903) Importer(2089858483,0ecaa5967403d082aa24f35e1b516d23)
Start importing Assets/TextMesh Pro/Sprites/EmojiOne.png using Guid(dffef66376be4fa480fb02b19edbe903) Importer(2089858483,0ecaa5967403d082aa24f35e1b516d23) Generated GUIDs only implemented for interfaces!
 -> (artifact id: '79722af11c46ba16f49377bb7c08f3cd') in 0.051550 seconds
Number of updated asset objects reloaded before import = 0
Number of asset objects unloaded after import = 1
========================================================================
Received Import Request.
  Time since last request: 0.000023 seconds.
  path: Assets/TextMesh Pro/Shaders/TMP_SDF Overlay.shader
  artifactKey: Guid(dd89cf5b9246416f84610a006f916af7) Importer(2089858483,0ecaa5967403d082aa24f35e1b516d23)
Start importing Assets/TextMesh Pro/Shaders/TMP_SDF Overlay.shader using Guid(dd89cf5b9246416f84610a006f916af7) Importer(2089858483,0ecaa5967403d082aa24f35e1b516d23) Generated GUIDs only implemented for interfaces!
 -> (artifact id: 'cb8f6dfc460d039cc9bd83a8e86f8bff') in 0.037964 seconds
Number of updated asset objects reloaded before import = 0
Number of asset objects unloaded after import = 1
========================================================================
Received Import Request.
  Time since last request: 0.000038 seconds.
  path: Assets/Animations/Enemy/Bull/BullStagger.anim
  artifactKey: Guid(ada7e8130fdd25e43a972e0496a0bb8f) Importer(2089858483,0ecaa5967403d082aa24f35e1b516d23)
Start importing Assets/Animations/Enemy/Bull/BullStagger.anim using Guid(ada7e8130fdd25e43a972e0496a0bb8f) Importer(2089858483,0ecaa5967403d082aa24f35e1b516d23) Generated GUIDs only implemented for interfaces!
 -> (artifact id: 'f9a5304511b10d0da103a40a28226b2a') in 0.024823 seconds
Number of updated asset objects reloaded before import = 0
Number of asset objects unloaded after import = 1
========================================================================
Received Import Request.
  Time since last request: 0.000045 seconds.
  path: Assets/TextMesh Pro/Shaders/TMPro_Mobile.cginc
  artifactKey: Guid(c334973cef89a9840b0b0c507e0377ab) Importer(2089858483,0ecaa5967403d082aa24f35e1b516d23)
Start importing Assets/TextMesh Pro/Shaders/TMPro_Mobile.cginc using Guid(c334973cef89a9840b0b0c507e0377ab) Importer(2089858483,0ecaa5967403d082aa24f35e1b516d23) Generated GUIDs only implemented for interfaces!
 -> (artifact id: '5f324478bb5abc446d3eaf1fae3069d9') in 0.027997 seconds
Number of updated asset objects reloaded before import = 0
Number of asset objects unloaded after import = 1
========================================================================
Received Import Request.
  Time since last request: 0.000025 seconds.
  path: Assets/Animations/Placeholder/Player/IdleAnimPlaceholder.anim
  artifactKey: Guid(0f91711a38af22f46a64de49801f1098) Importer(2089858483,0ecaa5967403d082aa24f35e1b516d23)
Start importing Assets/Animations/Placeholder/Player/IdleAnimPlaceholder.anim using Guid(0f91711a38af22f46a64de49801f1098) Importer(2089858483,0ecaa5967403d082aa24f35e1b516d23) Generated GUIDs only implemented for interfaces!
 -> (artifact id: '98e857df4ec64f1727c99bcfae54595b') in 0.020784 seconds
Number of updated asset objects reloaded before import = 0
Number of asset objects unloaded after import = 1
========================================================================
Received Import Request.
  Time since last request: 0.000024 seconds.
  path: Assets/Animations/Enemy/Sniper/SniperShoot.anim
  artifactKey: Guid(9aaf2dbddeffdb747bd43d84ae1e07d6) Importer(2089858483,0ecaa5967403d082aa24f35e1b516d23)
Start importing Assets/Animations/Enemy/Sniper/SniperShoot.anim using Guid(9aaf2dbddeffdb747bd43d84ae1e07d6) Importer(2089858483,0ecaa5967403d082aa24f35e1b516d23) Generated GUIDs only implemented for interfaces!
 -> (artifact id: '90d29f440c911943f332419b56c01beb') in 0.019200 seconds
Number of updated asset objects reloaded before import = 0
Number of asset objects unloaded after import = 1
========================================================================
Received Import Request.
  Time since last request: 0.000025 seconds.
  path: Assets/Animations/Enemy/Minion/MinionDeath.anim
  artifactKey: Guid(7a687f9f5a2ff474880115f3af2323a6) Importer(2089858483,0ecaa5967403d082aa24f35e1b516d23)
Start importing Assets/Animations/Enemy/Minion/MinionDeath.anim using Guid(7a687f9f5a2ff474880115f3af2323a6) Importer(2089858483,0ecaa5967403d082aa24f35e1b516d23) Generated GUIDs only implemented for interfaces!
 -> (artifact id: '9a3a101be05b75a410ebe6583a2b1b2f') in 0.024105 seconds
Number of updated asset objects reloaded before import = 0
Number of asset objects unloaded after import = 1
========================================================================
Received Import Request.
  Time since last request: 0.000026 seconds.
  path: Assets/Materials/Tutorial/JKeySketch.mat
  artifactKey: Guid(f97587c0f2c91684e9f68ccc9354ee4b) Importer(2089858483,0ecaa5967403d082aa24f35e1b516d23)
Start importing Assets/Materials/Tutorial/JKeySketch.mat using Guid(f97587c0f2c91684e9f68ccc9354ee4b) Importer(2089858483,0ecaa5967403d082aa24f35e1b516d23) Generated GUIDs only implemented for interfaces!
 -> (artifact id: '11ae070d472d13bd57262ba53001606c') in 0.024050 seconds
Number of updated asset objects reloaded before import = 0
Number of asset objects unloaded after import = 2
========================================================================
Received Import Request.
  Time since last request: 0.000024 seconds.
  path: Assets/TextMesh Pro/Fonts/LiberationSans - OFL.txt
  artifactKey: Guid(6e59c59b81ab47f9b6ec5781fa725d2c) Importer(2089858483,0ecaa5967403d082aa24f35e1b516d23)
Start importing Assets/TextMesh Pro/Fonts/LiberationSans - OFL.txt using Guid(6e59c59b81ab47f9b6ec5781fa725d2c) Importer(2089858483,0ecaa5967403d082aa24f35e1b516d23) Generated GUIDs only implemented for interfaces!
 -> (artifact id: 'f2e62512910d56055150f3ebeedc16a3') in 0.029471 seconds
Number of updated asset objects reloaded before import = 0
Number of asset objects unloaded after import = 1
========================================================================
Received Import Request.
  Time since last request: 0.000030 seconds.
  path: Assets/Animations/Enemy/Bull/BullDeath.anim
  artifactKey: Guid(6f48c917260fa7442b57522737b25a2c) Importer(2089858483,0ecaa5967403d082aa24f35e1b516d23)
Start importing Assets/Animations/Enemy/Bull/BullDeath.anim using Guid(6f48c917260fa7442b57522737b25a2c) Importer(2089858483,0ecaa5967403d082aa24f35e1b516d23) Generated GUIDs only implemented for interfaces!
 -> (artifact id: 'b70423084bf80e840628f82052e8b9ec') in 0.022527 seconds
Number of updated asset objects reloaded before import = 0
Number of asset objects unloaded after import = 1
========================================================================
Received Import Request.
  Time since last request: 0.000057 seconds.
  path: Assets/Animations/Enemy/Minion/minionGFX.controller
  artifactKey: Guid(0f36ef7556549a34baac293505a00750) Importer(2089858483,0ecaa5967403d082aa24f35e1b516d23)
Start importing Assets/Animations/Enemy/Minion/minionGFX.controller using Guid(0f36ef7556549a34baac293505a00750) Importer(2089858483,0ecaa5967403d082aa24f35e1b516d23) Generated GUIDs only implemented for interfaces!
 -> (artifact id: 'b4792100907b6efe717daf624792926e') in 0.021820 seconds
Number of updated asset objects reloaded before import = 0
Number of asset objects unloaded after import = 29
========================================================================
Received Import Request.
  Time since last request: 0.123166 seconds.
  path: Assets/Eric/Prefabs/PlayerPrefabs/PaintballProjectile.prefab
  artifactKey: Guid(5b3476b4543a7bc439d8dcc326515035) Importer(2089858483,0ecaa5967403d082aa24f35e1b516d23)
Start importing Assets/Eric/Prefabs/PlayerPrefabs/PaintballProjectile.prefab using Guid(5b3476b4543a7bc439d8dcc326515035) Importer(2089858483,0ecaa5967403d082aa24f35e1b516d23) Generated GUIDs only implemented for interfaces!
 -> (artifact id: '9624ec4046f6f50a0974e63f167f6c18') in 0.057823 seconds
Number of updated asset objects reloaded before import = 0
Number of asset objects unloaded after import = 15
========================================================================
Received Import Request.
  Time since last request: 0.000036 seconds.
  path: Assets/Sprites/Placeholder/Enemy/EnemyAttackWindupPlaceholder2.png
  artifactKey: Guid(5c436fbcf8147af4182bc384464b1834) Importer(2089858483,0ecaa5967403d082aa24f35e1b516d23)
Start importing Assets/Sprites/Placeholder/Enemy/EnemyAttackWindupPlaceholder2.png using Guid(5c436fbcf8147af4182bc384464b1834) Importer(2089858483,0ecaa5967403d082aa24f35e1b516d23) Generated GUIDs only implemented for interfaces!
 -> (artifact id: 'f3e7d1e8237fd4550b30d206efbe29fc') in 0.056525 seconds
Number of updated asset objects reloaded before import = 0
Number of asset objects unloaded after import = 3
========================================================================
Received Import Request.
  Time since last request: 0.000038 seconds.
  path: Assets/Sprites/Placeholder/ColorburstEffects/RedColorburstEffectPlaceholder.png
  artifactKey: Guid(2e314b51ea6899a4598124b573c5ceac) Importer(2089858483,0ecaa5967403d082aa24f35e1b516d23)
Start importing Assets/Sprites/Placeholder/ColorburstEffects/RedColorburstEffectPlaceholder.png using Guid(2e314b51ea6899a4598124b573c5ceac) Importer(2089858483,0ecaa5967403d082aa24f35e1b516d23) Generated GUIDs only implemented for interfaces!
 -> (artifact id: 'bdee140739cc4348f340c3f1fb1941ba') in 0.041583 seconds
Number of updated asset objects reloaded before import = 0
Number of asset objects unloaded after import = 3
========================================================================
Received Import Request.
  Time since last request: 0.000027 seconds.
  path: Assets/Sprites/Placeholder/ColorburstEffects/GreenColorburstEffectPlaceholder.png
  artifactKey: Guid(b2030dee97695634881f531bcfba6389) Importer(2089858483,0ecaa5967403d082aa24f35e1b516d23)
Start importing Assets/Sprites/Placeholder/ColorburstEffects/GreenColorburstEffectPlaceholder.png using Guid(b2030dee97695634881f531bcfba6389) Importer(2089858483,0ecaa5967403d082aa24f35e1b516d23) Generated GUIDs only implemented for interfaces!
 -> (artifact id: '2a3491dcf783af51cd46b7335ed8feee') in 0.043150 seconds
Number of updated asset objects reloaded before import = 0
Number of asset objects unloaded after import = 3
========================================================================
Received Import Request.
  Time since last request: 0.000134 seconds.
  path: Assets/Eric/Scripts/PlayerScripts/DashAfterImageScript.cs
  artifactKey: Guid(9f3c2447e3198c24e9383744abed24c0) Importer(2089858483,0ecaa5967403d082aa24f35e1b516d23)
Start importing Assets/Eric/Scripts/PlayerScripts/DashAfterImageScript.cs using Guid(9f3c2447e3198c24e9383744abed24c0) Importer(2089858483,0ecaa5967403d082aa24f35e1b516d23) Generated GUIDs only implemented for interfaces!
 -> (artifact id: 'f127a1972f7e854c7d24b72ad14652a9') in 0.021267 seconds
Number of updated asset objects reloaded before import = 0
Number of asset objects unloaded after import = 1
========================================================================
Received Import Request.
  Time since last request: 0.000028 seconds.
  path: Assets/Sprites/Placeholder/Enemy/EnemyAttackPlaceholder4.png
  artifactKey: Guid(9cf49eb72f5809d41ba25c56e0847cdd) Importer(2089858483,0ecaa5967403d082aa24f35e1b516d23)
Start importing Assets/Sprites/Placeholder/Enemy/EnemyAttackPlaceholder4.png using Guid(9cf49eb72f5809d41ba25c56e0847cdd) Importer(2089858483,0ecaa5967403d082aa24f35e1b516d23) Generated GUIDs only implemented for interfaces!
 -> (artifact id: 'd3d03f6a88a936abccd53f0456c9146e') in 0.043259 seconds
Number of updated asset objects reloaded before import = 0
Number of asset objects unloaded after import = 3
========================================================================
Received Import Request.
  Time since last request: 0.000024 seconds.
  path: Assets/Scripts/enemy_scripts/minion/minion_seeking_mechanism.cs
  artifactKey: Guid(45fa0f06c635f1e4fad5320a7485825a) Importer(2089858483,0ecaa5967403d082aa24f35e1b516d23)
Start importing Assets/Scripts/enemy_scripts/minion/minion_seeking_mechanism.cs using Guid(45fa0f06c635f1e4fad5320a7485825a) Importer(2089858483,0ecaa5967403d082aa24f35e1b516d23) Generated GUIDs only implemented for interfaces!
 -> (artifact id: '224d3e1f3e7132dfd27e375690b3d06c') in 0.017848 seconds
Number of updated asset objects reloaded before import = 0
Number of asset objects unloaded after import = 1
========================================================================
Received Import Request.
  Time since last request: 0.000358 seconds.
  path: Assets/Sprites/Placeholder/Enemy/EnemyAttackWindupPlaceholder3.png
  artifactKey: Guid(6e57c7b04163a6746b0eadaece3c73e0) Importer(2089858483,0ecaa5967403d082aa24f35e1b516d23)
Start importing Assets/Sprites/Placeholder/Enemy/EnemyAttackWindupPlaceholder3.png using Guid(6e57c7b04163a6746b0eadaece3c73e0) Importer(2089858483,0ecaa5967403d082aa24f35e1b516d23) Generated GUIDs only implemented for interfaces!
 -> (artifact id: '79f9723713879401043d4f8483b281f8') in 0.036530 seconds
Number of updated asset objects reloaded before import = 0
Number of asset objects unloaded after import = 3
========================================================================
Received Import Request.
  Time since last request: 0.101031 seconds.
  path: Assets/Sprites/PlayerSprites/ChargedAttackFramesV2/BrushTip_ChargedAttackFrame1V2.png
  artifactKey: Guid(7ce74a64b162b604bba5ddb1306b6192) Importer(2089858483,0ecaa5967403d082aa24f35e1b516d23)
Start importing Assets/Sprites/PlayerSprites/ChargedAttackFramesV2/BrushTip_ChargedAttackFrame1V2.png using Guid(7ce74a64b162b604bba5ddb1306b6192) Importer(2089858483,0ecaa5967403d082aa24f35e1b516d23) Generated GUIDs only implemented for interfaces!
 -> (artifact id: '8bd529e68eddcc12153452ef60e9f7cf') in 0.049320 seconds
Number of updated asset objects reloaded before import = 0
Number of asset objects unloaded after import = 3
========================================================================
Received Import Request.
  Time since last request: 0.000023 seconds.
  path: Assets/Sprites/PlayerSprites/PlayerDeathSprites/BrushTip_DeathFrame2.png
  artifactKey: Guid(f1c3981efe7cbec448ed39a77039941d) Importer(2089858483,0ecaa5967403d082aa24f35e1b516d23)
Start importing Assets/Sprites/PlayerSprites/PlayerDeathSprites/BrushTip_DeathFrame2.png using Guid(f1c3981efe7cbec448ed39a77039941d) Importer(2089858483,0ecaa5967403d082aa24f35e1b516d23) Generated GUIDs only implemented for interfaces!
 -> (artifact id: 'e907bf2c3c272a8636be664cf8669910') in 0.073050 seconds
Number of updated asset objects reloaded before import = 0
Number of asset objects unloaded after import = 3
========================================================================
Received Import Request.
  Time since last request: 0.000202 seconds.
  path: Assets/Sprites/PlayerSprites/PlayerChargedAttackSprites/Player_ChargedAttackFrame15.png
  artifactKey: Guid(c24d909a4b9a40d4893452a70bedcde7) Importer(2089858483,0ecaa5967403d082aa24f35e1b516d23)
Start importing Assets/Sprites/PlayerSprites/PlayerChargedAttackSprites/Player_ChargedAttackFrame15.png using Guid(c24d909a4b9a40d4893452a70bedcde7) Importer(2089858483,0ecaa5967403d082aa24f35e1b516d23) Generated GUIDs only implemented for interfaces!
 -> (artifact id: 'e33a37abdc27f6a6751cd5dd72ea2cc6') in 0.053559 seconds
Number of updated asset objects reloaded before import = 0
Number of asset objects unloaded after import = 3
========================================================================
Received Import Request.
  Time since last request: 0.001646 seconds.
  path: Assets/Sprites/PlayerSprites/PlayerDeathSprites/BrushTip_DeathFrame9.png
  artifactKey: Guid(44ec3f5c0496c6345ad4fb7bcac3133c) Importer(2089858483,0ecaa5967403d082aa24f35e1b516d23)
Start importing Assets/Sprites/PlayerSprites/PlayerDeathSprites/BrushTip_DeathFrame9.png using Guid(44ec3f5c0496c6345ad4fb7bcac3133c) Importer(2089858483,0ecaa5967403d082aa24f35e1b516d23) Generated GUIDs only implemented for interfaces!
 -> (artifact id: 'd437df4f1f5f1237f886fdc289553e52') in 0.046830 seconds
Number of updated asset objects reloaded before import = 0
Number of asset objects unloaded after import = 3
========================================================================
Received Import Request.
  Time since last request: 0.001122 seconds.
  path: Assets/Sprites/PlayerSprites/PlayerChargedAttackSprites/Player_ChargedAttackFrame16.png
  artifactKey: Guid(bd10ef36f412e5545b808f5fa5cc5dfd) Importer(2089858483,0ecaa5967403d082aa24f35e1b516d23)
Start importing Assets/Sprites/PlayerSprites/PlayerChargedAttackSprites/Player_ChargedAttackFrame16.png using Guid(bd10ef36f412e5545b808f5fa5cc5dfd) Importer(2089858483,0ecaa5967403d082aa24f35e1b516d23) Generated GUIDs only implemented for interfaces!
 -> (artifact id: '64f0cfa92689548c29f92be77c2dd760') in 0.049407 seconds
Number of updated asset objects reloaded before import = 0
Number of asset objects unloaded after import = 3
========================================================================
Received Import Request.
  Time since last request: 0.000107 seconds.
  path: Assets/Sprites/PlayerSprites/PlayerRunSprites/BrushTip_RunFrame6.png
  artifactKey: Guid(5240fc43c66c490409c1b943cbdfaa6a) Importer(2089858483,0ecaa5967403d082aa24f35e1b516d23)
Start importing Assets/Sprites/PlayerSprites/PlayerRunSprites/BrushTip_RunFrame6.png using Guid(5240fc43c66c490409c1b943cbdfaa6a) Importer(2089858483,0ecaa5967403d082aa24f35e1b516d23) Generated GUIDs only implemented for interfaces!
 -> (artifact id: 'd640128f83554d12dcc3f883f108bd31') in 0.037486 seconds
Number of updated asset objects reloaded before import = 0
Number of asset objects unloaded after import = 3
========================================================================
Received Import Request.
  Time since last request: 0.000374 seconds.
  path: Assets/Sprites/PlayerSprites/PlayerChargedAttackSprites/BrushTip_ChargedAttackFrame12.png
  artifactKey: Guid(ff71762d89e395147b6388811aa271f0) Importer(2089858483,0ecaa5967403d082aa24f35e1b516d23)
Start importing Assets/Sprites/PlayerSprites/PlayerChargedAttackSprites/BrushTip_ChargedAttackFrame12.png using Guid(ff71762d89e395147b6388811aa271f0) Importer(2089858483,0ecaa5967403d082aa24f35e1b516d23) Generated GUIDs only implemented for interfaces!
 -> (artifact id: '96e470b8a42d9a6ed17f8b7b6d40937f') in 0.044054 seconds
Number of updated asset objects reloaded before import = 0
Number of asset objects unloaded after import = 3
========================================================================
Received Import Request.
  Time since last request: 0.000021 seconds.
  path: Assets/Sprites/PlayerSprites/PlayerRunSprites/BrushTip_RunFrame4.png
  artifactKey: Guid(a6551379dffc4524a90f80a3e2492e7d) Importer(2089858483,0ecaa5967403d082aa24f35e1b516d23)
Start importing Assets/Sprites/PlayerSprites/PlayerRunSprites/BrushTip_RunFrame4.png using Guid(a6551379dffc4524a90f80a3e2492e7d) Importer(2089858483,0ecaa5967403d082aa24f35e1b516d23) Generated GUIDs only implemented for interfaces!
 -> (artifact id: '9a1aa174de5bfff6f990a984864d5e8a') in 0.042327 seconds
Number of updated asset objects reloaded before import = 0
Number of asset objects unloaded after import = 3
========================================================================
Received Import Request.
  Time since last request: 0.000020 seconds.
  path: Assets/Sprites/PlayerSprites/DashFramesV3/BrushTip_RunFrameV3.png
  artifactKey: Guid(e3aaf62751e360b4e95dbff63efac0aa) Importer(2089858483,0ecaa5967403d082aa24f35e1b516d23)
Start importing Assets/Sprites/PlayerSprites/DashFramesV3/BrushTip_RunFrameV3.png using Guid(e3aaf62751e360b4e95dbff63efac0aa) Importer(2089858483,0ecaa5967403d082aa24f35e1b516d23) Generated GUIDs only implemented for interfaces!
 -> (artifact id: '5c925c441ae2a584f9aad058ab9bad45') in 0.039029 seconds
Number of updated asset objects reloaded before import = 0
Number of asset objects unloaded after import = 3
========================================================================
Received Import Request.
  Time since last request: 0.000082 seconds.
  path: Assets/Sprites/PlayerSprites/RunFramesV3/Player_RunFrame5V3.png
  artifactKey: Guid(b085e5bd188db874c976b3de033f7287) Importer(2089858483,0ecaa5967403d082aa24f35e1b516d23)
Start importing Assets/Sprites/PlayerSprites/RunFramesV3/Player_RunFrame5V3.png using Guid(b085e5bd188db874c976b3de033f7287) Importer(2089858483,0ecaa5967403d082aa24f35e1b516d23) Generated GUIDs only implemented for interfaces!
 -> (artifact id: 'a6434b54777710e7d92cef3661b0b1b2') in 0.043401 seconds
Number of updated asset objects reloaded before import = 0
Number of asset objects unloaded after import = 3
========================================================================
Received Import Request.
  Time since last request: 0.000340 seconds.
  path: Assets/Sprites/PlayerSprites/RunFramesV6/BrushTip_RunFrame2V6.png
  artifactKey: Guid(cc31e27f39d3333428d07412c6b349d2) Importer(2089858483,0ecaa5967403d082aa24f35e1b516d23)
Start importing Assets/Sprites/PlayerSprites/RunFramesV6/BrushTip_RunFrame2V6.png using Guid(cc31e27f39d3333428d07412c6b349d2) Importer(2089858483,0ecaa5967403d082aa24f35e1b516d23) Generated GUIDs only implemented for interfaces!
 -> (artifact id: '5c9d6c5a594f75fbd71ee58fb5f0d07b') in 0.042947 seconds
Number of updated asset objects reloaded before import = 0
Number of asset objects unloaded after import = 3
========================================================================
Received Import Request.
  Time since last request: 0.000195 seconds.
  path: Assets/Sprites/PlayerSprites/RunFramesV6/Player_RunFrame1V6.png
  artifactKey: Guid(7bd13c85170535f4eb5ca7d07a306748) Importer(2089858483,0ecaa5967403d082aa24f35e1b516d23)
Start importing Assets/Sprites/PlayerSprites/RunFramesV6/Player_RunFrame1V6.png using Guid(7bd13c85170535f4eb5ca7d07a306748) Importer(2089858483,0ecaa5967403d082aa24f35e1b516d23) Generated GUIDs only implemented for interfaces!
 -> (artifact id: 'e646f6c878a75ab32b5a04bce563f0f7') in 0.048341 seconds
Number of updated asset objects reloaded before import = 0
Number of asset objects unloaded after import = 3
========================================================================
Received Import Request.
  Time since last request: 0.000025 seconds.
  path: Assets/Sprites/PlayerSprites/RunFramesV7/BrushTip_RunFrame3V7.png
  artifactKey: Guid(1af7a855fcbb08649bef0fa35207addd) Importer(2089858483,0ecaa5967403d082aa24f35e1b516d23)
Start importing Assets/Sprites/PlayerSprites/RunFramesV7/BrushTip_RunFrame3V7.png using Guid(1af7a855fcbb08649bef0fa35207addd) Importer(2089858483,0ecaa5967403d082aa24f35e1b516d23) Generated GUIDs only implemented for interfaces!
 -> (artifact id: '675fe289309dd1aba1fd2b6c17b9ee90') in 0.051520 seconds
Number of updated asset objects reloaded before import = 0
Number of asset objects unloaded after import = 3
========================================================================
Received Import Request.
  Time since last request: 0.000025 seconds.
  path: Assets/Sprites/PlayerSprites/RunFramesV4/Player_RunFrame5V4.png
  artifactKey: Guid(14ebebeec4cdf1242b4d5c570f6e1bcc) Importer(2089858483,0ecaa5967403d082aa24f35e1b516d23)
Start importing Assets/Sprites/PlayerSprites/RunFramesV4/Player_RunFrame5V4.png using Guid(14ebebeec4cdf1242b4d5c570f6e1bcc) Importer(2089858483,0ecaa5967403d082aa24f35e1b516d23) Generated GUIDs only implemented for interfaces!
 -> (artifact id: 'd044624200843ab0dc79d2d720659e21') in 0.041588 seconds
Number of updated asset objects reloaded before import = 0
Number of asset objects unloaded after import = 3
========================================================================
Received Import Request.
  Time since last request: 0.000027 seconds.
  path: Assets/Sprites/PlayerSprites/RunFramesV6/BrushTip_RunFrame8V6.png
  artifactKey: Guid(6bd01b6a2670eae4cb6fa7f9df0520e2) Importer(2089858483,0ecaa5967403d082aa24f35e1b516d23)
Start importing Assets/Sprites/PlayerSprites/RunFramesV6/BrushTip_RunFrame8V6.png using Guid(6bd01b6a2670eae4cb6fa7f9df0520e2) Importer(2089858483,0ecaa5967403d082aa24f35e1b516d23) Generated GUIDs only implemented for interfaces!
 -> (artifact id: '4fed1f4c4aa6907231334a944ef969f4') in 0.048099 seconds
Number of updated asset objects reloaded before import = 0
Number of asset objects unloaded after import = 3
========================================================================
Received Import Request.
  Time since last request: 0.000036 seconds.
  path: Assets/Sprites/PlayerSprites/RunFramesV6/BrushTip_RunFrame3V6.png
  artifactKey: Guid(38c5525369ec9004b8e73027b260ea1d) Importer(2089858483,0ecaa5967403d082aa24f35e1b516d23)
Start importing Assets/Sprites/PlayerSprites/RunFramesV6/BrushTip_RunFrame3V6.png using Guid(38c5525369ec9004b8e73027b260ea1d) Importer(2089858483,0ecaa5967403d082aa24f35e1b516d23) Generated GUIDs only implemented for interfaces!
 -> (artifact id: '87b1e2a6ff69c6cb4ae51b278f28f3da') in 0.052852 seconds
Number of updated asset objects reloaded before import = 0
Number of asset objects unloaded after import = 3
========================================================================
Received Import Request.
  Time since last request: 0.000199 seconds.
  path: Assets/Sprites/PlayerSprites/PlayerRunSprites/BrushTip_RunFrame2.png
  artifactKey: Guid(7ada128e937cb8943a508fb12adddb40) Importer(2089858483,0ecaa5967403d082aa24f35e1b516d23)
Start importing Assets/Sprites/PlayerSprites/PlayerRunSprites/BrushTip_RunFrame2.png using Guid(7ada128e937cb8943a508fb12adddb40) Importer(2089858483,0ecaa5967403d082aa24f35e1b516d23) Generated GUIDs only implemented for interfaces!
 -> (artifact id: 'b11a5ee2d6749ddc8cf47421fb6ff305') in 0.050031 seconds
Number of updated asset objects reloaded before import = 0
Number of asset objects unloaded after import = 3
========================================================================
Received Import Request.
  Time since last request: 0.000026 seconds.
  path: Assets/Sprites/PlayerSprites/PlayerChargedAttackSprites/Player_ChargedAttackFrame14.png
  artifactKey: Guid(7b2dafc20035ac54286c0cc30980c43d) Importer(2089858483,0ecaa5967403d082aa24f35e1b516d23)
Start importing Assets/Sprites/PlayerSprites/PlayerChargedAttackSprites/Player_ChargedAttackFrame14.png using Guid(7b2dafc20035ac54286c0cc30980c43d) Importer(2089858483,0ecaa5967403d082aa24f35e1b516d23) Generated GUIDs only implemented for interfaces!
 -> (artifact id: '00a0b2b2881fc7c65704417a0e2c5f11') in 0.042446 seconds
Number of updated asset objects reloaded before import = 0
Number of asset objects unloaded after import = 3
========================================================================
Received Import Request.
  Time since last request: 0.000022 seconds.
  path: Assets/Sprites/EnemySprites/Squirrel/SquirrelDeathFrames/Squirrel_DeathFrame1.png
  artifactKey: Guid(bb750cc412411c74086f05194b6d42e1) Importer(2089858483,0ecaa5967403d082aa24f35e1b516d23)
Start importing Assets/Sprites/EnemySprites/Squirrel/SquirrelDeathFrames/Squirrel_DeathFrame1.png using Guid(bb750cc412411c74086f05194b6d42e1) Importer(2089858483,0ecaa5967403d082aa24f35e1b516d23) Generated GUIDs only implemented for interfaces!
 -> (artifact id: '80b27a5ee94976bd764b1ac7da15620c') in 0.049836 seconds
Number of updated asset objects reloaded before import = 0
Number of asset objects unloaded after import = 3
========================================================================
Received Import Request.
  Time since last request: 0.000051 seconds.
  path: Assets/Sprites/EnemySprites/Goose/GooseDeathFrames/Goose_DeathFrame7.png
  artifactKey: Guid(2e896f25445fc3241bd16852e65ba184) Importer(2089858483,0ecaa5967403d082aa24f35e1b516d23)
Start importing Assets/Sprites/EnemySprites/Goose/GooseDeathFrames/Goose_DeathFrame7.png using Guid(2e896f25445fc3241bd16852e65ba184) Importer(2089858483,0ecaa5967403d082aa24f35e1b516d23) Generated GUIDs only implemented for interfaces!
 -> (artifact id: '755e99b412d61c9ed0c738b94e4218c8') in 0.046072 seconds
Number of updated asset objects reloaded before import = 0
Number of asset objects unloaded after import = 3
========================================================================
Received Import Request.
  Time since last request: 0.000063 seconds.
  path: Assets/Sprites/EnemySprites/Squirrel/SquirrelDeathFrames/Squirrel_DeathFrame8.png
  artifactKey: Guid(c31823380381cde469b759da3f5a71c2) Importer(2089858483,0ecaa5967403d082aa24f35e1b516d23)
Start importing Assets/Sprites/EnemySprites/Squirrel/SquirrelDeathFrames/Squirrel_DeathFrame8.png using Guid(c31823380381cde469b759da3f5a71c2) Importer(2089858483,0ecaa5967403d082aa24f35e1b516d23) Generated GUIDs only implemented for interfaces!
 -> (artifact id: '5218cdc8ecd65306f68ca6283b85ba77') in 0.046575 seconds
Number of updated asset objects reloaded before import = 0
Number of asset objects unloaded after import = 3
========================================================================
Received Import Request.
  Time since last request: 0.000570 seconds.
  path: Assets/Sprites/EnemySprites/Bush/BushAttackFrames/Bush_AttackFrame4.png
  artifactKey: Guid(aae7d813b10a19e44974d67f72021a4a) Importer(2089858483,0ecaa5967403d082aa24f35e1b516d23)
Start importing Assets/Sprites/EnemySprites/Bush/BushAttackFrames/Bush_AttackFrame4.png using Guid(aae7d813b10a19e44974d67f72021a4a) Importer(2089858483,0ecaa5967403d082aa24f35e1b516d23) Generated GUIDs only implemented for interfaces!
 -> (artifact id: '8e0e45c2d129b8f10b739eb69952febb') in 0.049928 seconds
Number of updated asset objects reloaded before import = 0
Number of asset objects unloaded after import = 3
========================================================================
Received Import Request.
  Time since last request: 0.000027 seconds.
  path: Assets/Sprites/EnemySprites/Squirrel/SquirrelAttackFrames/Squirrel_AttackFrame12.png
  artifactKey: Guid(20fc50644e0e06f4d9ec1497f8f5414d) Importer(2089858483,0ecaa5967403d082aa24f35e1b516d23)
Start importing Assets/Sprites/EnemySprites/Squirrel/SquirrelAttackFrames/Squirrel_AttackFrame12.png using Guid(20fc50644e0e06f4d9ec1497f8f5414d) Importer(2089858483,0ecaa5967403d082aa24f35e1b516d23) Generated GUIDs only implemented for interfaces!
 -> (artifact id: '42f22779c95cd00cd591fa2622e1b54a') in 0.050977 seconds
Number of updated asset objects reloaded before import = 0
Number of asset objects unloaded after import = 3
Editor requested this worker to shutdown with reason: balancing worker count downwards
TcpMessagingSession - receive error: operation aborted. errorcode: 995, details: A operação de E/S foi anulada devido a uma saída de thread ou a uma requisição de aplicativo.
AssetImportWorker is now disconnected from the server
Process exiting
Exiting without the bug reporter. Application will terminate with return code 0