Using pre-set license
Built from '2022.3/staging' branch; Version is '2022.3.10f1 (ff3792e53c62) revision 16725906'; Using compiler version '192829333'; Build Type 'Release'
OS: 'Windows 11  (10.0.22631) 64bit Core' Language: 'pt' Physical Memory: 32560 MB
BatchMode: 1, IsHumanControllingUs: 0, StartBugReporterOnCrash: 0, Is64bit: 1, IsPro: 1

COMMAND LINE ARGUMENTS:
C:\Program Files\2022.3.10f1\Editor\Unity.exe
-adb2
-batchMode
-noUpm
-name
AssetImportWorker6
-projectPath
C:/Users/Eric/Documents/GitHub/InkweaverV2
-logFile
Logs/AssetImportWorker6.log
-srvPort
65302
Successfully changed project path to: C:/Users/Eric/Documents/GitHub/InkweaverV2
C:/Users/Eric/Documents/GitHub/InkweaverV2
[UnityMemory] Configuration Parameters - Can be set up in boot.config
    "memorysetup-bucket-allocator-granularity=16"
    "memorysetup-bucket-allocator-bucket-count=8"
    "memorysetup-bucket-allocator-block-size=33554432"
    "memorysetup-bucket-allocator-block-count=8"
    "memorysetup-main-allocator-block-size=16777216"
    "memorysetup-thread-allocator-block-size=16777216"
    "memorysetup-gfx-main-allocator-block-size=16777216"
    "memorysetup-gfx-thread-allocator-block-size=16777216"
    "memorysetup-cache-allocator-block-size=4194304"
    "memorysetup-typetree-allocator-block-size=2097152"
    "memorysetup-profiler-bucket-allocator-granularity=16"
    "memorysetup-profiler-bucket-allocator-bucket-count=8"
    "memorysetup-profiler-bucket-allocator-block-size=33554432"
    "memorysetup-profiler-bucket-allocator-block-count=8"
    "memorysetup-profiler-allocator-block-size=16777216"
    "memorysetup-profiler-editor-allocator-block-size=1048576"
    "memorysetup-temp-allocator-size-main=16777216"
    "memorysetup-job-temp-allocator-block-size=2097152"
    "memorysetup-job-temp-allocator-block-size-background=1048576"
    "memorysetup-job-temp-allocator-reduction-small-platforms=262144"
    "memorysetup-allocator-temp-initial-block-size-main=262144"
    "memorysetup-allocator-temp-initial-block-size-worker=262144"
    "memorysetup-temp-allocator-size-background-worker=32768"
    "memorysetup-temp-allocator-size-job-worker=262144"
    "memorysetup-temp-allocator-size-preload-manager=33554432"
    "memorysetup-temp-allocator-size-nav-mesh-worker=65536"
    "memorysetup-temp-allocator-size-audio-worker=65536"
    "memorysetup-temp-allocator-size-cloud-worker=32768"
    "memorysetup-temp-allocator-size-gi-baking-worker=262144"
    "memorysetup-temp-allocator-size-gfx=262144"
Player connection [32472] Host "[IP] 192.168.0.106 [Port] 0 [Flags] 2 [Guid] 1124121076 [EditorId] 1124121076 [Version] 1048832 [Id] WindowsEditor(7,Kito) [Debug] 1 [PackageName] WindowsEditor [ProjectName] Editor" joined multi-casting on [225.0.0.222:54997]...

Player connection [32472] Host "[IP] 192.168.0.106 [Port] 0 [Flags] 2 [Guid] 1124121076 [EditorId] 1124121076 [Version] 1048832 [Id] WindowsEditor(7,Kito) [Debug] 1 [PackageName] WindowsEditor [ProjectName] Editor" joined alternative multi-casting on [225.0.0.222:34997]...

[Physics::Module] Initialized MultithreadedJobDispatcher with 15 workers.
Refreshing native plugins compatible for Editor in 14.72 ms, found 4 plugins.
Preloading 0 native plugins for Editor in 0.00 ms.
Initialize engine version: 2022.3.10f1 (ff3792e53c62)
[Subsystems] Discovering subsystems at path C:/Program Files/2022.3.10f1/Editor/Data/Resources/UnitySubsystems
[Subsystems] Discovering subsystems at path C:/Users/Eric/Documents/GitHub/InkweaverV2/Assets
GfxDevice: creating device client; threaded=0; jobified=0
Direct3D:
    Version:  Direct3D 11.0 [level 11.1]
    Renderer: AMD Radeon RX 6600 (ID=0x73ff)
    Vendor:   ATI
    VRAM:     8147 MB
    Driver:   31.0.24031.5001
Initialize mono
Mono path[0] = 'C:/Program Files/2022.3.10f1/Editor/Data/Managed'
Mono path[1] = 'C:/Program Files/2022.3.10f1/Editor/Data/MonoBleedingEdge/lib/mono/unityjit-win32'
Mono config path = 'C:/Program Files/2022.3.10f1/Editor/Data/MonoBleedingEdge/etc'
Using monoOptions --debugger-agent=transport=dt_socket,embedding=1,server=y,suspend=n,address=127.0.0.1:56580
Begin MonoManager ReloadAssembly
Registering precompiled unity dll's ...
Register platform support module: C:/Program Files/2022.3.10f1/Editor/Data/PlaybackEngines/WindowsStandaloneSupport/UnityEditor.WindowsStandalone.Extensions.dll
Registered in 0.006882 seconds.
- Loaded All Assemblies, in  0.502 seconds
Native extension for WindowsStandalone target not found
Mono: successfully reloaded assembly
- Finished resetting the current domain, in  0.380 seconds
Domain Reload Profiling: 880ms
	BeginReloadAssembly (160ms)
		ExecutionOrderSort (0ms)
		DisableScriptedObjects (0ms)
		BackupInstance (0ms)
		ReleaseScriptingObjects (0ms)
		CreateAndSetChildDomain (2ms)
	RebuildCommonClasses (51ms)
	RebuildNativeTypeToScriptingClass (17ms)
	initialDomainReloadingComplete (74ms)
	LoadAllAssembliesAndSetupDomain (198ms)
		LoadAssemblies (154ms)
		RebuildTransferFunctionScriptingTraits (0ms)
		AnalyzeDomain (195ms)
			TypeCache.Refresh (193ms)
				TypeCache.ScanAssembly (172ms)
			ScanForSourceGeneratedMonoScriptInfo (1ms)
			ResolveRequiredComponents (1ms)
	FinalizeReload (381ms)
		ReleaseScriptCaches (0ms)
		RebuildScriptCaches (0ms)
		SetupLoadedEditorAssemblies (295ms)
			LogAssemblyErrors (0ms)
			InitializePlatformSupportModulesInManaged (13ms)
			SetLoadedEditorAssemblies (11ms)
			RefreshPlugins (0ms)
			BeforeProcessingInitializeOnLoad (4ms)
			ProcessInitializeOnLoadAttributes (193ms)
			ProcessInitializeOnLoadMethodAttributes (74ms)
			AfterProcessingInitializeOnLoad (0ms)
			EditorAssembliesLoaded (0ms)
		ExecutionOrderSort2 (0ms)
		AwakeInstancesAfterBackupRestoration (0ms)
========================================================================
Worker process is ready to serve import requests
Begin MonoManager ReloadAssembly
- Loaded All Assemblies, in  1.540 seconds
Refreshing native plugins compatible for Editor in 13.10 ms, found 4 plugins.
Native extension for WindowsStandalone target not found
Package Manager log level set to [2]
[Package Manager] Server::EnsureServerProcessIsRunning -- launch failed, reason: Unity was launched with the -noUpm command-line argument
[Package Manager] UpmClient::Send -- Unable to send message (not connected to UPM process).
[Package Manager] Cannot connect to Unity Package Manager local server
Mono: successfully reloaded assembly
- Finished resetting the current domain, in  1.207 seconds
Domain Reload Profiling: 2742ms
	BeginReloadAssembly (256ms)
		ExecutionOrderSort (0ms)
		DisableScriptedObjects (7ms)
		BackupInstance (0ms)
		ReleaseScriptingObjects (0ms)
		CreateAndSetChildDomain (41ms)
	RebuildCommonClasses (64ms)
	RebuildNativeTypeToScriptingClass (17ms)
	initialDomainReloadingComplete (74ms)
	LoadAllAssembliesAndSetupDomain (1123ms)
		LoadAssemblies (687ms)
		RebuildTransferFunctionScriptingTraits (0ms)
		AnalyzeDomain (578ms)
			TypeCache.Refresh (498ms)
				TypeCache.ScanAssembly (464ms)
			ScanForSourceGeneratedMonoScriptInfo (62ms)
			ResolveRequiredComponents (16ms)
	FinalizeReload (1207ms)
		ReleaseScriptCaches (0ms)
		RebuildScriptCaches (0ms)
		SetupLoadedEditorAssemblies (884ms)
			LogAssemblyErrors (0ms)
			InitializePlatformSupportModulesInManaged (8ms)
			SetLoadedEditorAssemblies (5ms)
			RefreshPlugins (0ms)
			BeforeProcessingInitializeOnLoad (136ms)
			ProcessInitializeOnLoadAttributes (592ms)
			ProcessInitializeOnLoadMethodAttributes (135ms)
			AfterProcessingInitializeOnLoad (7ms)
			EditorAssembliesLoaded (0ms)
		ExecutionOrderSort2 (0ms)
		AwakeInstancesAfterBackupRestoration (10ms)
Launched and connected shader compiler UnityShaderCompiler.exe after 0.08 seconds
Refreshing native plugins compatible for Editor in 7.78 ms, found 4 plugins.
Preloading 0 native plugins for Editor in 0.00 ms.
Unloading 5905 Unused Serialized files (Serialized files now loaded: 0)
Unloading 85 unused Assets / (352.4 KB). Loaded Objects now: 6379.
Memory consumption went from 223.0 MB to 222.6 MB.
Total: 8.953100 ms (FindLiveObjects: 1.068000 ms CreateObjectMapping: 0.784400 ms MarkObjects: 6.669200 ms  DeleteObjects: 0.429600 ms)

AssetImportParameters requested are different than current active one (requested -> active):
  custom:container-demuxer-ogg: 62fdf1f143b41e24485cea50d1cbac27 -> 
  custom:video-decoder-ogg-theora: a1e56fd34408186e4bbccfd4996cb3dc -> 
  custom:framework-win-MediaFoundation: 216162199b28c13a410421893ffa2e32 -> 
  custom:CustomObjectIndexerAttribute: a3ef5dd2817f97addfee359851a9dba5 -> 
  custom:container-demuxer-webm: 4f35f7cbe854078d1ac9338744f61a02 -> 
  custom:container-muxer-webm: aa71ff27fc2769a1b78a27578f13a17b -> 
  custom:video-decoder-webm-vp8: 9c59270c3fd7afecdb556c50c9e8de78 -> 
  custom:SearchIndexIgnoredProperties: e643bd26f0fe6173181afceb89e7c659 -> 
  custom:AudioImporter_EditorPlatform: d09bf68614088b80899f8185d706f6e7 -> 
  custom:video-encoder-webm-vp8: eb34c28f22e8b96e1ab97ce403110664 -> 
  custom:audio-decoder-ogg-vorbis: bf7c407c2cedff20999df2af8eb42d56 -> 
  custom:audio-encoder-webm-vorbis: bf7c407c2cedff20999df2af8eb42d56 -> 
========================================================================
Received Import Request.
  Time since last request: 1771092.246941 seconds.
  path: Assets/Scenes 2/SampleScene/NavMesh-navmesh.asset
  artifactKey: Guid(7c50a99bd71ec9f4d849bdfe5b091421) Importer(2089858483,3d70f49cd1c2eb9ae422958d1c652c6b)
Start importing Assets/Scenes 2/SampleScene/NavMesh-navmesh.asset using Guid(7c50a99bd71ec9f4d849bdfe5b091421) Importer(2089858483,3d70f49cd1c2eb9ae422958d1c652c6b) Generated GUIDs only implemented for interfaces!
 -> (artifact id: '85a8feb4bc662e656809b12fcb6f0659') in 0.336893 seconds
Number of updated asset objects reloaded before import = 0
Number of asset objects unloaded after import = 0
========================================================================
Received Import Request.
  Time since last request: 0.000054 seconds.
  path: Assets/Materials/blue 1.mat
  artifactKey: Guid(27aac5acab94ced43a94206b906a79fa) Importer(2089858483,0ecaa5967403d082aa24f35e1b516d23)
Start importing Assets/Materials/blue 1.mat using Guid(27aac5acab94ced43a94206b906a79fa) Importer(2089858483,0ecaa5967403d082aa24f35e1b516d23) Generated GUIDs only implemented for interfaces!
 -> (artifact id: '19d037b28b295db525f8cb159304bcef') in 0.080379 seconds
Number of updated asset objects reloaded before import = 0
Number of asset objects unloaded after import = 1
========================================================================
Received Import Request.
  Time since last request: 0.000349 seconds.
  path: Assets/Scripts/old shit/PlayerDash.cs
  artifactKey: Guid(8aedc1a76e104e04c8f924c45c47c772) Importer(2089858483,0ecaa5967403d082aa24f35e1b516d23)
Start importing Assets/Scripts/old shit/PlayerDash.cs using Guid(8aedc1a76e104e04c8f924c45c47c772) Importer(2089858483,0ecaa5967403d082aa24f35e1b516d23) Generated GUIDs only implemented for interfaces!
 -> (artifact id: '5b8d239eba80e7e397486254f681a35c') in 0.022436 seconds
Number of updated asset objects reloaded before import = 0
Number of asset objects unloaded after import = 1
========================================================================
Received Import Request.
  Time since last request: 0.000027 seconds.
  path: Assets/Animations/Player/ColorBurstGFX.anim
  artifactKey: Guid(7313cbe9a7843df47979853bbce8fbde) Importer(2089858483,0ecaa5967403d082aa24f35e1b516d23)
Start importing Assets/Animations/Player/ColorBurstGFX.anim using Guid(7313cbe9a7843df47979853bbce8fbde) Importer(2089858483,0ecaa5967403d082aa24f35e1b516d23) Generated GUIDs only implemented for interfaces!
 -> (artifact id: 'b856400e7cbcb0b60536060e986da216') in 0.029425 seconds
Number of updated asset objects reloaded before import = 0
Number of asset objects unloaded after import = 1
========================================================================
Received Import Request.
  Time since last request: 0.000031 seconds.
  path: Assets/Scripts/Manager&Transition_Scripts/DamageVignete_Script.cs
  artifactKey: Guid(643f6c5db03f6a2498396d50ace7085d) Importer(2089858483,0ecaa5967403d082aa24f35e1b516d23)
Start importing Assets/Scripts/Manager&Transition_Scripts/DamageVignete_Script.cs using Guid(643f6c5db03f6a2498396d50ace7085d) Importer(2089858483,0ecaa5967403d082aa24f35e1b516d23) Generated GUIDs only implemented for interfaces!
 -> (artifact id: '3c8a632aae6122eeb9a6f5acf96bbaa0') in 0.019392 seconds
Number of updated asset objects reloaded before import = 0
Number of asset objects unloaded after import = 1
========================================================================
Received Import Request.
  Time since last request: 0.000030 seconds.
  path: Assets/Animations/Player/HeavyAttackFullyCharged.anim
  artifactKey: Guid(476a8b2dc7c81594791433c3abb8292e) Importer(2089858483,0ecaa5967403d082aa24f35e1b516d23)
Start importing Assets/Animations/Player/HeavyAttackFullyCharged.anim using Guid(476a8b2dc7c81594791433c3abb8292e) Importer(2089858483,0ecaa5967403d082aa24f35e1b516d23) Generated GUIDs only implemented for interfaces!
 -> (artifact id: '9735b7c35546c31456e22b2eb45f9051') in 0.031251 seconds
Number of updated asset objects reloaded before import = 0
Number of asset objects unloaded after import = 1
========================================================================
Received Import Request.
  Time since last request: 0.000029 seconds.
  path: Assets/Materials/textures/CanvasTextureUpscale.png
  artifactKey: Guid(1281394398b50f74398ba9f94e2b5cd2) Importer(2089858483,0ecaa5967403d082aa24f35e1b516d23)
Start importing Assets/Materials/textures/CanvasTextureUpscale.png using Guid(1281394398b50f74398ba9f94e2b5cd2) Importer(2089858483,0ecaa5967403d082aa24f35e1b516d23) Generated GUIDs only implemented for interfaces!
 -> (artifact id: '5a5118f0ee2e7a467a93e449bcda9b65') in 0.168796 seconds
Number of updated asset objects reloaded before import = 0
Number of asset objects unloaded after import = 1
========================================================================
Received Import Request.
  Time since last request: 0.000044 seconds.
  path: Assets/Materials/textures/KKeySketch.png
  artifactKey: Guid(77a1572c968b9e94d8801237481ce9f2) Importer(2089858483,0ecaa5967403d082aa24f35e1b516d23)
Start importing Assets/Materials/textures/KKeySketch.png using Guid(77a1572c968b9e94d8801237481ce9f2) Importer(2089858483,0ecaa5967403d082aa24f35e1b516d23) Generated GUIDs only implemented for interfaces!
 -> (artifact id: '1c10f07865668fe1c2839a72c3b181f7') in 0.054885 seconds
Number of updated asset objects reloaded before import = 0
Number of asset objects unloaded after import = 1
========================================================================
Received Import Request.
  Time since last request: 0.000029 seconds.
  path: Assets/Sprites/BasicShapes/Circle.png
  artifactKey: Guid(45a9c7c682ad4af45a949a2d9fa3d735) Importer(2089858483,0ecaa5967403d082aa24f35e1b516d23)
Start importing Assets/Sprites/BasicShapes/Circle.png using Guid(45a9c7c682ad4af45a949a2d9fa3d735) Importer(2089858483,0ecaa5967403d082aa24f35e1b516d23) Generated GUIDs only implemented for interfaces!
 -> (artifact id: '35c6a0f6fc6e2ad0ab8e1e6fc8ce3333') in 0.051841 seconds
Number of updated asset objects reloaded before import = 0
Number of asset objects unloaded after import = 3
========================================================================
Received Import Request.
  Time since last request: 0.000022 seconds.
  path: Assets/prefabs/enemy.prefab
  artifactKey: Guid(d7d01d62a3abcf84aa1786e3414ebe4e) Importer(2089858483,0ecaa5967403d082aa24f35e1b516d23)
Start importing Assets/prefabs/enemy.prefab using Guid(d7d01d62a3abcf84aa1786e3414ebe4e) Importer(2089858483,0ecaa5967403d082aa24f35e1b516d23) Generated GUIDs only implemented for interfaces!
 -> (artifact id: '3a8f4c01a4dc5ad893c2c7aaee058fa8') in 0.063831 seconds
Number of updated asset objects reloaded before import = 0
Number of asset objects unloaded after import = 13
========================================================================
Received Import Request.
  Time since last request: 0.000029 seconds.
  path: Assets/Animations/Brush TIp/BrushTipNothingAnim.anim
  artifactKey: Guid(ee405a7667d279040ab0ae678a039884) Importer(2089858483,0ecaa5967403d082aa24f35e1b516d23)
Start importing Assets/Animations/Brush TIp/BrushTipNothingAnim.anim using Guid(ee405a7667d279040ab0ae678a039884) Importer(2089858483,0ecaa5967403d082aa24f35e1b516d23) Generated GUIDs only implemented for interfaces!
 -> (artifact id: '53c1abfc758b176d2efcf457daa44c64') in 0.028666 seconds
Number of updated asset objects reloaded before import = 0
Number of asset objects unloaded after import = 1
========================================================================
Received Import Request.
  Time since last request: 0.000029 seconds.
  path: Assets/Stages/Stage1/Stage1_Segment3.unity
  artifactKey: Guid(f783e108521304148a9e325baf232fde) Importer(2089858483,3d70f49cd1c2eb9ae422958d1c652c6b)
Start importing Assets/Stages/Stage1/Stage1_Segment3.unity using Guid(f783e108521304148a9e325baf232fde) Importer(2089858483,3d70f49cd1c2eb9ae422958d1c652c6b) Opening scene 'Assets/Stages/Stage1/Stage1_Segment3.unity additively'
Loaded scene 'Assets/Stages/Stage1/Stage1_Segment3.unity'
	Deserialize:            28.163 ms
	Integration:            289.361 ms
	Integration of assets:  0.050 ms
	Thread Wait Time:       0.020 ms
	Total Operation Time:   317.594 ms
Generated GUIDs only implemented for interfaces!
 -> (artifact id: '16e1ff3742706c98416bdfdec4b8c80c') in 0.540570 seconds
Number of updated asset objects reloaded before import = 0
Number of asset objects unloaded after import = 1084
========================================================================
Received Import Request.
  Time since last request: 0.078240 seconds.
  path: Assets/Animations/VFXAnimationThing/PlayerLightAttack/Slash.anim
  artifactKey: Guid(18d23487fd4638a4d80a264325518330) Importer(2089858483,0ecaa5967403d082aa24f35e1b516d23)
Start importing Assets/Animations/VFXAnimationThing/PlayerLightAttack/Slash.anim using Guid(18d23487fd4638a4d80a264325518330) Importer(2089858483,0ecaa5967403d082aa24f35e1b516d23) Generated GUIDs only implemented for interfaces!
 -> (artifact id: 'a60f847ae007d61c4912b4d0a25516ad') in 0.032834 seconds
Number of updated asset objects reloaded before import = 0
Number of asset objects unloaded after import = 1
========================================================================
Received Import Request.
  Time since last request: 0.000023 seconds.
  path: Assets/Eric/Scripts/Miscellaneous/DamagePlayer.cs
  artifactKey: Guid(e46016e3289e49c4cafc6fa396d494f3) Importer(2089858483,0ecaa5967403d082aa24f35e1b516d23)
Start importing Assets/Eric/Scripts/Miscellaneous/DamagePlayer.cs using Guid(e46016e3289e49c4cafc6fa396d494f3) Importer(2089858483,0ecaa5967403d082aa24f35e1b516d23) Generated GUIDs only implemented for interfaces!
 -> (artifact id: '3617f6592ef9a12d31e87da3554a8a3c') in 0.017541 seconds
Number of updated asset objects reloaded before import = 0
Number of asset objects unloaded after import = 1
========================================================================
Received Import Request.
  Time since last request: 0.000022 seconds.
  path: Assets/Eric/Scripts/PlayerScripts/PlayerHitboxScript.cs
  artifactKey: Guid(692e2142408423945b37bdb2ce2fbc7b) Importer(2089858483,0ecaa5967403d082aa24f35e1b516d23)
Start importing Assets/Eric/Scripts/PlayerScripts/PlayerHitboxScript.cs using Guid(692e2142408423945b37bdb2ce2fbc7b) Importer(2089858483,0ecaa5967403d082aa24f35e1b516d23) Generated GUIDs only implemented for interfaces!
 -> (artifact id: '7758675d3e0f8ff5e458aca42df948c0') in 0.018723 seconds
Number of updated asset objects reloaded before import = 0
Number of asset objects unloaded after import = 1
========================================================================
Received Import Request.
  Time since last request: 0.000028 seconds.
  path: Assets/Sprites/Placeholder/Enemy/EnemyShootPlaceholder.png
  artifactKey: Guid(0835fd35e2a0b7842967c05c010145e1) Importer(2089858483,0ecaa5967403d082aa24f35e1b516d23)
Start importing Assets/Sprites/Placeholder/Enemy/EnemyShootPlaceholder.png using Guid(0835fd35e2a0b7842967c05c010145e1) Importer(2089858483,0ecaa5967403d082aa24f35e1b516d23) Generated GUIDs only implemented for interfaces!
 -> (artifact id: '2f74846d894225eb8a90ad04430f3c84') in 0.039556 seconds
Number of updated asset objects reloaded before import = 0
Number of asset objects unloaded after import = 3
========================================================================
Received Import Request.
  Time since last request: 0.000029 seconds.
  path: Assets/Sprites/Placeholder/Enemy/enemyStaggerPlaceholder.png
  artifactKey: Guid(05c3f8a1c4301af48957865019bbce5a) Importer(2089858483,0ecaa5967403d082aa24f35e1b516d23)
Start importing Assets/Sprites/Placeholder/Enemy/enemyStaggerPlaceholder.png using Guid(05c3f8a1c4301af48957865019bbce5a) Importer(2089858483,0ecaa5967403d082aa24f35e1b516d23) Generated GUIDs only implemented for interfaces!
 -> (artifact id: '65ee0ea693d233967a517502aa7fbb56') in 0.046898 seconds
Number of updated asset objects reloaded before import = 0
Number of asset objects unloaded after import = 3
========================================================================
Received Import Request.
  Time since last request: 0.000040 seconds.
  path: Assets/Eric/Scenes/PlayerEnemyIncorporationSceneAlternate/NavMesh-Nav_Mesh.asset
  artifactKey: Guid(b860c2f0dcbd134418c7c3b818723290) Importer(2089858483,0ecaa5967403d082aa24f35e1b516d23)
Start importing Assets/Eric/Scenes/PlayerEnemyIncorporationSceneAlternate/NavMesh-Nav_Mesh.asset using Guid(b860c2f0dcbd134418c7c3b818723290) Importer(2089858483,0ecaa5967403d082aa24f35e1b516d23) Generated GUIDs only implemented for interfaces!
 -> (artifact id: 'f43e6f70935ff3280e784c6a0ec4c756') in 0.019625 seconds
Number of updated asset objects reloaded before import = 0
Number of asset objects unloaded after import = 1
========================================================================
Received Import Request.
  Time since last request: 0.000025 seconds.
  path: Assets/Eric/Scripts/Miscellaneous/PlayerTeleportBackToArena.cs
  artifactKey: Guid(2e28751db9c3b30438efeb64773d6a01) Importer(2089858483,0ecaa5967403d082aa24f35e1b516d23)
Start importing Assets/Eric/Scripts/Miscellaneous/PlayerTeleportBackToArena.cs using Guid(2e28751db9c3b30438efeb64773d6a01) Importer(2089858483,0ecaa5967403d082aa24f35e1b516d23) Generated GUIDs only implemented for interfaces!
 -> (artifact id: '16607d0eb7d6436be4984b1a44046a8c') in 0.021864 seconds
Number of updated asset objects reloaded before import = 0
Number of asset objects unloaded after import = 1
========================================================================
Received Import Request.
  Time since last request: 0.000026 seconds.
  path: Assets/Sprites/Placeholder/Enemy/enemyBullDash2Placeholder.png
  artifactKey: Guid(2d8e261f31e92bb448f88a07627a54c3) Importer(2089858483,0ecaa5967403d082aa24f35e1b516d23)
Start importing Assets/Sprites/Placeholder/Enemy/enemyBullDash2Placeholder.png using Guid(2d8e261f31e92bb448f88a07627a54c3) Importer(2089858483,0ecaa5967403d082aa24f35e1b516d23) Generated GUIDs only implemented for interfaces!
 -> (artifact id: '5b449416058e7dbc03a8c08841716779') in 0.043456 seconds
Number of updated asset objects reloaded before import = 0
Number of asset objects unloaded after import = 3
========================================================================
Received Import Request.
  Time since last request: 0.000027 seconds.
  path: Assets/Sprites/Placeholder/ColorIndicators/YellowHealPlaceholder.png
  artifactKey: Guid(2a3ae62389ad40e43b9a63b1fefd5615) Importer(2089858483,0ecaa5967403d082aa24f35e1b516d23)
Start importing Assets/Sprites/Placeholder/ColorIndicators/YellowHealPlaceholder.png using Guid(2a3ae62389ad40e43b9a63b1fefd5615) Importer(2089858483,0ecaa5967403d082aa24f35e1b516d23) Generated GUIDs only implemented for interfaces!
 -> (artifact id: '66d7781bba9e618b60e7ce6977f9e0d1') in 0.046744 seconds
Number of updated asset objects reloaded before import = 0
Number of asset objects unloaded after import = 3
========================================================================
Received Import Request.
  Time since last request: 0.118418 seconds.
  path: Assets/Sprites/PlayerSprites/ChargedAttackFramesV2/BrushTip_ChargedAttackFrame13V2.png
  artifactKey: Guid(d2018d420ca8d494e96c236754e1c695) Importer(2089858483,0ecaa5967403d082aa24f35e1b516d23)
Start importing Assets/Sprites/PlayerSprites/ChargedAttackFramesV2/BrushTip_ChargedAttackFrame13V2.png using Guid(d2018d420ca8d494e96c236754e1c695) Importer(2089858483,0ecaa5967403d082aa24f35e1b516d23) Generated GUIDs only implemented for interfaces!
 -> (artifact id: '1350f6b32190a787ba3c6dc78eff2ae7') in 0.038290 seconds
Number of updated asset objects reloaded before import = 0
Number of asset objects unloaded after import = 3
========================================================================
Received Import Request.
  Time since last request: 0.000027 seconds.
  path: Assets/Sprites/PlayerSprites/ChargedAttackFramesV2/Player_ChargedAttackFrame3V2.png
  artifactKey: Guid(6af7422770448d64f90078b2c9734006) Importer(2089858483,0ecaa5967403d082aa24f35e1b516d23)
Start importing Assets/Sprites/PlayerSprites/ChargedAttackFramesV2/Player_ChargedAttackFrame3V2.png using Guid(6af7422770448d64f90078b2c9734006) Importer(2089858483,0ecaa5967403d082aa24f35e1b516d23) Generated GUIDs only implemented for interfaces!
 -> (artifact id: '38d6098f5c8288890309640402849b15') in 0.045756 seconds
Number of updated asset objects reloaded before import = 0
Number of asset objects unloaded after import = 3
========================================================================
Received Import Request.
  Time since last request: 0.000023 seconds.
  path: Assets/Sprites/PlayerSprites/RunFramesV3/BrushTip_RunFrame2V3.png
  artifactKey: Guid(40d88b30b679dde49af4862e7b44212b) Importer(2089858483,0ecaa5967403d082aa24f35e1b516d23)
Start importing Assets/Sprites/PlayerSprites/RunFramesV3/BrushTip_RunFrame2V3.png using Guid(40d88b30b679dde49af4862e7b44212b) Importer(2089858483,0ecaa5967403d082aa24f35e1b516d23) Generated GUIDs only implemented for interfaces!
 -> (artifact id: 'aff0a5975603be3dc16f1a5a43056c8f') in 0.041715 seconds
Number of updated asset objects reloaded before import = 0
Number of asset objects unloaded after import = 3
========================================================================
Received Import Request.
  Time since last request: 0.000023 seconds.
  path: Assets/Sprites/PlayerSprites/PlayerChargedAttackSprites/Player_ChargedAttackFrame6.png
  artifactKey: Guid(41cf082fb3ca4004094012241a0f4300) Importer(2089858483,0ecaa5967403d082aa24f35e1b516d23)
Start importing Assets/Sprites/PlayerSprites/PlayerChargedAttackSprites/Player_ChargedAttackFrame6.png using Guid(41cf082fb3ca4004094012241a0f4300) Importer(2089858483,0ecaa5967403d082aa24f35e1b516d23) Generated GUIDs only implemented for interfaces!
 -> (artifact id: '2594f1a9930e6dd3814c87f4ad63408f') in 0.047175 seconds
Number of updated asset objects reloaded before import = 0
Number of asset objects unloaded after import = 3
========================================================================
Received Import Request.
  Time since last request: 0.000035 seconds.
  path: Assets/Sprites/PlayerSprites/PlayerChargedAttackSprites/Player_ChargedAttackFrame2.png
  artifactKey: Guid(f8ed894e1dcbb2b49883656080f139fd) Importer(2089858483,0ecaa5967403d082aa24f35e1b516d23)
Start importing Assets/Sprites/PlayerSprites/PlayerChargedAttackSprites/Player_ChargedAttackFrame2.png using Guid(f8ed894e1dcbb2b49883656080f139fd) Importer(2089858483,0ecaa5967403d082aa24f35e1b516d23) Generated GUIDs only implemented for interfaces!
 -> (artifact id: '3c8af78400543a0eefb43472d8029ea4') in 0.050077 seconds
Number of updated asset objects reloaded before import = 0
Number of asset objects unloaded after import = 3
========================================================================
Received Import Request.
  Time since last request: 0.000095 seconds.
  path: Assets/Sprites/PlayerSprites/PlayerDeathSprites/BrushTip_DeathFrame12.png
  artifactKey: Guid(287cfeec0bd3b8740ab4e4fe95700c88) Importer(2089858483,0ecaa5967403d082aa24f35e1b516d23)
Start importing Assets/Sprites/PlayerSprites/PlayerDeathSprites/BrushTip_DeathFrame12.png using Guid(287cfeec0bd3b8740ab4e4fe95700c88) Importer(2089858483,0ecaa5967403d082aa24f35e1b516d23) Generated GUIDs only implemented for interfaces!
 -> (artifact id: '4662f226b51c55b5fbd5595475675362') in 0.041838 seconds
Number of updated asset objects reloaded before import = 0
Number of asset objects unloaded after import = 3
========================================================================
Received Import Request.
  Time since last request: 0.000037 seconds.
  path: Assets/Sprites/PlayerSprites/RunFramesV3/BrushTip_RunFrame1V3.png
  artifactKey: Guid(f0f263ac9884e1a40bda51fbc2d265e4) Importer(2089858483,0ecaa5967403d082aa24f35e1b516d23)
Start importing Assets/Sprites/PlayerSprites/RunFramesV3/BrushTip_RunFrame1V3.png using Guid(f0f263ac9884e1a40bda51fbc2d265e4) Importer(2089858483,0ecaa5967403d082aa24f35e1b516d23) Generated GUIDs only implemented for interfaces!
 -> (artifact id: '4c1b9f7abff62de08f96513aca2183a6') in 0.041043 seconds
Number of updated asset objects reloaded before import = 0
Number of asset objects unloaded after import = 3
========================================================================
Received Import Request.
  Time since last request: 0.000339 seconds.
  path: Assets/Sprites/PlayerSprites/ChargedAttackFramesV2/BrushTIp_ChargedAttackFrame5V2.png
  artifactKey: Guid(57f8ba22aa003b74f969267485c7cf98) Importer(2089858483,0ecaa5967403d082aa24f35e1b516d23)
Start importing Assets/Sprites/PlayerSprites/ChargedAttackFramesV2/BrushTIp_ChargedAttackFrame5V2.png using Guid(57f8ba22aa003b74f969267485c7cf98) Importer(2089858483,0ecaa5967403d082aa24f35e1b516d23) Generated GUIDs only implemented for interfaces!
 -> (artifact id: '58d2a230f7cde49b16522503917474a8') in 0.040329 seconds
Number of updated asset objects reloaded before import = 0
Number of asset objects unloaded after import = 3
========================================================================
Received Import Request.
  Time since last request: 0.000179 seconds.
  path: Assets/Sprites/PlayerSprites/ChargedAttackFramesV2/BrushTip_ChargedAttackFrame6V2.png
  artifactKey: Guid(7a0df7a9ec4ee8248b39f66a63ae5b20) Importer(2089858483,0ecaa5967403d082aa24f35e1b516d23)
Start importing Assets/Sprites/PlayerSprites/ChargedAttackFramesV2/BrushTip_ChargedAttackFrame6V2.png using Guid(7a0df7a9ec4ee8248b39f66a63ae5b20) Importer(2089858483,0ecaa5967403d082aa24f35e1b516d23) Generated GUIDs only implemented for interfaces!
 -> (artifact id: '851241227522b5be45baa85950fc0cfb') in 0.039433 seconds
Number of updated asset objects reloaded before import = 0
Number of asset objects unloaded after import = 3
========================================================================
Received Import Request.
  Time since last request: 0.000025 seconds.
  path: Assets/Sprites/PlayerSprites/ChargedAttackFramesV2/Player_ChargedAttackFrame6V2.png
  artifactKey: Guid(d271cf70c7af46f4d872c2f965e9535e) Importer(2089858483,0ecaa5967403d082aa24f35e1b516d23)
Start importing Assets/Sprites/PlayerSprites/ChargedAttackFramesV2/Player_ChargedAttackFrame6V2.png using Guid(d271cf70c7af46f4d872c2f965e9535e) Importer(2089858483,0ecaa5967403d082aa24f35e1b516d23) Generated GUIDs only implemented for interfaces!
 -> (artifact id: '260fc057a361027a9ff419468ee8f8ed') in 0.038533 seconds
Number of updated asset objects reloaded before import = 0
Number of asset objects unloaded after import = 3
========================================================================
Received Import Request.
  Time since last request: 0.000023 seconds.
  path: Assets/Sprites/PlayerSprites/RunFramesV7/BrushTip_RunFrame6V7.png
  artifactKey: Guid(72b668a7d338d984ea221a5c4c2052dd) Importer(2089858483,0ecaa5967403d082aa24f35e1b516d23)
Start importing Assets/Sprites/PlayerSprites/RunFramesV7/BrushTip_RunFrame6V7.png using Guid(72b668a7d338d984ea221a5c4c2052dd) Importer(2089858483,0ecaa5967403d082aa24f35e1b516d23) Generated GUIDs only implemented for interfaces!
 -> (artifact id: '02be9218aff3ef48260d3b803b4ba4d6') in 0.050712 seconds
Number of updated asset objects reloaded before import = 0
Number of asset objects unloaded after import = 3
========================================================================
Received Import Request.
  Time since last request: 0.000374 seconds.
  path: Assets/Sprites/PlayerSprites/RunFramesV4/Player_RunFrame1V4.png
  artifactKey: Guid(c3e97c051a48cd2459c5ab3a7ff3eefa) Importer(2089858483,0ecaa5967403d082aa24f35e1b516d23)
Start importing Assets/Sprites/PlayerSprites/RunFramesV4/Player_RunFrame1V4.png using Guid(c3e97c051a48cd2459c5ab3a7ff3eefa) Importer(2089858483,0ecaa5967403d082aa24f35e1b516d23) Generated GUIDs only implemented for interfaces!
 -> (artifact id: '1b168f4bbd6ae7d4dcd4e44e85920dfe') in 0.049273 seconds
Number of updated asset objects reloaded before import = 0
Number of asset objects unloaded after import = 3
========================================================================
Received Import Request.
  Time since last request: 0.000028 seconds.
  path: Assets/Sprites/PlayerSprites/RunFramesV7/BrushTip_RunFrame1V7.png
  artifactKey: Guid(d65aa1833a8db7949be64c7e25a36126) Importer(2089858483,0ecaa5967403d082aa24f35e1b516d23)
Start importing Assets/Sprites/PlayerSprites/RunFramesV7/BrushTip_RunFrame1V7.png using Guid(d65aa1833a8db7949be64c7e25a36126) Importer(2089858483,0ecaa5967403d082aa24f35e1b516d23) Generated GUIDs only implemented for interfaces!
 -> (artifact id: 'ab3e6ae02853d8aac8f09daecc6b04db') in 0.053778 seconds
Number of updated asset objects reloaded before import = 0
Number of asset objects unloaded after import = 3
========================================================================
Received Import Request.
  Time since last request: 0.000042 seconds.
  path: Assets/Eric/Scripts/EnemyScripts/DummyScripts/EnemyAnimatorScript.cs
  artifactKey: Guid(db6a390b346eb844f9d9e86345a5de08) Importer(2089858483,0ecaa5967403d082aa24f35e1b516d23)
Start importing Assets/Eric/Scripts/EnemyScripts/DummyScripts/EnemyAnimatorScript.cs using Guid(db6a390b346eb844f9d9e86345a5de08) Importer(2089858483,0ecaa5967403d082aa24f35e1b516d23) Generated GUIDs only implemented for interfaces!
 -> (artifact id: '2088fa49a4a65cd737953841d9b9a8a5') in 0.021666 seconds
Number of updated asset objects reloaded before import = 0
Number of asset objects unloaded after import = 1
========================================================================
Received Import Request.
  Time since last request: 0.000034 seconds.
  path: Assets/Eric/Scripts/EnemyScripts/DummyScripts/DummySpawner.cs
  artifactKey: Guid(a6c2a6604e7fcec42850f6f88f32d891) Importer(2089858483,0ecaa5967403d082aa24f35e1b516d23)
Start importing Assets/Eric/Scripts/EnemyScripts/DummyScripts/DummySpawner.cs using Guid(a6c2a6604e7fcec42850f6f88f32d891) Importer(2089858483,0ecaa5967403d082aa24f35e1b516d23) Generated GUIDs only implemented for interfaces!
 -> (artifact id: '862bf715ab73a9cc96feccaceac1a207') in 0.017369 seconds
Number of updated asset objects reloaded before import = 0
Number of asset objects unloaded after import = 1
========================================================================
Received Import Request.
  Time since last request: 0.000086 seconds.
  path: Assets/Eric/Prefabs/EnemyPrefabs/Enemies/SniperEnemy.prefab
  artifactKey: Guid(1608ecff0b4e476479c4196e0098973a) Importer(2089858483,0ecaa5967403d082aa24f35e1b516d23)
Start importing Assets/Eric/Prefabs/EnemyPrefabs/Enemies/SniperEnemy.prefab using Guid(1608ecff0b4e476479c4196e0098973a) Importer(2089858483,0ecaa5967403d082aa24f35e1b516d23) Generated GUIDs only implemented for interfaces!
 -> (artifact id: '7f29ad0657b1d80198c2a07f5abbac36') in 0.071965 seconds
Number of updated asset objects reloaded before import = 0
Number of asset objects unloaded after import = 153
========================================================================
Received Import Request.
  Time since last request: 0.000029 seconds.
  path: Assets/Sprites/PlayerSprites/RunFramesV6/Player_RunFrame4V6.png
  artifactKey: Guid(a408ed7fea2478a4b957354959056866) Importer(2089858483,0ecaa5967403d082aa24f35e1b516d23)
Start importing Assets/Sprites/PlayerSprites/RunFramesV6/Player_RunFrame4V6.png using Guid(a408ed7fea2478a4b957354959056866) Importer(2089858483,0ecaa5967403d082aa24f35e1b516d23) Generated GUIDs only implemented for interfaces!
 -> (artifact id: '7698b9106292a75e06500398ad4c0cff') in 0.044485 seconds
Number of updated asset objects reloaded before import = 0
Number of asset objects unloaded after import = 3
========================================================================
Received Import Request.
  Time since last request: 0.000027 seconds.
  path: Assets/Sprites/PlayerSprites/PlayerChargedAttackSprites/Player_ChargedAttackFrame18.png
  artifactKey: Guid(4206f819d160b054c989537b47189722) Importer(2089858483,0ecaa5967403d082aa24f35e1b516d23)
Start importing Assets/Sprites/PlayerSprites/PlayerChargedAttackSprites/Player_ChargedAttackFrame18.png using Guid(4206f819d160b054c989537b47189722) Importer(2089858483,0ecaa5967403d082aa24f35e1b516d23) Generated GUIDs only implemented for interfaces!
 -> (artifact id: '23449a64533c9ff6ee16953610832abb') in 0.047534 seconds
Number of updated asset objects reloaded before import = 0
Number of asset objects unloaded after import = 3
========================================================================
Received Import Request.
  Time since last request: 0.000026 seconds.
  path: Assets/Sprites/PlayerSprites/RunFramesV5/Player_RunFrame5V5.png
  artifactKey: Guid(9b9c4ffe3b459904dba6f83e84c16e0a) Importer(2089858483,0ecaa5967403d082aa24f35e1b516d23)
Start importing Assets/Sprites/PlayerSprites/RunFramesV5/Player_RunFrame5V5.png using Guid(9b9c4ffe3b459904dba6f83e84c16e0a) Importer(2089858483,0ecaa5967403d082aa24f35e1b516d23) Generated GUIDs only implemented for interfaces!
 -> (artifact id: '40365fa8969eb570b7d25ac40af7af71') in 0.040700 seconds
Number of updated asset objects reloaded before import = 0
Number of asset objects unloaded after import = 3
========================================================================
Received Import Request.
  Time since last request: 0.000042 seconds.
  path: Assets/Sprites/PlayerSprites/PlayerDeathSprites/BrushTip_DeathFrame4.png
  artifactKey: Guid(386e1217a641ec24894ee57faa356069) Importer(2089858483,0ecaa5967403d082aa24f35e1b516d23)
Start importing Assets/Sprites/PlayerSprites/PlayerDeathSprites/BrushTip_DeathFrame4.png using Guid(386e1217a641ec24894ee57faa356069) Importer(2089858483,0ecaa5967403d082aa24f35e1b516d23) Generated GUIDs only implemented for interfaces!
 -> (artifact id: '077f72430addc1427dea8d68d50ec215') in 0.047241 seconds
Number of updated asset objects reloaded before import = 0
Number of asset objects unloaded after import = 3
========================================================================
Received Import Request.
  Time since last request: 0.000023 seconds.
  path: Assets/Sprites/EnemySprites/Bush/BushAttackFrames/Bush_AttackFrame3.png
  artifactKey: Guid(2c0ce3ca35ff1834abc33c402d3e3c9d) Importer(2089858483,0ecaa5967403d082aa24f35e1b516d23)
Start importing Assets/Sprites/EnemySprites/Bush/BushAttackFrames/Bush_AttackFrame3.png using Guid(2c0ce3ca35ff1834abc33c402d3e3c9d) Importer(2089858483,0ecaa5967403d082aa24f35e1b516d23) Generated GUIDs only implemented for interfaces!
 -> (artifact id: '54113bfb1d1e0c944ce5650bd750f650') in 0.050245 seconds
Number of updated asset objects reloaded before import = 0
Number of asset objects unloaded after import = 3
========================================================================
Received Import Request.
  Time since last request: 0.001231 seconds.
  path: Assets/Sprites/Placeholder/Player/Attacks/ThirdAttackWindupPlaceholder1.png
  artifactKey: Guid(9ca2e46167542d0448e5f9e0465a55d3) Importer(2089858483,0ecaa5967403d082aa24f35e1b516d23)
Start importing Assets/Sprites/Placeholder/Player/Attacks/ThirdAttackWindupPlaceholder1.png using Guid(9ca2e46167542d0448e5f9e0465a55d3) Importer(2089858483,0ecaa5967403d082aa24f35e1b516d23) Generated GUIDs only implemented for interfaces!
 -> (artifact id: '50c7daccc2fd928d74ef203d2e347ba7') in 0.047537 seconds
Number of updated asset objects reloaded before import = 0
Number of asset objects unloaded after import = 3
========================================================================
Received Import Request.
  Time since last request: 0.000025 seconds.
  path: Assets/Sprites/Placeholder/VFXTest/Slash/BrushStrokeVFXPlaceholder4.png
  artifactKey: Guid(84ba3f0648a4f5c4296374c67d9e3fdc) Importer(2089858483,0ecaa5967403d082aa24f35e1b516d23)
Start importing Assets/Sprites/Placeholder/VFXTest/Slash/BrushStrokeVFXPlaceholder4.png using Guid(84ba3f0648a4f5c4296374c67d9e3fdc) Importer(2089858483,0ecaa5967403d082aa24f35e1b516d23) Generated GUIDs only implemented for interfaces!
 -> (artifact id: '5a8d4020b25abb72477065c5034761a5') in 0.041200 seconds
Number of updated asset objects reloaded before import = 0
Number of asset objects unloaded after import = 3
========================================================================
Received Import Request.
  Time since last request: 0.000033 seconds.
  path: Assets/Sprites/Placeholder/VFXTest/Slash/BrushStrokeVFXPlaceholder2.png
  artifactKey: Guid(347ff51a46cdde741b3a58512c25ca8a) Importer(2089858483,0ecaa5967403d082aa24f35e1b516d23)
Start importing Assets/Sprites/Placeholder/VFXTest/Slash/BrushStrokeVFXPlaceholder2.png using Guid(347ff51a46cdde741b3a58512c25ca8a) Importer(2089858483,0ecaa5967403d082aa24f35e1b516d23) Generated GUIDs only implemented for interfaces!
 -> (artifact id: '14c53e0b5ae21aeac985412ea186e11c') in 0.068841 seconds
Number of updated asset objects reloaded before import = 0
Number of asset objects unloaded after import = 3
========================================================================
Received Import Request.
  Time since last request: 0.000040 seconds.
  path: Assets/Sprites/EnemySprites/Squirrel/SquirrelAttackFrames/Squirrel_AttackFrame6.png
  artifactKey: Guid(7066fa9445468754c9a89fdff7291440) Importer(2089858483,0ecaa5967403d082aa24f35e1b516d23)
Start importing Assets/Sprites/EnemySprites/Squirrel/SquirrelAttackFrames/Squirrel_AttackFrame6.png using Guid(7066fa9445468754c9a89fdff7291440) Importer(2089858483,0ecaa5967403d082aa24f35e1b516d23) Generated GUIDs only implemented for interfaces!
 -> (artifact id: 'db07a58b8bf7740dbf188ee6eff9a875') in 0.031030 seconds
Number of updated asset objects reloaded before import = 0
Number of asset objects unloaded after import = 3
Editor requested this worker to shutdown with reason: balancing worker count downwards
TcpMessagingSession - receive error: operation aborted. errorcode: 995, details: A operação de E/S foi anulada devido a uma saída de thread ou a uma requisição de aplicativo.
AssetImportWorker is now disconnected from the server
Process exiting
Exiting without the bug reporter. Application will terminate with return code 0