Using pre-set license
Built from '2022.3/staging' branch; Version is '2022.3.10f1 (ff3792e53c62) revision 16725906'; Using compiler version '192829333'; Build Type 'Release'
OS: 'Windows 11  (10.0.22631) 64bit Core' Language: 'pt' Physical Memory: 32560 MB
BatchMode: 1, IsHumanControllingUs: 0, StartBugReporterOnCrash: 0, Is64bit: 1, IsPro: 1

COMMAND LINE ARGUMENTS:
C:\Program Files\2022.3.10f1\Editor\Unity.exe
-adb2
-batchMode
-noUpm
-name
AssetImportWorker8
-projectPath
C:/Users/Eric/Documents/GitHub/InkweaverV2
-logFile
Logs/AssetImportWorker8.log
-srvPort
65302
Successfully changed project path to: C:/Users/Eric/Documents/GitHub/InkweaverV2
C:/Users/Eric/Documents/GitHub/InkweaverV2
[UnityMemory] Configuration Parameters - Can be set up in boot.config
    "memorysetup-bucket-allocator-granularity=16"
    "memorysetup-bucket-allocator-bucket-count=8"
    "memorysetup-bucket-allocator-block-size=33554432"
    "memorysetup-bucket-allocator-block-count=8"
    "memorysetup-main-allocator-block-size=16777216"
    "memorysetup-thread-allocator-block-size=16777216"
    "memorysetup-gfx-main-allocator-block-size=16777216"
    "memorysetup-gfx-thread-allocator-block-size=16777216"
    "memorysetup-cache-allocator-block-size=4194304"
    "memorysetup-typetree-allocator-block-size=2097152"
    "memorysetup-profiler-bucket-allocator-granularity=16"
    "memorysetup-profiler-bucket-allocator-bucket-count=8"
    "memorysetup-profiler-bucket-allocator-block-size=33554432"
    "memorysetup-profiler-bucket-allocator-block-count=8"
    "memorysetup-profiler-allocator-block-size=16777216"
    "memorysetup-profiler-editor-allocator-block-size=1048576"
    "memorysetup-temp-allocator-size-main=16777216"
    "memorysetup-job-temp-allocator-block-size=2097152"
    "memorysetup-job-temp-allocator-block-size-background=1048576"
    "memorysetup-job-temp-allocator-reduction-small-platforms=262144"
    "memorysetup-allocator-temp-initial-block-size-main=262144"
    "memorysetup-allocator-temp-initial-block-size-worker=262144"
    "memorysetup-temp-allocator-size-background-worker=32768"
    "memorysetup-temp-allocator-size-job-worker=262144"
    "memorysetup-temp-allocator-size-preload-manager=33554432"
    "memorysetup-temp-allocator-size-nav-mesh-worker=65536"
    "memorysetup-temp-allocator-size-audio-worker=65536"
    "memorysetup-temp-allocator-size-cloud-worker=32768"
    "memorysetup-temp-allocator-size-gi-baking-worker=262144"
    "memorysetup-temp-allocator-size-gfx=262144"
Player connection [37856] Host "[IP] 192.168.0.106 [Port] 0 [Flags] 2 [Guid] 3414191092 [EditorId] 3414191092 [Version] 1048832 [Id] WindowsEditor(7,Kito) [Debug] 1 [PackageName] WindowsEditor [ProjectName] Editor" joined multi-casting on [225.0.0.222:54997]...

Player connection [37856] Host "[IP] 192.168.0.106 [Port] 0 [Flags] 2 [Guid] 3414191092 [EditorId] 3414191092 [Version] 1048832 [Id] WindowsEditor(7,Kito) [Debug] 1 [PackageName] WindowsEditor [ProjectName] Editor" joined alternative multi-casting on [225.0.0.222:34997]...

[Physics::Module] Initialized MultithreadedJobDispatcher with 15 workers.
Refreshing native plugins compatible for Editor in 14.17 ms, found 4 plugins.
Preloading 0 native plugins for Editor in 0.00 ms.
Initialize engine version: 2022.3.10f1 (ff3792e53c62)
[Subsystems] Discovering subsystems at path C:/Program Files/2022.3.10f1/Editor/Data/Resources/UnitySubsystems
[Subsystems] Discovering subsystems at path C:/Users/Eric/Documents/GitHub/InkweaverV2/Assets
GfxDevice: creating device client; threaded=0; jobified=0
Direct3D:
    Version:  Direct3D 11.0 [level 11.1]
    Renderer: AMD Radeon RX 6600 (ID=0x73ff)
    Vendor:   ATI
    VRAM:     8147 MB
    Driver:   31.0.24031.5001
Initialize mono
Mono path[0] = 'C:/Program Files/2022.3.10f1/Editor/Data/Managed'
Mono path[1] = 'C:/Program Files/2022.3.10f1/Editor/Data/MonoBleedingEdge/lib/mono/unityjit-win32'
Mono config path = 'C:/Program Files/2022.3.10f1/Editor/Data/MonoBleedingEdge/etc'
Using monoOptions --debugger-agent=transport=dt_socket,embedding=1,server=y,suspend=n,address=127.0.0.1:56652
Begin MonoManager ReloadAssembly
Registering precompiled unity dll's ...
Register platform support module: C:/Program Files/2022.3.10f1/Editor/Data/PlaybackEngines/WindowsStandaloneSupport/UnityEditor.WindowsStandalone.Extensions.dll
Registered in 0.007291 seconds.
- Loaded All Assemblies, in  0.505 seconds
Native extension for WindowsStandalone target not found
Mono: successfully reloaded assembly
- Finished resetting the current domain, in  0.373 seconds
Domain Reload Profiling: 876ms
	BeginReloadAssembly (158ms)
		ExecutionOrderSort (0ms)
		DisableScriptedObjects (0ms)
		BackupInstance (0ms)
		ReleaseScriptingObjects (0ms)
		CreateAndSetChildDomain (1ms)
	RebuildCommonClasses (56ms)
	RebuildNativeTypeToScriptingClass (16ms)
	initialDomainReloadingComplete (78ms)
	LoadAllAssembliesAndSetupDomain (195ms)
		LoadAssemblies (154ms)
		RebuildTransferFunctionScriptingTraits (0ms)
		AnalyzeDomain (193ms)
			TypeCache.Refresh (191ms)
				TypeCache.ScanAssembly (171ms)
			ScanForSourceGeneratedMonoScriptInfo (0ms)
			ResolveRequiredComponents (1ms)
	FinalizeReload (373ms)
		ReleaseScriptCaches (0ms)
		RebuildScriptCaches (0ms)
		SetupLoadedEditorAssemblies (288ms)
			LogAssemblyErrors (0ms)
			InitializePlatformSupportModulesInManaged (13ms)
			SetLoadedEditorAssemblies (11ms)
			RefreshPlugins (0ms)
			BeforeProcessingInitializeOnLoad (3ms)
			ProcessInitializeOnLoadAttributes (189ms)
			ProcessInitializeOnLoadMethodAttributes (71ms)
			AfterProcessingInitializeOnLoad (0ms)
			EditorAssembliesLoaded (0ms)
		ExecutionOrderSort2 (0ms)
		AwakeInstancesAfterBackupRestoration (0ms)
========================================================================
Worker process is ready to serve import requests
Begin MonoManager ReloadAssembly
- Loaded All Assemblies, in  1.562 seconds
Refreshing native plugins compatible for Editor in 7.13 ms, found 4 plugins.
Native extension for WindowsStandalone target not found
Package Manager log level set to [2]
[Package Manager] Server::EnsureServerProcessIsRunning -- launch failed, reason: Unity was launched with the -noUpm command-line argument
[Package Manager] UpmClient::Send -- Unable to send message (not connected to UPM process).
[Package Manager] Cannot connect to Unity Package Manager local server
Mono: successfully reloaded assembly
- Finished resetting the current domain, in  1.208 seconds
Domain Reload Profiling: 2765ms
	BeginReloadAssembly (264ms)
		ExecutionOrderSort (0ms)
		DisableScriptedObjects (8ms)
		BackupInstance (0ms)
		ReleaseScriptingObjects (0ms)
		CreateAndSetChildDomain (46ms)
	RebuildCommonClasses (64ms)
	RebuildNativeTypeToScriptingClass (17ms)
	initialDomainReloadingComplete (93ms)
	LoadAllAssembliesAndSetupDomain (1119ms)
		LoadAssemblies (690ms)
		RebuildTransferFunctionScriptingTraits (0ms)
		AnalyzeDomain (556ms)
			TypeCache.Refresh (479ms)
				TypeCache.ScanAssembly (444ms)
			ScanForSourceGeneratedMonoScriptInfo (58ms)
			ResolveRequiredComponents (15ms)
	FinalizeReload (1209ms)
		ReleaseScriptCaches (0ms)
		RebuildScriptCaches (0ms)
		SetupLoadedEditorAssemblies (893ms)
			LogAssemblyErrors (0ms)
			InitializePlatformSupportModulesInManaged (13ms)
			SetLoadedEditorAssemblies (9ms)
			RefreshPlugins (0ms)
			BeforeProcessingInitializeOnLoad (145ms)
			ProcessInitializeOnLoadAttributes (569ms)
			ProcessInitializeOnLoadMethodAttributes (143ms)
			AfterProcessingInitializeOnLoad (12ms)
			EditorAssembliesLoaded (1ms)
		ExecutionOrderSort2 (0ms)
		AwakeInstancesAfterBackupRestoration (10ms)
Launched and connected shader compiler UnityShaderCompiler.exe after 0.10 seconds
Refreshing native plugins compatible for Editor in 8.73 ms, found 4 plugins.
Preloading 0 native plugins for Editor in 0.00 ms.
Unloading 5905 Unused Serialized files (Serialized files now loaded: 0)
Unloading 85 unused Assets / (352.4 KB). Loaded Objects now: 6379.
Memory consumption went from 222.9 MB to 222.6 MB.
Total: 8.934800 ms (FindLiveObjects: 1.055000 ms CreateObjectMapping: 0.788200 ms MarkObjects: 6.489200 ms  DeleteObjects: 0.599900 ms)

AssetImportParameters requested are different than current active one (requested -> active):
  custom:container-demuxer-ogg: 62fdf1f143b41e24485cea50d1cbac27 -> 
  custom:video-decoder-ogg-theora: a1e56fd34408186e4bbccfd4996cb3dc -> 
  custom:framework-win-MediaFoundation: 216162199b28c13a410421893ffa2e32 -> 
  custom:CustomObjectIndexerAttribute: a3ef5dd2817f97addfee359851a9dba5 -> 
  custom:container-demuxer-webm: 4f35f7cbe854078d1ac9338744f61a02 -> 
  custom:container-muxer-webm: aa71ff27fc2769a1b78a27578f13a17b -> 
  custom:video-decoder-webm-vp8: 9c59270c3fd7afecdb556c50c9e8de78 -> 
  custom:SearchIndexIgnoredProperties: e643bd26f0fe6173181afceb89e7c659 -> 
  custom:AudioImporter_EditorPlatform: d09bf68614088b80899f8185d706f6e7 -> 
  custom:video-encoder-webm-vp8: eb34c28f22e8b96e1ab97ce403110664 -> 
  custom:audio-decoder-ogg-vorbis: bf7c407c2cedff20999df2af8eb42d56 -> 
  custom:audio-encoder-webm-vorbis: bf7c407c2cedff20999df2af8eb42d56 -> 
========================================================================
Received Import Request.
  Time since last request: 1771092.390704 seconds.
  path: Assets/Materials/textures/ZKeySketch.png
  artifactKey: Guid(ef006730bddd2f74680b7833997ed86c) Importer(2089858483,0ecaa5967403d082aa24f35e1b516d23)
Start importing Assets/Materials/textures/ZKeySketch.png using Guid(ef006730bddd2f74680b7833997ed86c) Importer(2089858483,0ecaa5967403d082aa24f35e1b516d23) Generated GUIDs only implemented for interfaces!
 -> (artifact id: 'f01bf2001d6f47d0aa0ff76962564c62') in 0.458144 seconds
Number of updated asset objects reloaded before import = 0
Number of asset objects unloaded after import = 1
========================================================================
Received Import Request.
  Time since last request: 0.000035 seconds.
  path: Assets/Ui/Reestart_Menu.png
  artifactKey: Guid(66a31f58b51f64547909ed326ee4ecb4) Importer(2089858483,0ecaa5967403d082aa24f35e1b516d23)
Start importing Assets/Ui/Reestart_Menu.png using Guid(66a31f58b51f64547909ed326ee4ecb4) Importer(2089858483,0ecaa5967403d082aa24f35e1b516d23) Generated GUIDs only implemented for interfaces!
 -> (artifact id: '861409aaee18ffd7d2f7d27395bcc76c') in 0.058966 seconds
Number of updated asset objects reloaded before import = 0
Number of asset objects unloaded after import = 3
========================================================================
Received Import Request.
  Time since last request: 0.000024 seconds.
  path: Assets/Scripts/Manager&Transition_Scripts/Transition_Script.cs
  artifactKey: Guid(870057db0053ca949816691c892fdbb4) Importer(2089858483,0ecaa5967403d082aa24f35e1b516d23)
Start importing Assets/Scripts/Manager&Transition_Scripts/Transition_Script.cs using Guid(870057db0053ca949816691c892fdbb4) Importer(2089858483,0ecaa5967403d082aa24f35e1b516d23) Generated GUIDs only implemented for interfaces!
 -> (artifact id: '1e6ef9cdf261de50f0f7343742af916c') in 0.020975 seconds
Number of updated asset objects reloaded before import = 0
Number of asset objects unloaded after import = 1
========================================================================
Received Import Request.
  Time since last request: 0.000026 seconds.
  path: Assets/Scripts/Manager&Transition_Scripts/DeathMenu_Script.cs
  artifactKey: Guid(354bbbea09d17404cb5e4358004f7fa4) Importer(2089858483,0ecaa5967403d082aa24f35e1b516d23)
Start importing Assets/Scripts/Manager&Transition_Scripts/DeathMenu_Script.cs using Guid(354bbbea09d17404cb5e4358004f7fa4) Importer(2089858483,0ecaa5967403d082aa24f35e1b516d23) Generated GUIDs only implemented for interfaces!
 -> (artifact id: 'dfdbaceffb9765bd5d98438fb2e19839') in 0.020251 seconds
Number of updated asset objects reloaded before import = 0
Number of asset objects unloaded after import = 1
========================================================================
Received Import Request.
  Time since last request: 0.000027 seconds.
  path: Assets/Eric/Prefabs/ScenarioPrefabs/Tree3.prefab
  artifactKey: Guid(5c2a6dadcc3c3ba46a9fd1a3a473209e) Importer(2089858483,3d70f49cd1c2eb9ae422958d1c652c6b)
Start importing Assets/Eric/Prefabs/ScenarioPrefabs/Tree3.prefab using Guid(5c2a6dadcc3c3ba46a9fd1a3a473209e) Importer(2089858483,3d70f49cd1c2eb9ae422958d1c652c6b) Generated GUIDs only implemented for interfaces!
 -> (artifact id: '39656eba09871d3837af0ee731ca343c') in 0.036095 seconds
Number of updated asset objects reloaded before import = 0
Number of asset objects unloaded after import = 9
========================================================================
Received Import Request.
  Time since last request: 0.000022 seconds.
  path: Assets/prefabs/Transition.prefab
  artifactKey: Guid(363679b09089f7d4090ae4924c2c0ff0) Importer(2089858483,0ecaa5967403d082aa24f35e1b516d23)
Start importing Assets/prefabs/Transition.prefab using Guid(363679b09089f7d4090ae4924c2c0ff0) Importer(2089858483,0ecaa5967403d082aa24f35e1b516d23) Generated GUIDs only implemented for interfaces!
 -> (artifact id: '8622e3518309860136fd69363fbe50d0') in 0.083055 seconds
Number of updated asset objects reloaded before import = 0
Number of asset objects unloaded after import = 20
========================================================================
Received Import Request.
  Time since last request: 0.000038 seconds.
  path: Assets/Materials/textures/MovementTutorialPostit.png
  artifactKey: Guid(5809b41a5bda88849b0a8c057b76d076) Importer(2089858483,0ecaa5967403d082aa24f35e1b516d23)
Start importing Assets/Materials/textures/MovementTutorialPostit.png using Guid(5809b41a5bda88849b0a8c057b76d076) Importer(2089858483,0ecaa5967403d082aa24f35e1b516d23) Generated GUIDs only implemented for interfaces!
 -> (artifact id: 'dd23e75701b222d650a2a967cd1ab58d') in 0.044200 seconds
Number of updated asset objects reloaded before import = 0
Number of asset objects unloaded after import = 3
========================================================================
Received Import Request.
  Time since last request: 0.000039 seconds.
  path: Assets/Scripts/enemy_scripts/enemy_player_detection.cs
  artifactKey: Guid(3af9f90ae6315774a824549f54248c6b) Importer(2089858483,0ecaa5967403d082aa24f35e1b516d23)
Start importing Assets/Scripts/enemy_scripts/enemy_player_detection.cs using Guid(3af9f90ae6315774a824549f54248c6b) Importer(2089858483,0ecaa5967403d082aa24f35e1b516d23) Generated GUIDs only implemented for interfaces!
 -> (artifact id: '7cb793f41b2f492c2fe80fc7fd72ec71') in 0.019387 seconds
Number of updated asset objects reloaded before import = 0
Number of asset objects unloaded after import = 1
========================================================================
Received Import Request.
  Time since last request: 0.000028 seconds.
  path: Assets/Stages/Stage1/Stage1_Segment6/NavMesh-NavMesh.asset
  artifactKey: Guid(db64ed321f6dcc04bb108b8f90cb1cf0) Importer(2089858483,3d70f49cd1c2eb9ae422958d1c652c6b)
Start importing Assets/Stages/Stage1/Stage1_Segment6/NavMesh-NavMesh.asset using Guid(db64ed321f6dcc04bb108b8f90cb1cf0) Importer(2089858483,3d70f49cd1c2eb9ae422958d1c652c6b) Generated GUIDs only implemented for interfaces!
 -> (artifact id: '2ca322cf14e5eb07a290e58f1ed74357') in 0.018227 seconds
Number of updated asset objects reloaded before import = 0
Number of asset objects unloaded after import = 0
========================================================================
Received Import Request.
  Time since last request: 0.000069 seconds.
  path: Assets/Animations/Player/DeathAnim.anim
  artifactKey: Guid(513fff8c85db44d48a961aef4dc2055f) Importer(2089858483,0ecaa5967403d082aa24f35e1b516d23)
Start importing Assets/Animations/Player/DeathAnim.anim using Guid(513fff8c85db44d48a961aef4dc2055f) Importer(2089858483,0ecaa5967403d082aa24f35e1b516d23) Generated GUIDs only implemented for interfaces!
 -> (artifact id: 'a6503dfec9253c9351f8df8d35864fa9') in 0.036354 seconds
Number of updated asset objects reloaded before import = 0
Number of asset objects unloaded after import = 1
========================================================================
Received Import Request.
  Time since last request: 0.000132 seconds.
  path: Assets/TextMesh Pro/Resources/LineBreaking Leading Characters.txt
  artifactKey: Guid(d82c1b31c7e74239bff1220585707d2b) Importer(2089858483,0ecaa5967403d082aa24f35e1b516d23)
Start importing Assets/TextMesh Pro/Resources/LineBreaking Leading Characters.txt using Guid(d82c1b31c7e74239bff1220585707d2b) Importer(2089858483,0ecaa5967403d082aa24f35e1b516d23) Generated GUIDs only implemented for interfaces!
 -> (artifact id: '96300b1e1ad0e908cf19d3813c3c2332') in 0.027394 seconds
Number of updated asset objects reloaded before import = 0
Number of asset objects unloaded after import = 1
========================================================================
Received Import Request.
  Time since last request: 0.000025 seconds.
  path: Assets/TextMesh Pro/Shaders/TMP_Bitmap-Custom-Atlas.shader
  artifactKey: Guid(48bb5f55d8670e349b6e614913f9d910) Importer(2089858483,0ecaa5967403d082aa24f35e1b516d23)
Start importing Assets/TextMesh Pro/Shaders/TMP_Bitmap-Custom-Atlas.shader using Guid(48bb5f55d8670e349b6e614913f9d910) Importer(2089858483,0ecaa5967403d082aa24f35e1b516d23) Generated GUIDs only implemented for interfaces!
 -> (artifact id: 'd740e7e002e6f376d790dfe6d4a2aee2') in 0.039306 seconds
Number of updated asset objects reloaded before import = 0
Number of asset objects unloaded after import = 1
========================================================================
Received Import Request.
  Time since last request: 0.000029 seconds.
  path: Assets/TextMesh Pro/Shaders/TMP_Bitmap.shader
  artifactKey: Guid(128e987d567d4e2c824d754223b3f3b0) Importer(2089858483,0ecaa5967403d082aa24f35e1b516d23)
Start importing Assets/TextMesh Pro/Shaders/TMP_Bitmap.shader using Guid(128e987d567d4e2c824d754223b3f3b0) Importer(2089858483,0ecaa5967403d082aa24f35e1b516d23) Generated GUIDs only implemented for interfaces!
 -> (artifact id: '86dc809df518abe789d780de74f97b7f') in 0.027804 seconds
Number of updated asset objects reloaded before import = 0
Number of asset objects unloaded after import = 1
========================================================================
Received Import Request.
  Time since last request: 0.000529 seconds.
  path: Assets/Animations/Enemy/Sniper/SniperGFX.controller
  artifactKey: Guid(55a74c4a50641104fb19b806fb7f5c00) Importer(2089858483,0ecaa5967403d082aa24f35e1b516d23)
Start importing Assets/Animations/Enemy/Sniper/SniperGFX.controller using Guid(55a74c4a50641104fb19b806fb7f5c00) Importer(2089858483,0ecaa5967403d082aa24f35e1b516d23) Generated GUIDs only implemented for interfaces!
 -> (artifact id: '690ac51c6aac09bd45474e99ada097a5') in 0.095809 seconds
Number of updated asset objects reloaded before import = 0
Number of asset objects unloaded after import = 25
========================================================================
Received Import Request.
  Time since last request: 0.000025 seconds.
  path: Assets/Stages/Stage1/Stage1_Segment3.unity
  artifactKey: Guid(f783e108521304148a9e325baf232fde) Importer(2089858483,0ecaa5967403d082aa24f35e1b516d23)
Start importing Assets/Stages/Stage1/Stage1_Segment3.unity using Guid(f783e108521304148a9e325baf232fde) Importer(2089858483,0ecaa5967403d082aa24f35e1b516d23) Generated GUIDs only implemented for interfaces!
 -> (artifact id: 'aa486d9e205b855c2e6be69b5ea11afe') in 0.016106 seconds
Number of updated asset objects reloaded before import = 0
Number of asset objects unloaded after import = 1
========================================================================
Received Import Request.
  Time since last request: 0.000025 seconds.
  path: Assets/Sprites/Scenario/TransitionSprite.png
  artifactKey: Guid(9cc94bd45319f1149b2ea353f4cbf89c) Importer(2089858483,0ecaa5967403d082aa24f35e1b516d23)
Start importing Assets/Sprites/Scenario/TransitionSprite.png using Guid(9cc94bd45319f1149b2ea353f4cbf89c) Importer(2089858483,0ecaa5967403d082aa24f35e1b516d23) Generated GUIDs only implemented for interfaces!
 -> (artifact id: '40297c58951d5f85cd574aeaba1bd7bf') in 0.045897 seconds
Number of updated asset objects reloaded before import = 0
Number of asset objects unloaded after import = 3
========================================================================
Received Import Request.
  Time since last request: 0.000039 seconds.
  path: Assets/Scripts/Manager&Transition_Scripts/GameManager_Script.cs
  artifactKey: Guid(41c1f5777e014bf41a907b805315ceb7) Importer(2089858483,0ecaa5967403d082aa24f35e1b516d23)
Start importing Assets/Scripts/Manager&Transition_Scripts/GameManager_Script.cs using Guid(41c1f5777e014bf41a907b805315ceb7) Importer(2089858483,0ecaa5967403d082aa24f35e1b516d23) Generated GUIDs only implemented for interfaces!
 -> (artifact id: '5b43871150ef2a36c63e9993eb5e6bb9') in 0.017790 seconds
Number of updated asset objects reloaded before import = 0
Number of asset objects unloaded after import = 1
========================================================================
Received Import Request.
  Time since last request: 0.000035 seconds.
  path: Assets/Animations/CameraAnimations/Cam_ShakeAnim1.anim
  artifactKey: Guid(2b424b8127c07a740a8c85564703c1cd) Importer(2089858483,0ecaa5967403d082aa24f35e1b516d23)
Start importing Assets/Animations/CameraAnimations/Cam_ShakeAnim1.anim using Guid(2b424b8127c07a740a8c85564703c1cd) Importer(2089858483,0ecaa5967403d082aa24f35e1b516d23) Generated GUIDs only implemented for interfaces!
 -> (artifact id: '517e1a4051b4e286b8b421c1200664b4') in 0.022439 seconds
Number of updated asset objects reloaded before import = 0
Number of asset objects unloaded after import = 1
========================================================================
Received Import Request.
  Time since last request: 0.000036 seconds.
  path: Assets/Stages/Stage1/Stage1_Segment6.unity
  artifactKey: Guid(d8a4a158a982ac441bf61575382b120a) Importer(2089858483,0ecaa5967403d082aa24f35e1b516d23)
Start importing Assets/Stages/Stage1/Stage1_Segment6.unity using Guid(d8a4a158a982ac441bf61575382b120a) Importer(2089858483,0ecaa5967403d082aa24f35e1b516d23) Generated GUIDs only implemented for interfaces!
 -> (artifact id: '562afb7d9461e2b98193ca7c15962743') in 0.019181 seconds
Number of updated asset objects reloaded before import = 0
Number of asset objects unloaded after import = 1
========================================================================
Received Import Request.
  Time since last request: 0.000733 seconds.
  path: Assets/TextMesh Pro/Shaders/TMP_SDF-Surface-Mobile.shader
  artifactKey: Guid(85187c2149c549c5b33f0cdb02836b17) Importer(2089858483,0ecaa5967403d082aa24f35e1b516d23)
Start importing Assets/TextMesh Pro/Shaders/TMP_SDF-Surface-Mobile.shader using Guid(85187c2149c549c5b33f0cdb02836b17) Importer(2089858483,0ecaa5967403d082aa24f35e1b516d23) Generated GUIDs only implemented for interfaces!
 -> (artifact id: 'faf5505a85537392c4d8a323628bd712') in 0.025309 seconds
Number of updated asset objects reloaded before import = 0
Number of asset objects unloaded after import = 1
========================================================================
Received Import Request.
  Time since last request: 0.141896 seconds.
  path: Assets/Animations/VFXAnimationThing/PlayerLightAttack/LightAttackVFXAnimator.controller
  artifactKey: Guid(40b24faf011d3a8499699e082c808952) Importer(2089858483,0ecaa5967403d082aa24f35e1b516d23)
Start importing Assets/Animations/VFXAnimationThing/PlayerLightAttack/LightAttackVFXAnimator.controller using Guid(40b24faf011d3a8499699e082c808952) Importer(2089858483,0ecaa5967403d082aa24f35e1b516d23) Generated GUIDs only implemented for interfaces!
 -> (artifact id: 'a2931da72a40b62927c50f21c798342c') in 0.016885 seconds
Number of updated asset objects reloaded before import = 0
Number of asset objects unloaded after import = 8
========================================================================
Received Import Request.
  Time since last request: 0.000028 seconds.
  path: Assets/Sprites/Placeholder/Enemy/EnemyWalkPlaceholder3.png
  artifactKey: Guid(5e3cbbd57286d78429a73e7c7d5ffef3) Importer(2089858483,0ecaa5967403d082aa24f35e1b516d23)
Start importing Assets/Sprites/Placeholder/Enemy/EnemyWalkPlaceholder3.png using Guid(5e3cbbd57286d78429a73e7c7d5ffef3) Importer(2089858483,0ecaa5967403d082aa24f35e1b516d23) Generated GUIDs only implemented for interfaces!
 -> (artifact id: '1063960d05d4a8214f36dbf454ea4520') in 0.052319 seconds
Number of updated asset objects reloaded before import = 0
Number of asset objects unloaded after import = 3
========================================================================
Received Import Request.
  Time since last request: 0.000295 seconds.
  path: Assets/Sprites/Placeholder/Enemy/enemyBullDash3Placeholder.png
  artifactKey: Guid(9e8bbfc38b5f24349ad938f1ec0c5e3b) Importer(2089858483,0ecaa5967403d082aa24f35e1b516d23)
Start importing Assets/Sprites/Placeholder/Enemy/enemyBullDash3Placeholder.png using Guid(9e8bbfc38b5f24349ad938f1ec0c5e3b) Importer(2089858483,0ecaa5967403d082aa24f35e1b516d23) Generated GUIDs only implemented for interfaces!
 -> (artifact id: 'b3f29a07cd813d95dfe75aceee74f0c7') in 0.040292 seconds
Number of updated asset objects reloaded before import = 0
Number of asset objects unloaded after import = 3
========================================================================
Received Import Request.
  Time since last request: 0.000383 seconds.
  path: Assets/Sprites/Placeholder/Enemy/enemyBullDash5Placeholder.png
  artifactKey: Guid(59292f275ef418f449b24c14aaee49f8) Importer(2089858483,0ecaa5967403d082aa24f35e1b516d23)
Start importing Assets/Sprites/Placeholder/Enemy/enemyBullDash5Placeholder.png using Guid(59292f275ef418f449b24c14aaee49f8) Importer(2089858483,0ecaa5967403d082aa24f35e1b516d23) Generated GUIDs only implemented for interfaces!
 -> (artifact id: 'fb00797ec98ccd66ced1ce342cd05114') in 0.042401 seconds
Number of updated asset objects reloaded before import = 0
Number of asset objects unloaded after import = 3
========================================================================
Received Import Request.
  Time since last request: 0.000026 seconds.
  path: Assets/Eric/Prefabs/PlayerPrefabs/Player.prefab
  artifactKey: Guid(eb2e8d6ea29c926418d4fd78f8c65938) Importer(2089858483,0ecaa5967403d082aa24f35e1b516d23)
Start importing Assets/Eric/Prefabs/PlayerPrefabs/Player.prefab using Guid(eb2e8d6ea29c926418d4fd78f8c65938) Importer(2089858483,0ecaa5967403d082aa24f35e1b516d23) Generated GUIDs only implemented for interfaces!
 -> (artifact id: 'd39e3214ebf54b4f4d2c33f0569a449a') in 0.143457 seconds
Number of updated asset objects reloaded before import = 0
Number of asset objects unloaded after import = 191
========================================================================
Received Import Request.
  Time since last request: 0.000040 seconds.
  path: Assets/Sprites/Placeholder/ColorIndicators/YellowColorburstDebuffPlaceholder.png
  artifactKey: Guid(aabbd2699f06e1c4499bd4d2ae161be7) Importer(2089858483,0ecaa5967403d082aa24f35e1b516d23)
Start importing Assets/Sprites/Placeholder/ColorIndicators/YellowColorburstDebuffPlaceholder.png using Guid(aabbd2699f06e1c4499bd4d2ae161be7) Importer(2089858483,0ecaa5967403d082aa24f35e1b516d23) Generated GUIDs only implemented for interfaces!
 -> (artifact id: '72afb20dd8366035a130bd2a4769239f') in 0.035919 seconds
Number of updated asset objects reloaded before import = 0
Number of asset objects unloaded after import = 3
========================================================================
Received Import Request.
  Time since last request: 0.102527 seconds.
  path: Assets/Sprites/PlayerSprites/ChargedAttackFramesV2/BrushTip_ChargedAttackFrame12V2.png
  artifactKey: Guid(2ed8a55d06924b547b07bf0886620cd5) Importer(2089858483,0ecaa5967403d082aa24f35e1b516d23)
Start importing Assets/Sprites/PlayerSprites/ChargedAttackFramesV2/BrushTip_ChargedAttackFrame12V2.png using Guid(2ed8a55d06924b547b07bf0886620cd5) Importer(2089858483,0ecaa5967403d082aa24f35e1b516d23) Generated GUIDs only implemented for interfaces!
 -> (artifact id: 'a8f16056221c318e5ba3c8b5680a4117') in 0.040248 seconds
Number of updated asset objects reloaded before import = 0
Number of asset objects unloaded after import = 3
========================================================================
Received Import Request.
  Time since last request: 0.000189 seconds.
  path: Assets/Sprites/PlayerSprites/RunFramesV2/BrushTip_RunFrame5V2.png
  artifactKey: Guid(0830ad8e026a56c4da783616a0b9153a) Importer(2089858483,0ecaa5967403d082aa24f35e1b516d23)
Start importing Assets/Sprites/PlayerSprites/RunFramesV2/BrushTip_RunFrame5V2.png using Guid(0830ad8e026a56c4da783616a0b9153a) Importer(2089858483,0ecaa5967403d082aa24f35e1b516d23) Generated GUIDs only implemented for interfaces!
 -> (artifact id: '3a889871cb497250cd830db8a0c7b108') in 0.046899 seconds
Number of updated asset objects reloaded before import = 0
Number of asset objects unloaded after import = 3
========================================================================
Received Import Request.
  Time since last request: 0.000594 seconds.
  path: Assets/Sprites/PlayerSprites/PlayerDeathSprites/BrushTip_DeathFrame16.png
  artifactKey: Guid(037caeb5b0b77334b86dc9df4b14b32d) Importer(2089858483,0ecaa5967403d082aa24f35e1b516d23)
Start importing Assets/Sprites/PlayerSprites/PlayerDeathSprites/BrushTip_DeathFrame16.png using Guid(037caeb5b0b77334b86dc9df4b14b32d) Importer(2089858483,0ecaa5967403d082aa24f35e1b516d23) Generated GUIDs only implemented for interfaces!
 -> (artifact id: '03e465c44a0c7fa84e0895a0f23d18f9') in 0.041743 seconds
Number of updated asset objects reloaded before import = 0
Number of asset objects unloaded after import = 3
========================================================================
Received Import Request.
  Time since last request: 0.001987 seconds.
  path: Assets/Sprites/PlayerSprites/PlayerDeathSprites/BrushTIp_DeathFrame13.png
  artifactKey: Guid(2d71650e9a511cc40bfe68a04c1add5c) Importer(2089858483,0ecaa5967403d082aa24f35e1b516d23)
Start importing Assets/Sprites/PlayerSprites/PlayerDeathSprites/BrushTIp_DeathFrame13.png using Guid(2d71650e9a511cc40bfe68a04c1add5c) Importer(2089858483,0ecaa5967403d082aa24f35e1b516d23) Generated GUIDs only implemented for interfaces!
 -> (artifact id: '609922639fcd80d59d76a0e68a6cb95f') in 0.050136 seconds
Number of updated asset objects reloaded before import = 0
Number of asset objects unloaded after import = 3
========================================================================
Received Import Request.
  Time since last request: 0.000387 seconds.
  path: Assets/Sprites/PlayerSprites/ChargedAttackFramesV2/Player_ChargedAttackFrame10V2.png
  artifactKey: Guid(c47f7537f4728d84f8043982046ab0d2) Importer(2089858483,0ecaa5967403d082aa24f35e1b516d23)
Start importing Assets/Sprites/PlayerSprites/ChargedAttackFramesV2/Player_ChargedAttackFrame10V2.png using Guid(c47f7537f4728d84f8043982046ab0d2) Importer(2089858483,0ecaa5967403d082aa24f35e1b516d23) Generated GUIDs only implemented for interfaces!
 -> (artifact id: 'e66ae37d701e4e2bbc4bb53da8753b48') in 0.041023 seconds
Number of updated asset objects reloaded before import = 0
Number of asset objects unloaded after import = 3
========================================================================
Received Import Request.
  Time since last request: 0.000022 seconds.
  path: Assets/Sprites/PlayerSprites/PlayerRunSprites/Player_RunFrame8.png
  artifactKey: Guid(0768e20bcc3dc5441accc9c97ee0a7d3) Importer(2089858483,0ecaa5967403d082aa24f35e1b516d23)
Start importing Assets/Sprites/PlayerSprites/PlayerRunSprites/Player_RunFrame8.png using Guid(0768e20bcc3dc5441accc9c97ee0a7d3) Importer(2089858483,0ecaa5967403d082aa24f35e1b516d23) Generated GUIDs only implemented for interfaces!
 -> (artifact id: '3c4749b086994b258704c6dd0d62adf3') in 0.042608 seconds
Number of updated asset objects reloaded before import = 0
Number of asset objects unloaded after import = 3
========================================================================
Received Import Request.
  Time since last request: 0.000275 seconds.
  path: Assets/Sprites/PlayerSprites/RunFramesV2/BrushTip_RunFrame2V2.png
  artifactKey: Guid(9f8c5a13b630c8c4ab6060454744b6a4) Importer(2089858483,0ecaa5967403d082aa24f35e1b516d23)
Start importing Assets/Sprites/PlayerSprites/RunFramesV2/BrushTip_RunFrame2V2.png using Guid(9f8c5a13b630c8c4ab6060454744b6a4) Importer(2089858483,0ecaa5967403d082aa24f35e1b516d23) Generated GUIDs only implemented for interfaces!
 -> (artifact id: 'a0184bd3519ca12dfc97934e9a9f3c1d') in 0.039017 seconds
Number of updated asset objects reloaded before import = 0
Number of asset objects unloaded after import = 3
========================================================================
Received Import Request.
  Time since last request: 0.000074 seconds.
  path: Assets/Sprites/PlayerSprites/ChargedAttackFramesV2/Player_ChargedAttackFrame16V2.png
  artifactKey: Guid(1b71e499b2d66ca468f02259735f7f8c) Importer(2089858483,0ecaa5967403d082aa24f35e1b516d23)
Start importing Assets/Sprites/PlayerSprites/ChargedAttackFramesV2/Player_ChargedAttackFrame16V2.png using Guid(1b71e499b2d66ca468f02259735f7f8c) Importer(2089858483,0ecaa5967403d082aa24f35e1b516d23) Generated GUIDs only implemented for interfaces!
 -> (artifact id: '8fb84de45d383039aec8993121a969d6') in 0.044722 seconds
Number of updated asset objects reloaded before import = 0
Number of asset objects unloaded after import = 3
========================================================================
Received Import Request.
  Time since last request: 0.000021 seconds.
  path: Assets/Sprites/PlayerSprites/PlayerRunSprites/BrushTip_RunFrame7.png
  artifactKey: Guid(46e292ba180516948beaadc6a3f1f9db) Importer(2089858483,0ecaa5967403d082aa24f35e1b516d23)
Start importing Assets/Sprites/PlayerSprites/PlayerRunSprites/BrushTip_RunFrame7.png using Guid(46e292ba180516948beaadc6a3f1f9db) Importer(2089858483,0ecaa5967403d082aa24f35e1b516d23) Generated GUIDs only implemented for interfaces!
 -> (artifact id: 'fd2aa5019b6ec58e2ffa6856e00b4d7e') in 0.042873 seconds
Number of updated asset objects reloaded before import = 0
Number of asset objects unloaded after import = 3
========================================================================
Received Import Request.
  Time since last request: 0.000023 seconds.
  path: Assets/Sprites/PlayerSprites/PlayerDashSprites/BrushTip_DashFrame.png
  artifactKey: Guid(73036cb6c8e529c408a05eb95a8621dd) Importer(2089858483,0ecaa5967403d082aa24f35e1b516d23)
Start importing Assets/Sprites/PlayerSprites/PlayerDashSprites/BrushTip_DashFrame.png using Guid(73036cb6c8e529c408a05eb95a8621dd) Importer(2089858483,0ecaa5967403d082aa24f35e1b516d23) Generated GUIDs only implemented for interfaces!
 -> (artifact id: '7c2104b3f8550a37f5ccd35f2f2beaf4') in 0.033990 seconds
Number of updated asset objects reloaded before import = 0
Number of asset objects unloaded after import = 3
========================================================================
Received Import Request.
  Time since last request: 0.000022 seconds.
  path: Assets/Sprites/PlayerSprites/RunFramesV3/Player_RunFrame2V3.png
  artifactKey: Guid(1b474088d0766da40a6c9bd4c84ddedf) Importer(2089858483,0ecaa5967403d082aa24f35e1b516d23)
Start importing Assets/Sprites/PlayerSprites/RunFramesV3/Player_RunFrame2V3.png using Guid(1b474088d0766da40a6c9bd4c84ddedf) Importer(2089858483,0ecaa5967403d082aa24f35e1b516d23) Generated GUIDs only implemented for interfaces!
 -> (artifact id: 'e6e01c33131265041e877946c2d9de14') in 0.057127 seconds
Number of updated asset objects reloaded before import = 0
Number of asset objects unloaded after import = 3
========================================================================
Received Import Request.
  Time since last request: 0.000342 seconds.
  path: Assets/Sprites/PlayerSprites/RunFramesV5/Player_RunFrame2V5.png
  artifactKey: Guid(c4cb666a1dafed0489ef77b921d45562) Importer(2089858483,0ecaa5967403d082aa24f35e1b516d23)
Start importing Assets/Sprites/PlayerSprites/RunFramesV5/Player_RunFrame2V5.png using Guid(c4cb666a1dafed0489ef77b921d45562) Importer(2089858483,0ecaa5967403d082aa24f35e1b516d23) Generated GUIDs only implemented for interfaces!
 -> (artifact id: '2f6e89dd372d3bd4cdb75a4d353d863d') in 0.051884 seconds
Number of updated asset objects reloaded before import = 0
Number of asset objects unloaded after import = 3
========================================================================
Received Import Request.
  Time since last request: 0.000261 seconds.
  path: Assets/Eric/Scripts/EnemyScripts/AnimatorScripts/SniperAnimationScript.cs
  artifactKey: Guid(95f90d77ba519644aaf0348751b4124e) Importer(2089858483,0ecaa5967403d082aa24f35e1b516d23)
Start importing Assets/Eric/Scripts/EnemyScripts/AnimatorScripts/SniperAnimationScript.cs using Guid(95f90d77ba519644aaf0348751b4124e) Importer(2089858483,0ecaa5967403d082aa24f35e1b516d23) Generated GUIDs only implemented for interfaces!
 -> (artifact id: 'a89ab56d87ad5921af6b7e46b5c68192') in 0.021163 seconds
Number of updated asset objects reloaded before import = 0
Number of asset objects unloaded after import = 1
========================================================================
Received Import Request.
  Time since last request: 0.000031 seconds.
  path: Assets/Sprites/PlayerSprites/RunFramesV7/Player_RunFrame7V7.png
  artifactKey: Guid(4f7b9437c2e96fc47ac62a71aec239f7) Importer(2089858483,0ecaa5967403d082aa24f35e1b516d23)
Start importing Assets/Sprites/PlayerSprites/RunFramesV7/Player_RunFrame7V7.png using Guid(4f7b9437c2e96fc47ac62a71aec239f7) Importer(2089858483,0ecaa5967403d082aa24f35e1b516d23) Generated GUIDs only implemented for interfaces!
 -> (artifact id: 'a5dc3b53a123b46214aaeac3eb1f9c73') in 0.052031 seconds
Number of updated asset objects reloaded before import = 0
Number of asset objects unloaded after import = 3
========================================================================
Received Import Request.
  Time since last request: 0.000026 seconds.
  path: Assets/Sprites/PlayerSprites/RunFramesV3/Player_RunFrame8V3.png
  artifactKey: Guid(40ce9b70c0561514ca071b9c7de413c2) Importer(2089858483,0ecaa5967403d082aa24f35e1b516d23)
Start importing Assets/Sprites/PlayerSprites/RunFramesV3/Player_RunFrame8V3.png using Guid(40ce9b70c0561514ca071b9c7de413c2) Importer(2089858483,0ecaa5967403d082aa24f35e1b516d23) Generated GUIDs only implemented for interfaces!
 -> (artifact id: 'd9ff980b3cdc7eca8a2dc00e6d11ae95') in 0.040547 seconds
Number of updated asset objects reloaded before import = 0
Number of asset objects unloaded after import = 3
========================================================================
Received Import Request.
  Time since last request: 0.000030 seconds.
  path: Assets/Stages/Stage1/Stage1_Segment7/NavMesh-NavMesh.asset
  artifactKey: Guid(40936bcd79253954a981e20abbcbc2d3) Importer(2089858483,0ecaa5967403d082aa24f35e1b516d23)
Start importing Assets/Stages/Stage1/Stage1_Segment7/NavMesh-NavMesh.asset using Guid(40936bcd79253954a981e20abbcbc2d3) Importer(2089858483,0ecaa5967403d082aa24f35e1b516d23) Generated GUIDs only implemented for interfaces!
 -> (artifact id: '0174802e8f0d4bc9108b5985c5d68833') in 0.023008 seconds
Number of updated asset objects reloaded before import = 0
Number of asset objects unloaded after import = 1
========================================================================
Received Import Request.
  Time since last request: 0.000451 seconds.
  path: Assets/TextMesh Pro/Resources/Fonts & Materials/LiberationSans SDF.asset
  artifactKey: Guid(8f586378b4e144a9851e7b34d9b748ee) Importer(2089858483,0ecaa5967403d082aa24f35e1b516d23)
Start importing Assets/TextMesh Pro/Resources/Fonts & Materials/LiberationSans SDF.asset using Guid(8f586378b4e144a9851e7b34d9b748ee) Importer(2089858483,0ecaa5967403d082aa24f35e1b516d23) Generated GUIDs only implemented for interfaces!
 -> (artifact id: 'e7dd69b93498444bb68f528a799cc959') in 0.124312 seconds
Number of updated asset objects reloaded before import = 0
Number of asset objects unloaded after import = 8
========================================================================
Received Import Request.
  Time since last request: 0.000023 seconds.
  path: Assets/Sprites/PlayerSprites/RunFramesV4/Player_RunFrame4V4.png
  artifactKey: Guid(05b36c654b5746c4f877b678cfe21550) Importer(2089858483,0ecaa5967403d082aa24f35e1b516d23)
Start importing Assets/Sprites/PlayerSprites/RunFramesV4/Player_RunFrame4V4.png using Guid(05b36c654b5746c4f877b678cfe21550) Importer(2089858483,0ecaa5967403d082aa24f35e1b516d23) Generated GUIDs only implemented for interfaces!
 -> (artifact id: 'fc427738402d6de9498f4a74cc13634b') in 0.053191 seconds
Number of updated asset objects reloaded before import = 0
Number of asset objects unloaded after import = 3
========================================================================
Received Import Request.
  Time since last request: 0.000228 seconds.
  path: Assets/Sprites/PlayerSprites/PlayerChargedAttackSprites/BrushTip_ChargedAttackFrame8.png
  artifactKey: Guid(a35fca912e9fe1648a2feb75424cfb4d) Importer(2089858483,0ecaa5967403d082aa24f35e1b516d23)
Start importing Assets/Sprites/PlayerSprites/PlayerChargedAttackSprites/BrushTip_ChargedAttackFrame8.png using Guid(a35fca912e9fe1648a2feb75424cfb4d) Importer(2089858483,0ecaa5967403d082aa24f35e1b516d23) Generated GUIDs only implemented for interfaces!
 -> (artifact id: 'ac2fa0cf1631ed603a48b8eb96bb3ca7') in 0.039872 seconds
Number of updated asset objects reloaded before import = 0
Number of asset objects unloaded after import = 3
========================================================================
Received Import Request.
  Time since last request: 0.000032 seconds.
  path: Assets/Sprites/EnemySprites/Goose/GooseDeathFrames/Goose_DeathFrame3.png
  artifactKey: Guid(6db6d5d65569d824980a11cac71c13e6) Importer(2089858483,0ecaa5967403d082aa24f35e1b516d23)
Start importing Assets/Sprites/EnemySprites/Goose/GooseDeathFrames/Goose_DeathFrame3.png using Guid(6db6d5d65569d824980a11cac71c13e6) Importer(2089858483,0ecaa5967403d082aa24f35e1b516d23) Generated GUIDs only implemented for interfaces!
 -> (artifact id: '6a13cb9b2e2052575fc07409c6dcd7ef') in 0.051573 seconds
Number of updated asset objects reloaded before import = 0
Number of asset objects unloaded after import = 3
========================================================================
Received Import Request.
  Time since last request: 0.000034 seconds.
  path: Assets/Sprites/EnemySprites/Squirrel/SquirrelDeathFrames/Squirrel_DeathFrame3.png
  artifactKey: Guid(032edf0c1e6fd50408149425816fba14) Importer(2089858483,0ecaa5967403d082aa24f35e1b516d23)
Start importing Assets/Sprites/EnemySprites/Squirrel/SquirrelDeathFrames/Squirrel_DeathFrame3.png using Guid(032edf0c1e6fd50408149425816fba14) Importer(2089858483,0ecaa5967403d082aa24f35e1b516d23) Generated GUIDs only implemented for interfaces!
 -> (artifact id: '20807e8841a8deb1ffcda8fff256f35e') in 0.042826 seconds
Number of updated asset objects reloaded before import = 0
Number of asset objects unloaded after import = 3
========================================================================
Received Import Request.
  Time since last request: 0.000193 seconds.
  path: Assets/Sprites/PlayerSprites/PlayerAttackSprites/LightAttack1/LightAttackOneFrame4PainterVariant.png
  artifactKey: Guid(b0a32d8b1d8ad874ab3d4b3dda707776) Importer(2089858483,0ecaa5967403d082aa24f35e1b516d23)
Start importing Assets/Sprites/PlayerSprites/PlayerAttackSprites/LightAttack1/LightAttackOneFrame4PainterVariant.png using Guid(b0a32d8b1d8ad874ab3d4b3dda707776) Importer(2089858483,0ecaa5967403d082aa24f35e1b516d23) Generated GUIDs only implemented for interfaces!
 -> (artifact id: 'ecc17e6b59aff45d1e32dc61b11ee928') in 0.046898 seconds
Number of updated asset objects reloaded before import = 0
Number of asset objects unloaded after import = 3
========================================================================
Received Import Request.
  Time since last request: 0.000755 seconds.
  path: Assets/Sprites/EnemySprites/Bush/BushRunFrames/Bush_RunFrame4.png
  artifactKey: Guid(48a40a4a9be9a4b40bfd0a59b129037c) Importer(2089858483,0ecaa5967403d082aa24f35e1b516d23)
Start importing Assets/Sprites/EnemySprites/Bush/BushRunFrames/Bush_RunFrame4.png using Guid(48a40a4a9be9a4b40bfd0a59b129037c) Importer(2089858483,0ecaa5967403d082aa24f35e1b516d23) Generated GUIDs only implemented for interfaces!
 -> (artifact id: '558d588f44c38b02d726bcd59ebe9c9e') in 0.042251 seconds
Number of updated asset objects reloaded before import = 0
Number of asset objects unloaded after import = 3
========================================================================
Received Import Request.
  Time since last request: 0.000026 seconds.
  path: Assets/Sprites/EnemySprites/Bush/BushAttackFrames/Bush_AttackFrame2.png
  artifactKey: Guid(100072276da59f444a97622cffd578e6) Importer(2089858483,0ecaa5967403d082aa24f35e1b516d23)
Start importing Assets/Sprites/EnemySprites/Bush/BushAttackFrames/Bush_AttackFrame2.png using Guid(100072276da59f444a97622cffd578e6) Importer(2089858483,0ecaa5967403d082aa24f35e1b516d23) Generated GUIDs only implemented for interfaces!
 -> (artifact id: 'd8d0b98b71db0ebb64c78fd94415ded9') in 0.035080 seconds
Number of updated asset objects reloaded before import = 0
Number of asset objects unloaded after import = 3
Editor requested this worker to shutdown with reason: balancing worker count downwards
TcpMessagingSession - receive error: operation aborted. errorcode: 995, details: A operação de E/S foi anulada devido a uma saída de thread ou a uma requisição de aplicativo.
AssetImportWorker is now disconnected from the server
Process exiting
Exiting without the bug reporter. Application will terminate with return code 0